[0.054s] Invoking command in '/home/sudheer/ros2_ws/build/my_robot_interfaces': CMAKE_PREFIX_PATH=${CMAKE_PREFIX_PATH}:/home/sudheer/ros2_ws/install/my_py_pkg:/opt/ros/humble /usr/bin/cmake --build /home/sudheer/ros2_ws/build/my_robot_interfaces -- -j4 -l4
[0.130s] -- Found ament_cmake: 1.3.8 (/opt/ros/humble/share/ament_cmake/cmake)
[0.558s] -- Found rosidl_default_generators: 1.2.0 (/opt/ros/humble/share/rosidl_default_generators/cmake)
[0.562s] -- Using all available rosidl_typesupport_c: rosidl_typesupport_fastrtps_c;rosidl_typesupport_introspection_c
[0.569s] -- Found rosidl_adapter: 3.1.5 (/opt/ros/humble/share/rosidl_adapter/cmake)
[0.648s] -- Using all available rosidl_typesupport_cpp: rosidl_typesupport_fastrtps_cpp;rosidl_typesupport_introspection_cpp
[1.362s] -- Found ament_cmake_ros: 0.10.0 (/opt/ros/humble/share/ament_cmake_ros/cmake)
[1.821s] -- Using all available rosidl_typesupport_c: rosidl_typesupport_fastrtps_c;rosidl_typesupport_introspection_c
[2.408s] -- Using all available rosidl_typesupport_cpp: rosidl_typesupport_fastrtps_cpp;rosidl_typesupport_introspection_cpp
[2.468s] -- Found python_cmake_module: 0.10.0 (/opt/ros/humble/share/python_cmake_module/cmake)
[2.524s] -- Using PYTHON_EXECUTABLE: /usr/bin/python3
[2.524s] -- Using PYTHON_INCLUDE_DIRS: /usr/include/python3.10
[2.524s] -- Using PYTHON_LIBRARIES: /usr/lib/x86_64-linux-gnu/libpython3.10.so
[2.569s] -- Configuring done
[2.673s] -- Generating done
[2.688s] -- Build files have been written to: /home/sudheer/ros2_ws/build/my_robot_interfaces
[2.755s] [  2%] [34m[1mGenerating C code for ROS interfaces[0m
[2.789s] [  5%] [34m[1mGenerating C++ code for ROS interfaces[0m
[2.821s] [  5%] Built target ament_cmake_python_copy_my_robot_interfaces
[3.777s] running egg_info
[3.778s] writing my_robot_interfaces.egg-info/PKG-INFO
[3.779s] writing dependency_links to my_robot_interfaces.egg-info/dependency_links.txt
[3.780s] writing top-level names to my_robot_interfaces.egg-info/top_level.txt
[3.807s] reading manifest file 'my_robot_interfaces.egg-info/SOURCES.txt'
[3.810s] writing manifest file 'my_robot_interfaces.egg-info/SOURCES.txt'
[3.968s] [  5%] Built target ament_cmake_python_build_my_robot_interfaces_egg
[4.013s] [35m[1mConsolidate compiler generated dependencies of target my_robot_interfaces__rosidl_generator_c[0m
[4.037s] [  5%] Built target my_robot_interfaces__cpp
[4.055s] [  7%] [32mBuilding C object CMakeFiles/my_robot_interfaces__rosidl_generator_c.dir/rosidl_generator_c/my_robot_interfaces/msg/detail/hardwarestatus__functions.c.o[0m
[4.069s] [ 10%] [34m[1mGenerating C++ type support for eProsima Fast-RTPS[0m
[4.072s] [ 12%] [32mBuilding C object CMakeFiles/my_robot_interfaces__rosidl_generator_c.dir/rosidl_generator_c/my_robot_interfaces/srv/detail/ciber_rato_server__functions.c.o[0m
[4.093s] [ 15%] [34m[1mGenerating C++ type support dispatch for ROS interfaces[0m
[4.235s] [ 17%] [34m[1mGenerating C++ introspection for ROS interfaces[0m
[4.301s] [ 20%] [32m[1mLinking C shared library libmy_robot_interfaces__rosidl_generator_c.so[0m
[4.651s] [ 20%] Built target my_robot_interfaces__rosidl_generator_c
[4.695s] [ 23%] [34m[1mGenerating C type support for eProsima Fast-RTPS[0m
[5.214s] [35m[1mConsolidate compiler generated dependencies of target my_robot_interfaces__rosidl_typesupport_cpp[0m
[5.267s] [ 25%] [32mBuilding CXX object CMakeFiles/my_robot_interfaces__rosidl_typesupport_cpp.dir/rosidl_typesupport_cpp/my_robot_interfaces/msg/hardwarestatus__type_support.cpp.o[0m
[5.443s] [35m[1mConsolidate compiler generated dependencies of target my_robot_interfaces__rosidl_typesupport_introspection_cpp[0m
[5.487s] [35m[1mConsolidate compiler generated dependencies of target my_robot_interfaces__rosidl_typesupport_fastrtps_cpp[0m
[5.522s] [ 28%] [32mBuilding CXX object CMakeFiles/my_robot_interfaces__rosidl_typesupport_introspection_cpp.dir/rosidl_typesupport_introspection_cpp/my_robot_interfaces/msg/detail/hardwarestatus__type_support.cpp.o[0m
[5.533s] [ 30%] [32mBuilding CXX object CMakeFiles/my_robot_interfaces__rosidl_typesupport_fastrtps_cpp.dir/rosidl_typesupport_fastrtps_cpp/my_robot_interfaces/msg/detail/dds_fastrtps/hardwarestatus__type_support.cpp.o[0m
[6.070s] [35m[1mConsolidate compiler generated dependencies of target my_robot_interfaces__rosidl_typesupport_fastrtps_c[0m
[6.172s] [ 33%] [32mBuilding CXX object CMakeFiles/my_robot_interfaces__rosidl_typesupport_fastrtps_c.dir/rosidl_typesupport_fastrtps_c/my_robot_interfaces/msg/detail/hardwarestatus__type_support_c.cpp.o[0m
[6.336s] [ 35%] [32mBuilding CXX object CMakeFiles/my_robot_interfaces__rosidl_typesupport_cpp.dir/rosidl_typesupport_cpp/my_robot_interfaces/srv/ciber_rato_server__type_support.cpp.o[0m
[7.367s] [ 38%] [32mBuilding CXX object CMakeFiles/my_robot_interfaces__rosidl_typesupport_introspection_cpp.dir/rosidl_typesupport_introspection_cpp/my_robot_interfaces/srv/detail/ciber_rato_server__type_support.cpp.o[0m
[7.378s] [ 41%] [32mBuilding CXX object CMakeFiles/my_robot_interfaces__rosidl_typesupport_fastrtps_cpp.dir/rosidl_typesupport_fastrtps_cpp/my_robot_interfaces/srv/detail/dds_fastrtps/ciber_rato_server__type_support.cpp.o[0m
[7.736s] [ 43%] [32m[1mLinking CXX shared library libmy_robot_interfaces__rosidl_typesupport_cpp.so[0m
[7.768s] [ 46%] [32mBuilding CXX object CMakeFiles/my_robot_interfaces__rosidl_typesupport_fastrtps_c.dir/rosidl_typesupport_fastrtps_c/my_robot_interfaces/srv/detail/ciber_rato_server__type_support_c.cpp.o[0m
[7.904s] [ 46%] Built target my_robot_interfaces__rosidl_typesupport_cpp
[7.944s] [ 48%] [34m[1mGenerating C introspection for ROS interfaces[0m
[8.918s] [ 51%] [32m[1mLinking CXX shared library libmy_robot_interfaces__rosidl_typesupport_introspection_cpp.so[0m
[8.976s] [ 53%] [32m[1mLinking CXX shared library libmy_robot_interfaces__rosidl_typesupport_fastrtps_cpp.so[0m
[9.238s] [ 53%] Built target my_robot_interfaces__rosidl_typesupport_introspection_cpp
[9.245s] [ 56%] [32m[1mLinking CXX shared library libmy_robot_interfaces__rosidl_typesupport_fastrtps_c.so[0m
[9.268s] [ 58%] [34m[1mGenerating C type support dispatch for ROS interfaces[0m
[9.435s] [ 58%] Built target my_robot_interfaces__rosidl_typesupport_fastrtps_cpp
[9.463s] [35m[1mConsolidate compiler generated dependencies of target my_robot_interfaces__rosidl_typesupport_introspection_c[0m
[9.511s] [ 61%] [32mBuilding C object CMakeFiles/my_robot_interfaces__rosidl_typesupport_introspection_c.dir/rosidl_typesupport_introspection_c/my_robot_interfaces/srv/detail/ciber_rato_server__type_support.c.o[0m
[9.516s] [ 64%] [32mBuilding C object CMakeFiles/my_robot_interfaces__rosidl_typesupport_introspection_c.dir/rosidl_typesupport_introspection_c/my_robot_interfaces/msg/detail/hardwarestatus__type_support.c.o[0m
[9.661s] [ 64%] Built target my_robot_interfaces__rosidl_typesupport_fastrtps_c
[9.681s] [ 66%] [32m[1mLinking C shared library libmy_robot_interfaces__rosidl_typesupport_introspection_c.so[0m
[9.790s] [ 66%] Built target my_robot_interfaces__rosidl_typesupport_introspection_c
[10.129s] [35m[1mConsolidate compiler generated dependencies of target my_robot_interfaces__rosidl_typesupport_c[0m
[10.160s] [ 69%] [32mBuilding CXX object CMakeFiles/my_robot_interfaces__rosidl_typesupport_c.dir/rosidl_typesupport_c/my_robot_interfaces/msg/hardwarestatus__type_support.cpp.o[0m
[10.161s] [ 71%] [32mBuilding CXX object CMakeFiles/my_robot_interfaces__rosidl_typesupport_c.dir/rosidl_typesupport_c/my_robot_interfaces/srv/ciber_rato_server__type_support.cpp.o[0m
[10.260s] [ 74%] [32m[1mLinking CXX shared library libmy_robot_interfaces__rosidl_typesupport_c.so[0m
[10.372s] [ 74%] Built target my_robot_interfaces__rosidl_typesupport_c
[10.432s] [ 74%] Built target my_robot_interfaces
[10.503s] [ 76%] [34m[1mGenerating Python code for ROS interfaces[0m
[11.815s] [ 76%] Built target my_robot_interfaces__py
[11.856s] [35m[1mConsolidate compiler generated dependencies of target my_robot_interfaces__rosidl_generator_py[0m
[11.904s] [ 79%] [32mBuilding C object CMakeFiles/my_robot_interfaces__rosidl_generator_py.dir/rosidl_generator_py/my_robot_interfaces/msg/_hardwarestatus_s.c.o[0m
[11.906s] [ 82%] [32mBuilding C object CMakeFiles/my_robot_interfaces__rosidl_generator_py.dir/rosidl_generator_py/my_robot_interfaces/srv/_ciber_rato_server_s.c.o[0m
[12.357s] [ 84%] [32m[1mLinking C shared library rosidl_generator_py/my_robot_interfaces/libmy_robot_interfaces__rosidl_generator_py.so[0m
[12.494s] [ 84%] Built target my_robot_interfaces__rosidl_generator_py
[12.524s] [35m[1mConsolidate compiler generated dependencies of target my_robot_interfaces__rosidl_typesupport_introspection_c__pyext[0m
[12.524s] [35m[1mConsolidate compiler generated dependencies of target my_robot_interfaces__rosidl_typesupport_fastrtps_c__pyext[0m
[12.526s] [35m[1mConsolidate compiler generated dependencies of target my_robot_interfaces__rosidl_typesupport_c__pyext[0m
[12.565s] [ 89%] [32mBuilding C object CMakeFiles/my_robot_interfaces__rosidl_typesupport_c__pyext.dir/rosidl_generator_py/my_robot_interfaces/_my_robot_interfaces_s.ep.rosidl_typesupport_c.c.o[0m
[12.565s] [ 89%] [32mBuilding C object CMakeFiles/my_robot_interfaces__rosidl_typesupport_fastrtps_c__pyext.dir/rosidl_generator_py/my_robot_interfaces/_my_robot_interfaces_s.ep.rosidl_typesupport_fastrtps_c.c.o[0m
[12.566s] [ 92%] [32mBuilding C object CMakeFiles/my_robot_interfaces__rosidl_typesupport_introspection_c__pyext.dir/rosidl_generator_py/my_robot_interfaces/_my_robot_interfaces_s.ep.rosidl_typesupport_introspection_c.c.o[0m
[12.884s] [ 94%] [32m[1mLinking C shared library rosidl_generator_py/my_robot_interfaces/my_robot_interfaces_s__rosidl_typesupport_c.cpython-310-x86_64-linux-gnu.so[0m
[12.912s] [ 97%] [32m[1mLinking C shared library rosidl_generator_py/my_robot_interfaces/my_robot_interfaces_s__rosidl_typesupport_fastrtps_c.cpython-310-x86_64-linux-gnu.so[0m
[12.914s] [100%] [32m[1mLinking C shared library rosidl_generator_py/my_robot_interfaces/my_robot_interfaces_s__rosidl_typesupport_introspection_c.cpython-310-x86_64-linux-gnu.so[0m
[13.044s] [100%] Built target my_robot_interfaces__rosidl_typesupport_c__pyext
[13.070s] [100%] Built target my_robot_interfaces__rosidl_typesupport_introspection_c__pyext
[13.070s] [100%] Built target my_robot_interfaces__rosidl_typesupport_fastrtps_c__pyext
[13.117s] Invoked command in '/home/sudheer/ros2_ws/build/my_robot_interfaces' returned '0': CMAKE_PREFIX_PATH=${CMAKE_PREFIX_PATH}:/home/sudheer/ros2_ws/install/my_py_pkg:/opt/ros/humble /usr/bin/cmake --build /home/sudheer/ros2_ws/build/my_robot_interfaces -- -j4 -l4
[13.410s] Invoking command in '/home/sudheer/ros2_ws/build/my_robot_interfaces': CMAKE_PREFIX_PATH=${CMAKE_PREFIX_PATH}:/home/sudheer/ros2_ws/install/my_py_pkg:/opt/ros/humble /usr/bin/cmake --install /home/sudheer/ros2_ws/build/my_robot_interfaces
[13.427s] -- Install configuration: ""
[13.427s] -- Installing: /home/sudheer/ros2_ws/install/my_robot_interfaces/share/ament_index/resource_index/rosidl_interfaces/my_robot_interfaces
[13.429s] -- Up-to-date: /home/sudheer/ros2_ws/install/my_robot_interfaces/include/my_robot_interfaces/my_robot_interfaces
[13.431s] -- Up-to-date: /home/sudheer/ros2_ws/install/my_robot_interfaces/include/my_robot_interfaces/my_robot_interfaces/msg
[13.433s] -- Up-to-date: /home/sudheer/ros2_ws/install/my_robot_interfaces/include/my_robot_interfaces/my_robot_interfaces/msg/rosidl_generator_c__visibility_control.h
[13.434s] -- Up-to-date: /home/sudheer/ros2_ws/install/my_robot_interfaces/include/my_robot_interfaces/my_robot_interfaces/msg/detail
[13.435s] -- Installing: /home/sudheer/ros2_ws/install/my_robot_interfaces/include/my_robot_interfaces/my_robot_interfaces/msg/detail/hardwarestatus__type_support.h
[13.437s] -- Installing: /home/sudheer/ros2_ws/install/my_robot_interfaces/include/my_robot_interfaces/my_robot_interfaces/msg/detail/hardwarestatus__struct.h
[13.437s] -- Installing: /home/sudheer/ros2_ws/install/my_robot_interfaces/include/my_robot_interfaces/my_robot_interfaces/msg/detail/hardwarestatus__functions.c
[13.438s] -- Installing: /home/sudheer/ros2_ws/install/my_robot_interfaces/include/my_robot_interfaces/my_robot_interfaces/msg/detail/hardwarestatus__functions.h
[13.438s] -- Installing: /home/sudheer/ros2_ws/install/my_robot_interfaces/include/my_robot_interfaces/my_robot_interfaces/msg/hardwarestatus.h
[13.439s] -- Up-to-date: /home/sudheer/ros2_ws/install/my_robot_interfaces/include/my_robot_interfaces/my_robot_interfaces/srv
[13.441s] -- Up-to-date: /home/sudheer/ros2_ws/install/my_robot_interfaces/include/my_robot_interfaces/my_robot_interfaces/srv/detail
[13.442s] -- Installing: /home/sudheer/ros2_ws/install/my_robot_interfaces/include/my_robot_interfaces/my_robot_interfaces/srv/detail/ciber_rato_server__functions.h
[13.443s] -- Up-to-date: /home/sudheer/ros2_ws/install/my_robot_interfaces/include/my_robot_interfaces/my_robot_interfaces/srv/detail/server__functions.h
[13.443s] -- Up-to-date: /home/sudheer/ros2_ws/install/my_robot_interfaces/include/my_robot_interfaces/my_robot_interfaces/srv/detail/server__struct.h
[13.443s] -- Installing: /home/sudheer/ros2_ws/install/my_robot_interfaces/include/my_robot_interfaces/my_robot_interfaces/srv/detail/ciber_rato_server__functions.c
[13.443s] -- Up-to-date: /home/sudheer/ros2_ws/install/my_robot_interfaces/include/my_robot_interfaces/my_robot_interfaces/srv/detail/server__functions.c
[13.444s] -- Up-to-date: /home/sudheer/ros2_ws/install/my_robot_interfaces/include/my_robot_interfaces/my_robot_interfaces/srv/detail/server__type_support.h
[13.444s] -- Installing: /home/sudheer/ros2_ws/install/my_robot_interfaces/include/my_robot_interfaces/my_robot_interfaces/srv/detail/ciber_rato_server__type_support.h
[13.444s] -- Installing: /home/sudheer/ros2_ws/install/my_robot_interfaces/include/my_robot_interfaces/my_robot_interfaces/srv/detail/ciber_rato_server__struct.h
[13.444s] -- Installing: /home/sudheer/ros2_ws/install/my_robot_interfaces/include/my_robot_interfaces/my_robot_interfaces/srv/ciber_rato_server.h
[13.445s] -- Up-to-date: /home/sudheer/ros2_ws/install/my_robot_interfaces/include/my_robot_interfaces/my_robot_interfaces/srv/server.h
[13.445s] -- Up-to-date: /home/sudheer/ros2_ws/install/my_robot_interfaces/share/my_robot_interfaces/environment/library_path.sh
[13.445s] -- Installing: /home/sudheer/ros2_ws/install/my_robot_interfaces/share/my_robot_interfaces/environment/library_path.dsv
[13.447s] -- Installing: /home/sudheer/ros2_ws/install/my_robot_interfaces/lib/libmy_robot_interfaces__rosidl_generator_c.so
[13.448s] -- Set runtime path of "/home/sudheer/ros2_ws/install/my_robot_interfaces/lib/libmy_robot_interfaces__rosidl_generator_c.so" to ""
[13.448s] -- Up-to-date: /home/sudheer/ros2_ws/install/my_robot_interfaces/include/my_robot_interfaces/my_robot_interfaces
[13.448s] -- Up-to-date: /home/sudheer/ros2_ws/install/my_robot_interfaces/include/my_robot_interfaces/my_robot_interfaces/msg
[13.448s] -- Up-to-date: /home/sudheer/ros2_ws/install/my_robot_interfaces/include/my_robot_interfaces/my_robot_interfaces/msg/detail
[13.449s] -- Installing: /home/sudheer/ros2_ws/install/my_robot_interfaces/include/my_robot_interfaces/my_robot_interfaces/msg/detail/hardwarestatus__rosidl_typesupport_fastrtps_c.h
[13.449s] -- Up-to-date: /home/sudheer/ros2_ws/install/my_robot_interfaces/include/my_robot_interfaces/my_robot_interfaces/msg/rosidl_typesupport_fastrtps_c__visibility_control.h
[13.449s] -- Up-to-date: /home/sudheer/ros2_ws/install/my_robot_interfaces/include/my_robot_interfaces/my_robot_interfaces/srv
[13.450s] -- Up-to-date: /home/sudheer/ros2_ws/install/my_robot_interfaces/include/my_robot_interfaces/my_robot_interfaces/srv/detail
[13.450s] -- Up-to-date: /home/sudheer/ros2_ws/install/my_robot_interfaces/include/my_robot_interfaces/my_robot_interfaces/srv/detail/server__rosidl_typesupport_fastrtps_c.h
[13.450s] -- Installing: /home/sudheer/ros2_ws/install/my_robot_interfaces/include/my_robot_interfaces/my_robot_interfaces/srv/detail/ciber_rato_server__rosidl_typesupport_fastrtps_c.h
[13.453s] -- Installing: /home/sudheer/ros2_ws/install/my_robot_interfaces/lib/libmy_robot_interfaces__rosidl_typesupport_fastrtps_c.so
[13.454s] -- Set runtime path of "/home/sudheer/ros2_ws/install/my_robot_interfaces/lib/libmy_robot_interfaces__rosidl_typesupport_fastrtps_c.so" to ""
[13.455s] -- Up-to-date: /home/sudheer/ros2_ws/install/my_robot_interfaces/include/my_robot_interfaces/my_robot_interfaces
[13.455s] -- Up-to-date: /home/sudheer/ros2_ws/install/my_robot_interfaces/include/my_robot_interfaces/my_robot_interfaces/msg
[13.455s] -- Up-to-date: /home/sudheer/ros2_ws/install/my_robot_interfaces/include/my_robot_interfaces/my_robot_interfaces/msg/detail
[13.456s] -- Installing: /home/sudheer/ros2_ws/install/my_robot_interfaces/include/my_robot_interfaces/my_robot_interfaces/msg/detail/hardwarestatus__rosidl_typesupport_introspection_c.h
[13.456s] -- Installing: /home/sudheer/ros2_ws/install/my_robot_interfaces/include/my_robot_interfaces/my_robot_interfaces/msg/detail/hardwarestatus__type_support.c
[13.457s] -- Up-to-date: /home/sudheer/ros2_ws/install/my_robot_interfaces/include/my_robot_interfaces/my_robot_interfaces/msg/rosidl_typesupport_introspection_c__visibility_control.h
[13.458s] -- Up-to-date: /home/sudheer/ros2_ws/install/my_robot_interfaces/include/my_robot_interfaces/my_robot_interfaces/srv
[13.459s] -- Up-to-date: /home/sudheer/ros2_ws/install/my_robot_interfaces/include/my_robot_interfaces/my_robot_interfaces/srv/detail
[13.459s] -- Installing: /home/sudheer/ros2_ws/install/my_robot_interfaces/include/my_robot_interfaces/my_robot_interfaces/srv/detail/ciber_rato_server__rosidl_typesupport_introspection_c.h
[13.459s] -- Up-to-date: /home/sudheer/ros2_ws/install/my_robot_interfaces/include/my_robot_interfaces/my_robot_interfaces/srv/detail/server__type_support.c
[13.459s] -- Installing: /home/sudheer/ros2_ws/install/my_robot_interfaces/include/my_robot_interfaces/my_robot_interfaces/srv/detail/ciber_rato_server__type_support.c
[13.460s] -- Up-to-date: /home/sudheer/ros2_ws/install/my_robot_interfaces/include/my_robot_interfaces/my_robot_interfaces/srv/detail/server__rosidl_typesupport_introspection_c.h
[13.462s] -- Installing: /home/sudheer/ros2_ws/install/my_robot_interfaces/lib/libmy_robot_interfaces__rosidl_typesupport_introspection_c.so
[13.463s] -- Set runtime path of "/home/sudheer/ros2_ws/install/my_robot_interfaces/lib/libmy_robot_interfaces__rosidl_typesupport_introspection_c.so" to ""
[13.464s] -- Installing: /home/sudheer/ros2_ws/install/my_robot_interfaces/lib/libmy_robot_interfaces__rosidl_typesupport_c.so
[13.465s] -- Set runtime path of "/home/sudheer/ros2_ws/install/my_robot_interfaces/lib/libmy_robot_interfaces__rosidl_typesupport_c.so" to ""
[13.465s] -- Up-to-date: /home/sudheer/ros2_ws/install/my_robot_interfaces/include/my_robot_interfaces/my_robot_interfaces
[13.465s] -- Up-to-date: /home/sudheer/ros2_ws/install/my_robot_interfaces/include/my_robot_interfaces/my_robot_interfaces/msg
[13.465s] -- Installing: /home/sudheer/ros2_ws/install/my_robot_interfaces/include/my_robot_interfaces/my_robot_interfaces/msg/hardwarestatus.hpp
[13.466s] -- Up-to-date: /home/sudheer/ros2_ws/install/my_robot_interfaces/include/my_robot_interfaces/my_robot_interfaces/msg/detail
[13.466s] -- Installing: /home/sudheer/ros2_ws/install/my_robot_interfaces/include/my_robot_interfaces/my_robot_interfaces/msg/detail/hardwarestatus__struct.hpp
[13.466s] -- Installing: /home/sudheer/ros2_ws/install/my_robot_interfaces/include/my_robot_interfaces/my_robot_interfaces/msg/detail/hardwarestatus__builder.hpp
[13.466s] -- Installing: /home/sudheer/ros2_ws/install/my_robot_interfaces/include/my_robot_interfaces/my_robot_interfaces/msg/detail/hardwarestatus__traits.hpp
[13.467s] -- Up-to-date: /home/sudheer/ros2_ws/install/my_robot_interfaces/include/my_robot_interfaces/my_robot_interfaces/srv
[13.467s] -- Up-to-date: /home/sudheer/ros2_ws/install/my_robot_interfaces/include/my_robot_interfaces/my_robot_interfaces/srv/detail
[13.467s] -- Installing: /home/sudheer/ros2_ws/install/my_robot_interfaces/include/my_robot_interfaces/my_robot_interfaces/srv/detail/ciber_rato_server__traits.hpp
[13.467s] -- Up-to-date: /home/sudheer/ros2_ws/install/my_robot_interfaces/include/my_robot_interfaces/my_robot_interfaces/srv/detail/server__struct.hpp
[13.467s] -- Installing: /home/sudheer/ros2_ws/install/my_robot_interfaces/include/my_robot_interfaces/my_robot_interfaces/srv/detail/ciber_rato_server__struct.hpp
[13.468s] -- Installing: /home/sudheer/ros2_ws/install/my_robot_interfaces/include/my_robot_interfaces/my_robot_interfaces/srv/detail/ciber_rato_server__builder.hpp
[13.468s] -- Up-to-date: /home/sudheer/ros2_ws/install/my_robot_interfaces/include/my_robot_interfaces/my_robot_interfaces/srv/detail/server__builder.hpp
[13.468s] -- Up-to-date: /home/sudheer/ros2_ws/install/my_robot_interfaces/include/my_robot_interfaces/my_robot_interfaces/srv/detail/server__traits.hpp
[13.469s] -- Installing: /home/sudheer/ros2_ws/install/my_robot_interfaces/include/my_robot_interfaces/my_robot_interfaces/srv/ciber_rato_server.hpp
[13.469s] -- Up-to-date: /home/sudheer/ros2_ws/install/my_robot_interfaces/include/my_robot_interfaces/my_robot_interfaces/srv/server.hpp
[13.469s] -- Up-to-date: /home/sudheer/ros2_ws/install/my_robot_interfaces/include/my_robot_interfaces/my_robot_interfaces
[13.469s] -- Up-to-date: /home/sudheer/ros2_ws/install/my_robot_interfaces/include/my_robot_interfaces/my_robot_interfaces/msg
[13.470s] -- Up-to-date: /home/sudheer/ros2_ws/install/my_robot_interfaces/include/my_robot_interfaces/my_robot_interfaces/msg/rosidl_typesupport_fastrtps_cpp__visibility_control.h
[13.470s] -- Up-to-date: /home/sudheer/ros2_ws/install/my_robot_interfaces/include/my_robot_interfaces/my_robot_interfaces/msg/detail
[13.470s] -- Up-to-date: /home/sudheer/ros2_ws/install/my_robot_interfaces/include/my_robot_interfaces/my_robot_interfaces/msg/detail/dds_fastrtps
[13.470s] -- Installing: /home/sudheer/ros2_ws/install/my_robot_interfaces/include/my_robot_interfaces/my_robot_interfaces/msg/detail/hardwarestatus__rosidl_typesupport_fastrtps_cpp.hpp
[13.470s] -- Up-to-date: /home/sudheer/ros2_ws/install/my_robot_interfaces/include/my_robot_interfaces/my_robot_interfaces/srv
[13.471s] -- Up-to-date: /home/sudheer/ros2_ws/install/my_robot_interfaces/include/my_robot_interfaces/my_robot_interfaces/srv/detail
[13.471s] -- Installing: /home/sudheer/ros2_ws/install/my_robot_interfaces/include/my_robot_interfaces/my_robot_interfaces/srv/detail/ciber_rato_server__rosidl_typesupport_fastrtps_cpp.hpp
[13.471s] -- Up-to-date: /home/sudheer/ros2_ws/install/my_robot_interfaces/include/my_robot_interfaces/my_robot_interfaces/srv/detail/dds_fastrtps
[13.471s] -- Up-to-date: /home/sudheer/ros2_ws/install/my_robot_interfaces/include/my_robot_interfaces/my_robot_interfaces/srv/detail/server__rosidl_typesupport_fastrtps_cpp.hpp
[13.472s] -- Installing: /home/sudheer/ros2_ws/install/my_robot_interfaces/lib/libmy_robot_interfaces__rosidl_typesupport_fastrtps_cpp.so
[13.472s] -- Set runtime path of "/home/sudheer/ros2_ws/install/my_robot_interfaces/lib/libmy_robot_interfaces__rosidl_typesupport_fastrtps_cpp.so" to ""
[13.473s] -- Up-to-date: /home/sudheer/ros2_ws/install/my_robot_interfaces/include/my_robot_interfaces/my_robot_interfaces
[13.473s] -- Up-to-date: /home/sudheer/ros2_ws/install/my_robot_interfaces/include/my_robot_interfaces/my_robot_interfaces/msg
[13.474s] -- Up-to-date: /home/sudheer/ros2_ws/install/my_robot_interfaces/include/my_robot_interfaces/my_robot_interfaces/msg/detail
[13.474s] -- Installing: /home/sudheer/ros2_ws/install/my_robot_interfaces/include/my_robot_interfaces/my_robot_interfaces/msg/detail/hardwarestatus__type_support.cpp
[13.474s] -- Installing: /home/sudheer/ros2_ws/install/my_robot_interfaces/include/my_robot_interfaces/my_robot_interfaces/msg/detail/hardwarestatus__rosidl_typesupport_introspection_cpp.hpp
[13.475s] -- Up-to-date: /home/sudheer/ros2_ws/install/my_robot_interfaces/include/my_robot_interfaces/my_robot_interfaces/srv
[13.475s] -- Up-to-date: /home/sudheer/ros2_ws/install/my_robot_interfaces/include/my_robot_interfaces/my_robot_interfaces/srv/detail
[13.475s] -- Up-to-date: /home/sudheer/ros2_ws/install/my_robot_interfaces/include/my_robot_interfaces/my_robot_interfaces/srv/detail/server__rosidl_typesupport_introspection_cpp.hpp
[13.475s] -- Installing: /home/sudheer/ros2_ws/install/my_robot_interfaces/include/my_robot_interfaces/my_robot_interfaces/srv/detail/ciber_rato_server__rosidl_typesupport_introspection_cpp.hpp
[13.475s] -- Installing: /home/sudheer/ros2_ws/install/my_robot_interfaces/include/my_robot_interfaces/my_robot_interfaces/srv/detail/ciber_rato_server__type_support.cpp
[13.476s] -- Up-to-date: /home/sudheer/ros2_ws/install/my_robot_interfaces/include/my_robot_interfaces/my_robot_interfaces/srv/detail/server__type_support.cpp
[13.477s] -- Installing: /home/sudheer/ros2_ws/install/my_robot_interfaces/lib/libmy_robot_interfaces__rosidl_typesupport_introspection_cpp.so
[13.478s] -- Set runtime path of "/home/sudheer/ros2_ws/install/my_robot_interfaces/lib/libmy_robot_interfaces__rosidl_typesupport_introspection_cpp.so" to ""
[13.489s] -- Installing: /home/sudheer/ros2_ws/install/my_robot_interfaces/lib/libmy_robot_interfaces__rosidl_typesupport_cpp.so
[13.489s] -- Set runtime path of "/home/sudheer/ros2_ws/install/my_robot_interfaces/lib/libmy_robot_interfaces__rosidl_typesupport_cpp.so" to ""
[13.490s] -- Up-to-date: /home/sudheer/ros2_ws/install/my_robot_interfaces/share/my_robot_interfaces/environment/pythonpath.sh
[13.490s] -- Installing: /home/sudheer/ros2_ws/install/my_robot_interfaces/share/my_robot_interfaces/environment/pythonpath.dsv
[13.491s] -- Up-to-date: /home/sudheer/ros2_ws/install/my_robot_interfaces/local/lib/python3.10/dist-packages/my_robot_interfaces-0.0.0-py3.10.egg-info
[13.491s] -- Installing: /home/sudheer/ros2_ws/install/my_robot_interfaces/local/lib/python3.10/dist-packages/my_robot_interfaces-0.0.0-py3.10.egg-info/top_level.txt
[13.491s] -- Installing: /home/sudheer/ros2_ws/install/my_robot_interfaces/local/lib/python3.10/dist-packages/my_robot_interfaces-0.0.0-py3.10.egg-info/SOURCES.txt
[13.491s] -- Installing: /home/sudheer/ros2_ws/install/my_robot_interfaces/local/lib/python3.10/dist-packages/my_robot_interfaces-0.0.0-py3.10.egg-info/PKG-INFO
[13.493s] -- Installing: /home/sudheer/ros2_ws/install/my_robot_interfaces/local/lib/python3.10/dist-packages/my_robot_interfaces-0.0.0-py3.10.egg-info/dependency_links.txt
[13.493s] -- Up-to-date: /home/sudheer/ros2_ws/install/my_robot_interfaces/local/lib/python3.10/dist-packages/my_robot_interfaces
[13.494s] -- Installing: /home/sudheer/ros2_ws/install/my_robot_interfaces/local/lib/python3.10/dist-packages/my_robot_interfaces/_my_robot_interfaces_s.ep.rosidl_typesupport_introspection_c.c
[13.494s] -- Up-to-date: /home/sudheer/ros2_ws/install/my_robot_interfaces/local/lib/python3.10/dist-packages/my_robot_interfaces/msg
[13.495s] -- Installing: /home/sudheer/ros2_ws/install/my_robot_interfaces/local/lib/python3.10/dist-packages/my_robot_interfaces/msg/_hardwarestatus.py
[13.495s] -- Installing: /home/sudheer/ros2_ws/install/my_robot_interfaces/local/lib/python3.10/dist-packages/my_robot_interfaces/msg/__init__.py
[13.496s] -- Installing: /home/sudheer/ros2_ws/install/my_robot_interfaces/local/lib/python3.10/dist-packages/my_robot_interfaces/msg/_hardwarestatus_s.c
[13.497s] -- Installing: /home/sudheer/ros2_ws/install/my_robot_interfaces/local/lib/python3.10/dist-packages/my_robot_interfaces/my_robot_interfaces_s__rosidl_typesupport_fastrtps_c.cpython-310-x86_64-linux-gnu.so
[13.497s] -- Installing: /home/sudheer/ros2_ws/install/my_robot_interfaces/local/lib/python3.10/dist-packages/my_robot_interfaces/_my_robot_interfaces_s.ep.rosidl_typesupport_c.c
[13.498s] -- Installing: /home/sudheer/ros2_ws/install/my_robot_interfaces/local/lib/python3.10/dist-packages/my_robot_interfaces/__init__.py
[13.498s] -- Installing: /home/sudheer/ros2_ws/install/my_robot_interfaces/local/lib/python3.10/dist-packages/my_robot_interfaces/my_robot_interfaces_s__rosidl_typesupport_introspection_c.cpython-310-x86_64-linux-gnu.so
[13.499s] -- Installing: /home/sudheer/ros2_ws/install/my_robot_interfaces/local/lib/python3.10/dist-packages/my_robot_interfaces/_my_robot_interfaces_s.ep.rosidl_typesupport_fastrtps_c.c
[13.500s] -- Installing: /home/sudheer/ros2_ws/install/my_robot_interfaces/local/lib/python3.10/dist-packages/my_robot_interfaces/my_robot_interfaces_s__rosidl_typesupport_c.cpython-310-x86_64-linux-gnu.so
[13.501s] -- Installing: /home/sudheer/ros2_ws/install/my_robot_interfaces/local/lib/python3.10/dist-packages/my_robot_interfaces/libmy_robot_interfaces__rosidl_generator_py.so
[13.501s] -- Up-to-date: /home/sudheer/ros2_ws/install/my_robot_interfaces/local/lib/python3.10/dist-packages/my_robot_interfaces/srv
[13.502s] -- Up-to-date: /home/sudheer/ros2_ws/install/my_robot_interfaces/local/lib/python3.10/dist-packages/my_robot_interfaces/srv/_server.py
[13.502s] -- Installing: /home/sudheer/ros2_ws/install/my_robot_interfaces/local/lib/python3.10/dist-packages/my_robot_interfaces/srv/__init__.py
[13.502s] -- Installing: /home/sudheer/ros2_ws/install/my_robot_interfaces/local/lib/python3.10/dist-packages/my_robot_interfaces/srv/_ciber_rato_server.py
[13.503s] -- Up-to-date: /home/sudheer/ros2_ws/install/my_robot_interfaces/local/lib/python3.10/dist-packages/my_robot_interfaces/srv/_server_s.c
[13.503s] -- Installing: /home/sudheer/ros2_ws/install/my_robot_interfaces/local/lib/python3.10/dist-packages/my_robot_interfaces/srv/_ciber_rato_server_s.c
[13.647s] Listing '/home/sudheer/ros2_ws/install/my_robot_interfaces/local/lib/python3.10/dist-packages/my_robot_interfaces'...
[13.648s] Compiling '/home/sudheer/ros2_ws/install/my_robot_interfaces/local/lib/python3.10/dist-packages/my_robot_interfaces/__init__.py'...
[13.648s] Listing '/home/sudheer/ros2_ws/install/my_robot_interfaces/local/lib/python3.10/dist-packages/my_robot_interfaces/msg'...
[13.648s] Compiling '/home/sudheer/ros2_ws/install/my_robot_interfaces/local/lib/python3.10/dist-packages/my_robot_interfaces/msg/__init__.py'...
[13.648s] Compiling '/home/sudheer/ros2_ws/install/my_robot_interfaces/local/lib/python3.10/dist-packages/my_robot_interfaces/msg/_hardwarestatus.py'...
[13.648s] Listing '/home/sudheer/ros2_ws/install/my_robot_interfaces/local/lib/python3.10/dist-packages/my_robot_interfaces/srv'...
[13.649s] Compiling '/home/sudheer/ros2_ws/install/my_robot_interfaces/local/lib/python3.10/dist-packages/my_robot_interfaces/srv/__init__.py'...
[13.649s] Compiling '/home/sudheer/ros2_ws/install/my_robot_interfaces/local/lib/python3.10/dist-packages/my_robot_interfaces/srv/_ciber_rato_server.py'...
[13.664s] -- Installing: /home/sudheer/ros2_ws/install/my_robot_interfaces/local/lib/python3.10/dist-packages/my_robot_interfaces/my_robot_interfaces_s__rosidl_typesupport_fastrtps_c.cpython-310-x86_64-linux-gnu.so
[13.665s] -- Set runtime path of "/home/sudheer/ros2_ws/install/my_robot_interfaces/local/lib/python3.10/dist-packages/my_robot_interfaces/my_robot_interfaces_s__rosidl_typesupport_fastrtps_c.cpython-310-x86_64-linux-gnu.so" to ""
[13.666s] -- Installing: /home/sudheer/ros2_ws/install/my_robot_interfaces/local/lib/python3.10/dist-packages/my_robot_interfaces/my_robot_interfaces_s__rosidl_typesupport_introspection_c.cpython-310-x86_64-linux-gnu.so
[13.667s] -- Set runtime path of "/home/sudheer/ros2_ws/install/my_robot_interfaces/local/lib/python3.10/dist-packages/my_robot_interfaces/my_robot_interfaces_s__rosidl_typesupport_introspection_c.cpython-310-x86_64-linux-gnu.so" to ""
[13.667s] -- Installing: /home/sudheer/ros2_ws/install/my_robot_interfaces/local/lib/python3.10/dist-packages/my_robot_interfaces/my_robot_interfaces_s__rosidl_typesupport_c.cpython-310-x86_64-linux-gnu.so
[13.669s] -- Set runtime path of "/home/sudheer/ros2_ws/install/my_robot_interfaces/local/lib/python3.10/dist-packages/my_robot_interfaces/my_robot_interfaces_s__rosidl_typesupport_c.cpython-310-x86_64-linux-gnu.so" to ""
[13.671s] -- Installing: /home/sudheer/ros2_ws/install/my_robot_interfaces/lib/libmy_robot_interfaces__rosidl_generator_py.so
[13.672s] -- Set runtime path of "/home/sudheer/ros2_ws/install/my_robot_interfaces/lib/libmy_robot_interfaces__rosidl_generator_py.so" to ""
[13.673s] -- Installing: /home/sudheer/ros2_ws/install/my_robot_interfaces/share/my_robot_interfaces/msg/Hardwarestatus.idl
[13.674s] -- Installing: /home/sudheer/ros2_ws/install/my_robot_interfaces/share/my_robot_interfaces/srv/CiberRatoServer.idl
[13.674s] -- Installing: /home/sudheer/ros2_ws/install/my_robot_interfaces/share/my_robot_interfaces/msg/Hardwarestatus.msg
[13.674s] -- Installing: /home/sudheer/ros2_ws/install/my_robot_interfaces/share/my_robot_interfaces/srv/CiberRatoServer.srv
[13.675s] -- Installing: /home/sudheer/ros2_ws/install/my_robot_interfaces/share/my_robot_interfaces/srv/CiberRatoServer_Request.msg
[13.675s] -- Installing: /home/sudheer/ros2_ws/install/my_robot_interfaces/share/my_robot_interfaces/srv/CiberRatoServer_Response.msg
[13.675s] -- Up-to-date: /home/sudheer/ros2_ws/install/my_robot_interfaces/share/ament_index/resource_index/package_run_dependencies/my_robot_interfaces
[13.676s] -- Installing: /home/sudheer/ros2_ws/install/my_robot_interfaces/share/ament_index/resource_index/parent_prefix_path/my_robot_interfaces
[13.676s] -- Up-to-date: /home/sudheer/ros2_ws/install/my_robot_interfaces/share/my_robot_interfaces/environment/ament_prefix_path.sh
[13.676s] -- Installing: /home/sudheer/ros2_ws/install/my_robot_interfaces/share/my_robot_interfaces/environment/ament_prefix_path.dsv
[13.677s] -- Up-to-date: /home/sudheer/ros2_ws/install/my_robot_interfaces/share/my_robot_interfaces/environment/path.sh
[13.677s] -- Installing: /home/sudheer/ros2_ws/install/my_robot_interfaces/share/my_robot_interfaces/environment/path.dsv
[13.677s] -- Up-to-date: /home/sudheer/ros2_ws/install/my_robot_interfaces/share/my_robot_interfaces/local_setup.bash
[13.678s] -- Up-to-date: /home/sudheer/ros2_ws/install/my_robot_interfaces/share/my_robot_interfaces/local_setup.sh
[13.678s] -- Up-to-date: /home/sudheer/ros2_ws/install/my_robot_interfaces/share/my_robot_interfaces/local_setup.zsh
[13.679s] -- Installing: /home/sudheer/ros2_ws/install/my_robot_interfaces/share/my_robot_interfaces/local_setup.dsv
[13.679s] -- Installing: /home/sudheer/ros2_ws/install/my_robot_interfaces/share/my_robot_interfaces/package.dsv
[13.683s] -- Up-to-date: /home/sudheer/ros2_ws/install/my_robot_interfaces/share/ament_index/resource_index/packages/my_robot_interfaces
[13.683s] -- Up-to-date: /home/sudheer/ros2_ws/install/my_robot_interfaces/share/my_robot_interfaces/cmake/export_my_robot_interfaces__rosidl_generator_cExport.cmake
[13.683s] -- Up-to-date: /home/sudheer/ros2_ws/install/my_robot_interfaces/share/my_robot_interfaces/cmake/export_my_robot_interfaces__rosidl_generator_cExport-noconfig.cmake
[13.690s] -- Up-to-date: /home/sudheer/ros2_ws/install/my_robot_interfaces/share/my_robot_interfaces/cmake/export_my_robot_interfaces__rosidl_typesupport_fastrtps_cExport.cmake
[13.690s] -- Up-to-date: /home/sudheer/ros2_ws/install/my_robot_interfaces/share/my_robot_interfaces/cmake/export_my_robot_interfaces__rosidl_typesupport_fastrtps_cExport-noconfig.cmake
[13.690s] -- Up-to-date: /home/sudheer/ros2_ws/install/my_robot_interfaces/share/my_robot_interfaces/cmake/my_robot_interfaces__rosidl_typesupport_introspection_cExport.cmake
[13.690s] -- Up-to-date: /home/sudheer/ros2_ws/install/my_robot_interfaces/share/my_robot_interfaces/cmake/my_robot_interfaces__rosidl_typesupport_introspection_cExport-noconfig.cmake
[13.701s] -- Up-to-date: /home/sudheer/ros2_ws/install/my_robot_interfaces/share/my_robot_interfaces/cmake/my_robot_interfaces__rosidl_typesupport_cExport.cmake
[13.702s] -- Up-to-date: /home/sudheer/ros2_ws/install/my_robot_interfaces/share/my_robot_interfaces/cmake/my_robot_interfaces__rosidl_typesupport_cExport-noconfig.cmake
[13.703s] -- Up-to-date: /home/sudheer/ros2_ws/install/my_robot_interfaces/share/my_robot_interfaces/cmake/export_my_robot_interfaces__rosidl_generator_cppExport.cmake
[13.708s] -- Up-to-date: /home/sudheer/ros2_ws/install/my_robot_interfaces/share/my_robot_interfaces/cmake/export_my_robot_interfaces__rosidl_typesupport_fastrtps_cppExport.cmake
[13.709s] -- Up-to-date: /home/sudheer/ros2_ws/install/my_robot_interfaces/share/my_robot_interfaces/cmake/export_my_robot_interfaces__rosidl_typesupport_fastrtps_cppExport-noconfig.cmake
[13.710s] -- Up-to-date: /home/sudheer/ros2_ws/install/my_robot_interfaces/share/my_robot_interfaces/cmake/my_robot_interfaces__rosidl_typesupport_introspection_cppExport.cmake
[13.711s] -- Up-to-date: /home/sudheer/ros2_ws/install/my_robot_interfaces/share/my_robot_interfaces/cmake/my_robot_interfaces__rosidl_typesupport_introspection_cppExport-noconfig.cmake
[13.712s] -- Up-to-date: /home/sudheer/ros2_ws/install/my_robot_interfaces/share/my_robot_interfaces/cmake/my_robot_interfaces__rosidl_typesupport_cppExport.cmake
[13.712s] -- Up-to-date: /home/sudheer/ros2_ws/install/my_robot_interfaces/share/my_robot_interfaces/cmake/my_robot_interfaces__rosidl_typesupport_cppExport-noconfig.cmake
[13.714s] -- Up-to-date: /home/sudheer/ros2_ws/install/my_robot_interfaces/share/my_robot_interfaces/cmake/export_my_robot_interfaces__rosidl_generator_pyExport.cmake
[13.715s] -- Up-to-date: /home/sudheer/ros2_ws/install/my_robot_interfaces/share/my_robot_interfaces/cmake/export_my_robot_interfaces__rosidl_generator_pyExport-noconfig.cmake
[13.715s] -- Installing: /home/sudheer/ros2_ws/install/my_robot_interfaces/share/my_robot_interfaces/cmake/rosidl_cmake-extras.cmake
[13.716s] -- Up-to-date: /home/sudheer/ros2_ws/install/my_robot_interfaces/share/my_robot_interfaces/cmake/ament_cmake_export_include_directories-extras.cmake
[13.717s] -- Up-to-date: /home/sudheer/ros2_ws/install/my_robot_interfaces/share/my_robot_interfaces/cmake/ament_cmake_export_libraries-extras.cmake
[13.718s] -- Up-to-date: /home/sudheer/ros2_ws/install/my_robot_interfaces/share/my_robot_interfaces/cmake/ament_cmake_export_targets-extras.cmake
[13.718s] -- Up-to-date: /home/sudheer/ros2_ws/install/my_robot_interfaces/share/my_robot_interfaces/cmake/rosidl_cmake_export_typesupport_targets-extras.cmake
[13.718s] -- Up-to-date: /home/sudheer/ros2_ws/install/my_robot_interfaces/share/my_robot_interfaces/cmake/ament_cmake_export_dependencies-extras.cmake
[13.718s] -- Up-to-date: /home/sudheer/ros2_ws/install/my_robot_interfaces/share/my_robot_interfaces/cmake/rosidl_cmake_export_typesupport_libraries-extras.cmake
[13.718s] -- Up-to-date: /home/sudheer/ros2_ws/install/my_robot_interfaces/share/my_robot_interfaces/cmake/my_robot_interfacesConfig.cmake
[13.718s] -- Up-to-date: /home/sudheer/ros2_ws/install/my_robot_interfaces/share/my_robot_interfaces/cmake/my_robot_interfacesConfig-version.cmake
[13.718s] -- Up-to-date: /home/sudheer/ros2_ws/install/my_robot_interfaces/share/my_robot_interfaces/package.xml
[13.724s] Invoked command in '/home/sudheer/ros2_ws/build/my_robot_interfaces' returned '0': CMAKE_PREFIX_PATH=${CMAKE_PREFIX_PATH}:/home/sudheer/ros2_ws/install/my_py_pkg:/opt/ros/humble /usr/bin/cmake --install /home/sudheer/ros2_ws/build/my_robot_interfaces
