[0.725s] DEBUG:colcon:Command line arguments: ['/usr/bin/colcon', 'build', '--packages-select', 'my_py_pkg']
[0.726s] DEBUG:colcon:Parsed command line arguments: Namespace(log_base=None, log_level=None, verb_name='build', build_base='build', install_base='install', merge_install=False, symlink_install=False, test_result_base=None, continue_on_error=False, executor='parallel', parallel_workers=4, event_handlers=None, ignore_user_meta=False, metas=['./colcon.meta'], base_paths=['.'], packages_ignore=None, packages_ignore_regex=None, paths=None, packages_up_to=None, packages_up_to_regex=None, packages_above=None, packages_above_and_dependencies=None, packages_above_depth=None, packages_select_by_dep=None, packages_skip_by_dep=None, packages_skip_up_to=None, packages_select_build_failed=False, packages_skip_build_finished=False, packages_select_test_failures=False, packages_skip_test_passed=False, packages_select=['my_py_pkg'], packages_skip=None, packages_select_regex=None, packages_skip_regex=None, packages_start=None, packages_end=None, allow_overriding=[], cmake_args=None, cmake_target=None, cmake_target_skip_unavailable=False, cmake_clean_cache=False, cmake_clean_first=False, cmake_force_configure=False, ament_cmake_args=None, catkin_cmake_args=None, catkin_skip_building_tests=False, verb_parser=<colcon_defaults.argument_parser.defaults.DefaultArgumentsDecorator object at 0x75ea98a303d0>, verb_extension=<colcon_core.verb.build.BuildVerb object at 0x75ea98bef580>, main=<bound method BuildVerb.main of <colcon_core.verb.build.BuildVerb object at 0x75ea98bef580>>)
[1.571s] Level 1:colcon.colcon_core.package_discovery:discover_packages(colcon_meta) check parameters
[1.572s] Level 1:colcon.colcon_core.package_discovery:discover_packages(recursive) check parameters
[1.572s] Level 1:colcon.colcon_core.package_discovery:discover_packages(ignore) check parameters
[1.572s] Level 1:colcon.colcon_core.package_discovery:discover_packages(path) check parameters
[1.572s] Level 1:colcon.colcon_core.package_discovery:discover_packages(colcon_meta) discover
[1.572s] Level 1:colcon.colcon_core.package_discovery:discover_packages(recursive) discover
[1.572s] INFO:colcon.colcon_core.package_discovery:Crawling recursively for packages in '/home/sudheer/ros2_ws'
[1.572s] Level 1:colcon.colcon_core.package_identification:_identify(.) by extensions ['ignore', 'ignore_ament_install']
[1.573s] Level 1:colcon.colcon_core.package_identification:_identify(.) by extension 'ignore'
[1.573s] Level 1:colcon.colcon_core.package_identification:_identify(.) by extension 'ignore_ament_install'
[1.573s] Level 1:colcon.colcon_core.package_identification:_identify(.) by extensions ['colcon_pkg']
[1.573s] Level 1:colcon.colcon_core.package_identification:_identify(.) by extension 'colcon_pkg'
[1.573s] Level 1:colcon.colcon_core.package_identification:_identify(.) by extensions ['colcon_meta']
[1.573s] Level 1:colcon.colcon_core.package_identification:_identify(.) by extension 'colcon_meta'
[1.573s] Level 1:colcon.colcon_core.package_identification:_identify(.) by extensions ['ros']
[1.573s] Level 1:colcon.colcon_core.package_identification:_identify(.) by extension 'ros'
[1.649s] Level 1:colcon.colcon_core.package_identification:_identify(.) by extensions ['cmake', 'python']
[1.649s] Level 1:colcon.colcon_core.package_identification:_identify(.) by extension 'cmake'
[1.649s] Level 1:colcon.colcon_core.package_identification:_identify(.) by extension 'python'
[1.649s] Level 1:colcon.colcon_core.package_identification:_identify(.) by extensions ['python_setup_py']
[1.649s] Level 1:colcon.colcon_core.package_identification:_identify(.) by extension 'python_setup_py'
[1.651s] Level 1:colcon.colcon_core.package_identification:_identify(build) by extensions ['ignore', 'ignore_ament_install']
[1.652s] Level 1:colcon.colcon_core.package_identification:_identify(build) by extension 'ignore'
[1.653s] Level 1:colcon.colcon_core.package_identification:_identify(build) ignored
[1.655s] Level 1:colcon.colcon_core.package_identification:_identify(install) by extensions ['ignore', 'ignore_ament_install']
[1.656s] Level 1:colcon.colcon_core.package_identification:_identify(install) by extension 'ignore'
[1.656s] Level 1:colcon.colcon_core.package_identification:_identify(install) ignored
[1.657s] Level 1:colcon.colcon_core.package_identification:_identify(log) by extensions ['ignore', 'ignore_ament_install']
[1.657s] Level 1:colcon.colcon_core.package_identification:_identify(log) by extension 'ignore'
[1.657s] Level 1:colcon.colcon_core.package_identification:_identify(log) ignored
[1.658s] Level 1:colcon.colcon_core.package_identification:_identify(src) by extensions ['ignore', 'ignore_ament_install']
[1.658s] Level 1:colcon.colcon_core.package_identification:_identify(src) by extension 'ignore'
[1.658s] Level 1:colcon.colcon_core.package_identification:_identify(src) by extension 'ignore_ament_install'
[1.658s] Level 1:colcon.colcon_core.package_identification:_identify(src) by extensions ['colcon_pkg']
[1.658s] Level 1:colcon.colcon_core.package_identification:_identify(src) by extension 'colcon_pkg'
[1.658s] Level 1:colcon.colcon_core.package_identification:_identify(src) by extensions ['colcon_meta']
[1.659s] Level 1:colcon.colcon_core.package_identification:_identify(src) by extension 'colcon_meta'
[1.659s] Level 1:colcon.colcon_core.package_identification:_identify(src) by extensions ['ros']
[1.659s] Level 1:colcon.colcon_core.package_identification:_identify(src) by extension 'ros'
[1.659s] Level 1:colcon.colcon_core.package_identification:_identify(src) by extensions ['cmake', 'python']
[1.659s] Level 1:colcon.colcon_core.package_identification:_identify(src) by extension 'cmake'
[1.659s] Level 1:colcon.colcon_core.package_identification:_identify(src) by extension 'python'
[1.659s] Level 1:colcon.colcon_core.package_identification:_identify(src) by extensions ['python_setup_py']
[1.659s] Level 1:colcon.colcon_core.package_identification:_identify(src) by extension 'python_setup_py'
[1.660s] Level 1:colcon.colcon_core.package_identification:_identify(src/my_py_pkg) by extensions ['ignore', 'ignore_ament_install']
[1.660s] Level 1:colcon.colcon_core.package_identification:_identify(src/my_py_pkg) by extension 'ignore'
[1.661s] Level 1:colcon.colcon_core.package_identification:_identify(src/my_py_pkg) by extension 'ignore_ament_install'
[1.661s] Level 1:colcon.colcon_core.package_identification:_identify(src/my_py_pkg) by extensions ['colcon_pkg']
[1.661s] Level 1:colcon.colcon_core.package_identification:_identify(src/my_py_pkg) by extension 'colcon_pkg'
[1.661s] Level 1:colcon.colcon_core.package_identification:_identify(src/my_py_pkg) by extensions ['colcon_meta']
[1.662s] Level 1:colcon.colcon_core.package_identification:_identify(src/my_py_pkg) by extension 'colcon_meta'
[1.662s] Level 1:colcon.colcon_core.package_identification:_identify(src/my_py_pkg) by extensions ['ros']
[1.662s] Level 1:colcon.colcon_core.package_identification:_identify(src/my_py_pkg) by extension 'ros'
[1.675s] DEBUG:colcon.colcon_core.package_identification:Package 'src/my_py_pkg' with type 'ros.ament_python' and name 'my_py_pkg'
[1.675s] Level 1:colcon.colcon_core.package_identification:_identify(src/my_robot_interfaces) by extensions ['ignore', 'ignore_ament_install']
[1.676s] Level 1:colcon.colcon_core.package_identification:_identify(src/my_robot_interfaces) by extension 'ignore'
[1.677s] Level 1:colcon.colcon_core.package_identification:_identify(src/my_robot_interfaces) by extension 'ignore_ament_install'
[1.677s] Level 1:colcon.colcon_core.package_identification:_identify(src/my_robot_interfaces) by extensions ['colcon_pkg']
[1.677s] Level 1:colcon.colcon_core.package_identification:_identify(src/my_robot_interfaces) by extension 'colcon_pkg'
[1.677s] Level 1:colcon.colcon_core.package_identification:_identify(src/my_robot_interfaces) by extensions ['colcon_meta']
[1.677s] Level 1:colcon.colcon_core.package_identification:_identify(src/my_robot_interfaces) by extension 'colcon_meta'
[1.677s] Level 1:colcon.colcon_core.package_identification:_identify(src/my_robot_interfaces) by extensions ['ros']
[1.677s] Level 1:colcon.colcon_core.package_identification:_identify(src/my_robot_interfaces) by extension 'ros'
[1.680s] DEBUG:colcon.colcon_core.package_identification:Package 'src/my_robot_interfaces' with type 'ros.ament_cmake' and name 'my_robot_interfaces'
[1.681s] Level 1:colcon.colcon_core.package_discovery:discover_packages(recursive) using defaults
[1.681s] Level 1:colcon.colcon_core.package_discovery:discover_packages(ignore) discover
[1.681s] Level 1:colcon.colcon_core.package_discovery:discover_packages(ignore) using defaults
[1.681s] Level 1:colcon.colcon_core.package_discovery:discover_packages(path) discover
[1.681s] Level 1:colcon.colcon_core.package_discovery:discover_packages(path) using defaults
[1.826s] INFO:colcon.colcon_core.package_selection:Skipping not selected package 'my_robot_interfaces' in 'src/my_robot_interfaces'
[1.832s] Level 1:colcon.colcon_core.package_discovery:discover_packages(prefix_path) check parameters
[1.832s] Level 1:colcon.colcon_core.package_discovery:discover_packages(prefix_path) discover
[1.858s] DEBUG:colcon.colcon_installed_package_information.package_discovery:Found 2 installed packages in /home/sudheer/ros2_ws/install
[1.865s] DEBUG:colcon.colcon_installed_package_information.package_discovery:Found 270 installed packages in /opt/ros/humble
[1.871s] Level 1:colcon.colcon_core.package_discovery:discover_packages(prefix_path) using defaults
[2.165s] Level 5:colcon.colcon_core.verb:set package 'my_py_pkg' build argument 'cmake_args' from command line to 'None'
[2.165s] Level 5:colcon.colcon_core.verb:set package 'my_py_pkg' build argument 'cmake_target' from command line to 'None'
[2.166s] Level 5:colcon.colcon_core.verb:set package 'my_py_pkg' build argument 'cmake_target_skip_unavailable' from command line to 'False'
[2.166s] Level 5:colcon.colcon_core.verb:set package 'my_py_pkg' build argument 'cmake_clean_cache' from command line to 'False'
[2.166s] Level 5:colcon.colcon_core.verb:set package 'my_py_pkg' build argument 'cmake_clean_first' from command line to 'False'
[2.166s] Level 5:colcon.colcon_core.verb:set package 'my_py_pkg' build argument 'cmake_force_configure' from command line to 'False'
[2.166s] Level 5:colcon.colcon_core.verb:set package 'my_py_pkg' build argument 'ament_cmake_args' from command line to 'None'
[2.166s] Level 5:colcon.colcon_core.verb:set package 'my_py_pkg' build argument 'catkin_cmake_args' from command line to 'None'
[2.166s] Level 5:colcon.colcon_core.verb:set package 'my_py_pkg' build argument 'catkin_skip_building_tests' from command line to 'False'
[2.166s] DEBUG:colcon.colcon_core.verb:Building package 'my_py_pkg' with the following arguments: {'ament_cmake_args': None, 'build_base': '/home/sudheer/ros2_ws/build/my_py_pkg', 'catkin_cmake_args': None, 'catkin_skip_building_tests': False, 'cmake_args': None, 'cmake_clean_cache': False, 'cmake_clean_first': False, 'cmake_force_configure': False, 'cmake_target': None, 'cmake_target_skip_unavailable': False, 'install_base': '/home/sudheer/ros2_ws/install/my_py_pkg', 'merge_install': False, 'path': '/home/sudheer/ros2_ws/src/my_py_pkg', 'symlink_install': False, 'test_result_base': None}
[2.167s] INFO:colcon.colcon_core.executor:Executing jobs using 'parallel' executor
[2.171s] DEBUG:colcon.colcon_parallel_executor.executor.parallel:run_until_complete
[2.172s] INFO:colcon.colcon_ros.task.ament_python.build:Building ROS package in '/home/sudheer/ros2_ws/src/my_py_pkg' with build type 'ament_python'
[2.172s] Level 1:colcon.colcon_core.shell:create_environment_hook('my_py_pkg', 'ament_prefix_path')
[2.200s] INFO:colcon.colcon_core.plugin_system:Skipping extension 'colcon_core.shell.bat': Not used on non-Windows systems
[2.200s] INFO:colcon.colcon_core.shell:Creating environment hook '/home/sudheer/ros2_ws/install/my_py_pkg/share/my_py_pkg/hook/ament_prefix_path.ps1'
[2.213s] INFO:colcon.colcon_core.shell:Creating environment descriptor '/home/sudheer/ros2_ws/install/my_py_pkg/share/my_py_pkg/hook/ament_prefix_path.dsv'
[2.217s] INFO:colcon.colcon_core.shell:Creating environment hook '/home/sudheer/ros2_ws/install/my_py_pkg/share/my_py_pkg/hook/ament_prefix_path.sh'
[2.222s] INFO:colcon.colcon_core.shell:Skip shell extension 'powershell' for command environment: Not usable outside of PowerShell
[2.222s] DEBUG:colcon.colcon_core.shell:Skip shell extension 'dsv' for command environment
[3.524s] INFO:colcon.colcon_core.task.python.build:Building Python package in '/home/sudheer/ros2_ws/src/my_py_pkg'
[3.525s] INFO:colcon.colcon_core.shell:Skip shell extension 'powershell' for command environment: Not usable outside of PowerShell
[3.525s] DEBUG:colcon.colcon_core.shell:Skip shell extension 'dsv' for command environment
[5.120s] DEBUG:colcon.colcon_core.event_handler.log_command:Invoking command in '/home/sudheer/ros2_ws/src/my_py_pkg': PYTHONPATH=/home/sudheer/ros2_ws/build/my_py_pkg/prefix_override:/home/sudheer/ros2_ws/install/my_py_pkg/lib/python3.10/site-packages:${PYTHONPATH} /usr/bin/python3 -W ignore:setup.py install is deprecated setup.py egg_info --egg-base ../../build/my_py_pkg build --build-base /home/sudheer/ros2_ws/build/my_py_pkg/build install --record /home/sudheer/ros2_ws/build/my_py_pkg/install.log --single-version-externally-managed install_data
[6.576s] DEBUG:colcon.colcon_core.event_handler.log_command:Invoked command in '/home/sudheer/ros2_ws/src/my_py_pkg' returned '0': PYTHONPATH=/home/sudheer/ros2_ws/build/my_py_pkg/prefix_override:/home/sudheer/ros2_ws/install/my_py_pkg/lib/python3.10/site-packages:${PYTHONPATH} /usr/bin/python3 -W ignore:setup.py install is deprecated setup.py egg_info --egg-base ../../build/my_py_pkg build --build-base /home/sudheer/ros2_ws/build/my_py_pkg/build install --record /home/sudheer/ros2_ws/build/my_py_pkg/install.log --single-version-externally-managed install_data
[6.611s] Level 1:colcon.colcon_core.environment:checking '/home/sudheer/ros2_ws/install/my_py_pkg' for CMake module files
[6.616s] Level 1:colcon.colcon_core.environment:checking '/home/sudheer/ros2_ws/install/my_py_pkg' for CMake config files
[6.625s] Level 1:colcon.colcon_core.environment:checking '/home/sudheer/ros2_ws/install/my_py_pkg/lib'
[6.625s] Level 1:colcon.colcon_core.environment:checking '/home/sudheer/ros2_ws/install/my_py_pkg/bin'
[6.625s] Level 1:colcon.colcon_core.environment:checking '/home/sudheer/ros2_ws/install/my_py_pkg/lib/pkgconfig/my_py_pkg.pc'
[6.626s] Level 1:colcon.colcon_core.environment:checking '/home/sudheer/ros2_ws/install/my_py_pkg/lib/python3.10/site-packages'
[6.627s] Level 1:colcon.colcon_core.shell:create_environment_hook('my_py_pkg', 'pythonpath')
[6.628s] INFO:colcon.colcon_core.shell:Creating environment hook '/home/sudheer/ros2_ws/install/my_py_pkg/share/my_py_pkg/hook/pythonpath.ps1'
[6.630s] INFO:colcon.colcon_core.shell:Creating environment descriptor '/home/sudheer/ros2_ws/install/my_py_pkg/share/my_py_pkg/hook/pythonpath.dsv'
[6.633s] INFO:colcon.colcon_core.shell:Creating environment hook '/home/sudheer/ros2_ws/install/my_py_pkg/share/my_py_pkg/hook/pythonpath.sh'
[6.637s] Level 1:colcon.colcon_core.environment:checking '/home/sudheer/ros2_ws/install/my_py_pkg/bin'
[6.638s] Level 1:colcon.colcon_core.environment:create_environment_scripts_only(my_py_pkg)
[6.638s] INFO:colcon.colcon_core.shell:Creating package script '/home/sudheer/ros2_ws/install/my_py_pkg/share/my_py_pkg/package.ps1'
[6.642s] INFO:colcon.colcon_core.shell:Creating package descriptor '/home/sudheer/ros2_ws/install/my_py_pkg/share/my_py_pkg/package.dsv'
[6.645s] INFO:colcon.colcon_core.shell:Creating package script '/home/sudheer/ros2_ws/install/my_py_pkg/share/my_py_pkg/package.sh'
[6.651s] INFO:colcon.colcon_core.shell:Creating package script '/home/sudheer/ros2_ws/install/my_py_pkg/share/my_py_pkg/package.bash'
[6.655s] INFO:colcon.colcon_core.shell:Creating package script '/home/sudheer/ros2_ws/install/my_py_pkg/share/my_py_pkg/package.zsh'
[6.660s] Level 1:colcon.colcon_core.environment:create_file_with_runtime_dependencies(/home/sudheer/ros2_ws/install/my_py_pkg/share/colcon-core/packages/my_py_pkg)
[6.662s] DEBUG:colcon.colcon_parallel_executor.executor.parallel:closing loop
[6.664s] DEBUG:colcon.colcon_parallel_executor.executor.parallel:loop closed
[6.664s] DEBUG:colcon.colcon_parallel_executor.executor.parallel:run_until_complete finished with '0'
[6.664s] DEBUG:colcon.colcon_core.event_reactor:joining thread
[6.737s] INFO:colcon.colcon_core.plugin_system:Skipping extension 'colcon_notification.desktop_notification.terminal_notifier': Not used on non-Darwin systems
[6.738s] INFO:colcon.colcon_core.plugin_system:Skipping extension 'colcon_notification.desktop_notification.win32': Not used on non-Windows systems
[6.739s] INFO:colcon.colcon_notification.desktop_notification:Sending desktop notification using 'notify2'
[6.822s] DEBUG:colcon.colcon_core.event_reactor:joined thread
[6.824s] INFO:colcon.colcon_core.shell:Creating prefix script '/home/sudheer/ros2_ws/install/local_setup.ps1'
[6.830s] INFO:colcon.colcon_core.shell:Creating prefix util module '/home/sudheer/ros2_ws/install/_local_setup_util_ps1.py'
[6.836s] INFO:colcon.colcon_core.shell:Creating prefix chain script '/home/sudheer/ros2_ws/install/setup.ps1'
[6.841s] INFO:colcon.colcon_core.shell:Creating prefix script '/home/sudheer/ros2_ws/install/local_setup.sh'
[6.846s] INFO:colcon.colcon_core.shell:Creating prefix util module '/home/sudheer/ros2_ws/install/_local_setup_util_sh.py'
[6.849s] INFO:colcon.colcon_core.shell:Creating prefix chain script '/home/sudheer/ros2_ws/install/setup.sh'
[6.856s] INFO:colcon.colcon_core.shell:Creating prefix script '/home/sudheer/ros2_ws/install/local_setup.bash'
[6.859s] INFO:colcon.colcon_core.shell:Creating prefix chain script '/home/sudheer/ros2_ws/install/setup.bash'
[6.866s] INFO:colcon.colcon_core.shell:Creating prefix script '/home/sudheer/ros2_ws/install/local_setup.zsh'
[6.881s] INFO:colcon.colcon_core.shell:Creating prefix chain script '/home/sudheer/ros2_ws/install/setup.zsh'
