[0.053s] Invoking command in '/home/sudheer/ros2_ws/build/my_robot_interfaces': CMAKE_PREFIX_PATH=${CMAKE_PREFIX_PATH}:/home/sudheer/ros2_ws/install/my_py_pkg:/opt/ros/humble /usr/bin/cmake --build /home/sudheer/ros2_ws/build/my_robot_interfaces -- -j4 -l4
[0.179s] -- Found ament_cmake: 1.3.8 (/opt/ros/humble/share/ament_cmake/cmake)
[0.673s] -- Found rosidl_default_generators: 1.2.0 (/opt/ros/humble/share/rosidl_default_generators/cmake)
[0.687s] -- Using all available rosidl_typesupport_c: rosidl_typesupport_fastrtps_c;rosidl_typesupport_introspection_c
[0.701s] -- Found rosidl_adapter: 3.1.5 (/opt/ros/humble/share/rosidl_adapter/cmake)
[0.881s] -- Using all available rosidl_typesupport_cpp: rosidl_typesupport_fastrtps_cpp;rosidl_typesupport_introspection_cpp
[1.874s] -- Found ament_cmake_ros: 0.10.0 (/opt/ros/humble/share/ament_cmake_ros/cmake)
[2.414s] -- Using all available rosidl_typesupport_c: rosidl_typesupport_fastrtps_c;rosidl_typesupport_introspection_c
[3.139s] -- Using all available rosidl_typesupport_cpp: rosidl_typesupport_fastrtps_cpp;rosidl_typesupport_introspection_cpp
[3.200s] -- Found python_cmake_module: 0.10.0 (/opt/ros/humble/share/python_cmake_module/cmake)
[3.275s] -- Using PYTHON_EXECUTABLE: /usr/bin/python3
[3.275s] -- Using PYTHON_INCLUDE_DIRS: /usr/include/python3.10
[3.275s] -- Using PYTHON_LIBRARIES: /usr/lib/x86_64-linux-gnu/libpython3.10.so
[3.354s] -- Configuring done
[3.488s] -- Generating done
[3.499s] -- Build files have been written to: /home/sudheer/ros2_ws/build/my_robot_interfaces
[3.572s] [  2%] [34m[1mGenerating C code for ROS interfaces[0m
[3.605s] [  5%] [34m[1mGenerating C++ code for ROS interfaces[0m
[3.656s] [  5%] Built target ament_cmake_python_copy_my_robot_interfaces
[4.746s] running egg_info
[4.748s] writing my_robot_interfaces.egg-info/PKG-INFO
[4.749s] writing dependency_links to my_robot_interfaces.egg-info/dependency_links.txt
[4.749s] writing top-level names to my_robot_interfaces.egg-info/top_level.txt
[4.759s] reading manifest file 'my_robot_interfaces.egg-info/SOURCES.txt'
[4.759s] writing manifest file 'my_robot_interfaces.egg-info/SOURCES.txt'
[4.931s] [  5%] Built target ament_cmake_python_build_my_robot_interfaces_egg
[5.023s] [  5%] Built target my_robot_interfaces__cpp
[5.061s] [  7%] [34m[1mGenerating C++ type support dispatch for ROS interfaces[0m
[5.066s] [35m[1mConsolidate compiler generated dependencies of target my_robot_interfaces__rosidl_generator_c[0m
[5.077s] [ 10%] [34m[1mGenerating C++ type support for eProsima Fast-RTPS[0m
[5.081s] [ 12%] [34m[1mGenerating C++ introspection for ROS interfaces[0m
[5.131s] [ 15%] [32mBuilding C object CMakeFiles/my_robot_interfaces__rosidl_generator_c.dir/rosidl_generator_c/my_robot_interfaces/msg/detail/hardwarestatus__functions.c.o[0m
[5.357s] [ 17%] [32mBuilding C object CMakeFiles/my_robot_interfaces__rosidl_generator_c.dir/rosidl_generator_c/my_robot_interfaces/srv/detail/ciber_rato_server__functions.c.o[0m
[5.689s] [ 20%] [32m[1mLinking C shared library libmy_robot_interfaces__rosidl_generator_c.so[0m
[5.855s] [ 20%] Built target my_robot_interfaces__rosidl_generator_c
[5.902s] [ 23%] [34m[1mGenerating C type support for eProsima Fast-RTPS[0m
[6.116s] [35m[1mConsolidate compiler generated dependencies of target my_robot_interfaces__rosidl_typesupport_cpp[0m
[6.187s] [ 25%] [32mBuilding CXX object CMakeFiles/my_robot_interfaces__rosidl_typesupport_cpp.dir/rosidl_typesupport_cpp/my_robot_interfaces/msg/hardwarestatus__type_support.cpp.o[0m
[6.353s] [35m[1mConsolidate compiler generated dependencies of target my_robot_interfaces__rosidl_typesupport_introspection_cpp[0m
[6.406s] [ 28%] [32mBuilding CXX object CMakeFiles/my_robot_interfaces__rosidl_typesupport_introspection_cpp.dir/rosidl_typesupport_introspection_cpp/my_robot_interfaces/msg/detail/hardwarestatus__type_support.cpp.o[0m
[6.534s] [35m[1mConsolidate compiler generated dependencies of target my_robot_interfaces__rosidl_typesupport_fastrtps_cpp[0m
[6.589s] [ 30%] [32mBuilding CXX object CMakeFiles/my_robot_interfaces__rosidl_typesupport_fastrtps_cpp.dir/rosidl_typesupport_fastrtps_cpp/my_robot_interfaces/msg/detail/dds_fastrtps/hardwarestatus__type_support.cpp.o[0m
[7.342s] [35m[1mConsolidate compiler generated dependencies of target my_robot_interfaces__rosidl_typesupport_fastrtps_c[0m
[7.427s] [ 33%] [32mBuilding CXX object CMakeFiles/my_robot_interfaces__rosidl_typesupport_fastrtps_c.dir/rosidl_typesupport_fastrtps_c/my_robot_interfaces/msg/detail/hardwarestatus__type_support_c.cpp.o[0m
[7.463s] [ 35%] [32mBuilding CXX object CMakeFiles/my_robot_interfaces__rosidl_typesupport_cpp.dir/rosidl_typesupport_cpp/my_robot_interfaces/srv/ciber_rato_server__type_support.cpp.o[0m
[8.189s] [ 38%] [32mBuilding CXX object CMakeFiles/my_robot_interfaces__rosidl_typesupport_introspection_cpp.dir/rosidl_typesupport_introspection_cpp/my_robot_interfaces/srv/detail/ciber_rato_server__type_support.cpp.o[0m
[8.439s] [ 41%] [32mBuilding CXX object CMakeFiles/my_robot_interfaces__rosidl_typesupport_fastrtps_cpp.dir/rosidl_typesupport_fastrtps_cpp/my_robot_interfaces/srv/detail/dds_fastrtps/ciber_rato_server__type_support.cpp.o[0m
[8.521s] [ 43%] [32m[1mLinking CXX shared library libmy_robot_interfaces__rosidl_typesupport_cpp.so[0m
[8.696s] [ 43%] Built target my_robot_interfaces__rosidl_typesupport_cpp
[8.726s] [ 46%] [34m[1mGenerating C introspection for ROS interfaces[0m
[8.887s] [ 48%] [32mBuilding CXX object CMakeFiles/my_robot_interfaces__rosidl_typesupport_fastrtps_c.dir/rosidl_typesupport_fastrtps_c/my_robot_interfaces/srv/detail/ciber_rato_server__type_support_c.cpp.o[0m
[9.875s] [ 51%] [32m[1mLinking CXX shared library libmy_robot_interfaces__rosidl_typesupport_introspection_cpp.so[0m
[10.027s] [ 53%] [32m[1mLinking CXX shared library libmy_robot_interfaces__rosidl_typesupport_fastrtps_cpp.so[0m
[10.072s] [35m[1mConsolidate compiler generated dependencies of target my_robot_interfaces__rosidl_typesupport_introspection_c[0m
[10.140s] [ 56%] [32mBuilding C object CMakeFiles/my_robot_interfaces__rosidl_typesupport_introspection_c.dir/rosidl_typesupport_introspection_c/my_robot_interfaces/msg/detail/hardwarestatus__type_support.c.o[0m
[10.257s] [ 56%] Built target my_robot_interfaces__rosidl_typesupport_introspection_cpp
[10.275s] [ 58%] [32mBuilding C object CMakeFiles/my_robot_interfaces__rosidl_typesupport_introspection_c.dir/rosidl_typesupport_introspection_c/my_robot_interfaces/srv/detail/ciber_rato_server__type_support.c.o[0m
[10.293s] [ 61%] [34m[1mGenerating C type support dispatch for ROS interfaces[0m
[10.396s] [ 64%] [32m[1mLinking CXX shared library libmy_robot_interfaces__rosidl_typesupport_fastrtps_c.so[0m
[10.436s] [ 66%] [32m[1mLinking C shared library libmy_robot_interfaces__rosidl_typesupport_introspection_c.so[0m
[10.474s] [ 66%] Built target my_robot_interfaces__rosidl_typesupport_fastrtps_cpp
[10.572s] [ 66%] Built target my_robot_interfaces__rosidl_typesupport_introspection_c
[10.757s] [ 66%] Built target my_robot_interfaces__rosidl_typesupport_fastrtps_c
[11.193s] [35m[1mConsolidate compiler generated dependencies of target my_robot_interfaces__rosidl_typesupport_c[0m
[11.227s] [ 69%] [32mBuilding CXX object CMakeFiles/my_robot_interfaces__rosidl_typesupport_c.dir/rosidl_typesupport_c/my_robot_interfaces/srv/ciber_rato_server__type_support.cpp.o[0m
[11.228s] [ 71%] [32mBuilding CXX object CMakeFiles/my_robot_interfaces__rosidl_typesupport_c.dir/rosidl_typesupport_c/my_robot_interfaces/msg/hardwarestatus__type_support.cpp.o[0m
[11.328s] [ 74%] [32m[1mLinking CXX shared library libmy_robot_interfaces__rosidl_typesupport_c.so[0m
[11.452s] [ 74%] Built target my_robot_interfaces__rosidl_typesupport_c
[11.511s] [ 74%] Built target my_robot_interfaces
[11.590s] [ 76%] [34m[1mGenerating Python code for ROS interfaces[0m
[12.836s] [ 76%] Built target my_robot_interfaces__py
[12.872s] [35m[1mConsolidate compiler generated dependencies of target my_robot_interfaces__rosidl_generator_py[0m
[12.918s] [ 79%] [32mBuilding C object CMakeFiles/my_robot_interfaces__rosidl_generator_py.dir/rosidl_generator_py/my_robot_interfaces/msg/_hardwarestatus_s.c.o[0m
[12.923s] [ 82%] [32mBuilding C object CMakeFiles/my_robot_interfaces__rosidl_generator_py.dir/rosidl_generator_py/my_robot_interfaces/srv/_ciber_rato_server_s.c.o[0m
[13.296s] [ 84%] [32m[1mLinking C shared library rosidl_generator_py/my_robot_interfaces/libmy_robot_interfaces__rosidl_generator_py.so[0m
[13.430s] [ 84%] Built target my_robot_interfaces__rosidl_generator_py
[13.462s] [35m[1mConsolidate compiler generated dependencies of target my_robot_interfaces__rosidl_typesupport_fastrtps_c__pyext[0m
[13.473s] [35m[1mConsolidate compiler generated dependencies of target my_robot_interfaces__rosidl_typesupport_c__pyext[0m
[13.473s] [35m[1mConsolidate compiler generated dependencies of target my_robot_interfaces__rosidl_typesupport_introspection_c__pyext[0m
[13.504s] [ 87%] [32mBuilding C object CMakeFiles/my_robot_interfaces__rosidl_typesupport_fastrtps_c__pyext.dir/rosidl_generator_py/my_robot_interfaces/_my_robot_interfaces_s.ep.rosidl_typesupport_fastrtps_c.c.o[0m
[13.511s] [ 92%] [32mBuilding C object CMakeFiles/my_robot_interfaces__rosidl_typesupport_c__pyext.dir/rosidl_generator_py/my_robot_interfaces/_my_robot_interfaces_s.ep.rosidl_typesupport_c.c.o[0m
[13.511s] [ 92%] [32mBuilding C object CMakeFiles/my_robot_interfaces__rosidl_typesupport_introspection_c__pyext.dir/rosidl_generator_py/my_robot_interfaces/_my_robot_interfaces_s.ep.rosidl_typesupport_introspection_c.c.o[0m
[13.824s] [ 94%] [32m[1mLinking C shared library rosidl_generator_py/my_robot_interfaces/my_robot_interfaces_s__rosidl_typesupport_c.cpython-310-x86_64-linux-gnu.so[0m
[13.828s] [ 97%] [32m[1mLinking C shared library rosidl_generator_py/my_robot_interfaces/my_robot_interfaces_s__rosidl_typesupport_introspection_c.cpython-310-x86_64-linux-gnu.so[0m
[13.922s] [100%] [32m[1mLinking C shared library rosidl_generator_py/my_robot_interfaces/my_robot_interfaces_s__rosidl_typesupport_fastrtps_c.cpython-310-x86_64-linux-gnu.so[0m
[13.975s] [100%] Built target my_robot_interfaces__rosidl_typesupport_c__pyext
[13.988s] [100%] Built target my_robot_interfaces__rosidl_typesupport_introspection_c__pyext
[14.094s] [100%] Built target my_robot_interfaces__rosidl_typesupport_fastrtps_c__pyext
[14.135s] Invoked command in '/home/sudheer/ros2_ws/build/my_robot_interfaces' returned '0': CMAKE_PREFIX_PATH=${CMAKE_PREFIX_PATH}:/home/sudheer/ros2_ws/install/my_py_pkg:/opt/ros/humble /usr/bin/cmake --build /home/sudheer/ros2_ws/build/my_robot_interfaces -- -j4 -l4
[14.448s] Invoking command in '/home/sudheer/ros2_ws/build/my_robot_interfaces': CMAKE_PREFIX_PATH=${CMAKE_PREFIX_PATH}:/home/sudheer/ros2_ws/install/my_py_pkg:/opt/ros/humble /usr/bin/cmake --install /home/sudheer/ros2_ws/build/my_robot_interfaces
[14.470s] -- Install configuration: ""
[14.472s] -- Up-to-date: /home/sudheer/ros2_ws/install/my_robot_interfaces/share/ament_index/resource_index/rosidl_interfaces/my_robot_interfaces
[14.472s] -- Up-to-date: /home/sudheer/ros2_ws/install/my_robot_interfaces/include/my_robot_interfaces/my_robot_interfaces
[14.473s] -- Up-to-date: /home/sudheer/ros2_ws/install/my_robot_interfaces/include/my_robot_interfaces/my_robot_interfaces/msg
[14.473s] -- Up-to-date: /home/sudheer/ros2_ws/install/my_robot_interfaces/include/my_robot_interfaces/my_robot_interfaces/msg/rosidl_generator_c__visibility_control.h
[14.474s] -- Up-to-date: /home/sudheer/ros2_ws/install/my_robot_interfaces/include/my_robot_interfaces/my_robot_interfaces/msg/detail
[14.475s] -- Installing: /home/sudheer/ros2_ws/install/my_robot_interfaces/include/my_robot_interfaces/my_robot_interfaces/msg/detail/hardwarestatus__type_support.h
[14.475s] -- Installing: /home/sudheer/ros2_ws/install/my_robot_interfaces/include/my_robot_interfaces/my_robot_interfaces/msg/detail/hardwarestatus__struct.h
[14.475s] -- Installing: /home/sudheer/ros2_ws/install/my_robot_interfaces/include/my_robot_interfaces/my_robot_interfaces/msg/detail/hardwarestatus__functions.c
[14.476s] -- Installing: /home/sudheer/ros2_ws/install/my_robot_interfaces/include/my_robot_interfaces/my_robot_interfaces/msg/detail/hardwarestatus__functions.h
[14.476s] -- Installing: /home/sudheer/ros2_ws/install/my_robot_interfaces/include/my_robot_interfaces/my_robot_interfaces/msg/hardwarestatus.h
[14.477s] -- Up-to-date: /home/sudheer/ros2_ws/install/my_robot_interfaces/include/my_robot_interfaces/my_robot_interfaces/srv
[14.477s] -- Up-to-date: /home/sudheer/ros2_ws/install/my_robot_interfaces/include/my_robot_interfaces/my_robot_interfaces/srv/detail
[14.477s] -- Installing: /home/sudheer/ros2_ws/install/my_robot_interfaces/include/my_robot_interfaces/my_robot_interfaces/srv/detail/ciber_rato_server__functions.h
[14.478s] -- Up-to-date: /home/sudheer/ros2_ws/install/my_robot_interfaces/include/my_robot_interfaces/my_robot_interfaces/srv/detail/server__functions.h
[14.479s] -- Up-to-date: /home/sudheer/ros2_ws/install/my_robot_interfaces/include/my_robot_interfaces/my_robot_interfaces/srv/detail/server__struct.h
[14.479s] -- Installing: /home/sudheer/ros2_ws/install/my_robot_interfaces/include/my_robot_interfaces/my_robot_interfaces/srv/detail/ciber_rato_server__functions.c
[14.480s] -- Up-to-date: /home/sudheer/ros2_ws/install/my_robot_interfaces/include/my_robot_interfaces/my_robot_interfaces/srv/detail/server__functions.c
[14.480s] -- Up-to-date: /home/sudheer/ros2_ws/install/my_robot_interfaces/include/my_robot_interfaces/my_robot_interfaces/srv/detail/server__type_support.h
[14.481s] -- Installing: /home/sudheer/ros2_ws/install/my_robot_interfaces/include/my_robot_interfaces/my_robot_interfaces/srv/detail/ciber_rato_server__type_support.h
[14.481s] -- Installing: /home/sudheer/ros2_ws/install/my_robot_interfaces/include/my_robot_interfaces/my_robot_interfaces/srv/detail/ciber_rato_server__struct.h
[14.481s] -- Installing: /home/sudheer/ros2_ws/install/my_robot_interfaces/include/my_robot_interfaces/my_robot_interfaces/srv/ciber_rato_server.h
[14.484s] -- Up-to-date: /home/sudheer/ros2_ws/install/my_robot_interfaces/include/my_robot_interfaces/my_robot_interfaces/srv/server.h
[14.484s] -- Up-to-date: /home/sudheer/ros2_ws/install/my_robot_interfaces/share/my_robot_interfaces/environment/library_path.sh
[14.484s] -- Installing: /home/sudheer/ros2_ws/install/my_robot_interfaces/share/my_robot_interfaces/environment/library_path.dsv
[14.495s] -- Installing: /home/sudheer/ros2_ws/install/my_robot_interfaces/lib/libmy_robot_interfaces__rosidl_generator_c.so
[14.496s] -- Set runtime path of "/home/sudheer/ros2_ws/install/my_robot_interfaces/lib/libmy_robot_interfaces__rosidl_generator_c.so" to ""
[14.496s] -- Up-to-date: /home/sudheer/ros2_ws/install/my_robot_interfaces/include/my_robot_interfaces/my_robot_interfaces
[14.497s] -- Up-to-date: /home/sudheer/ros2_ws/install/my_robot_interfaces/include/my_robot_interfaces/my_robot_interfaces/msg
[14.497s] -- Up-to-date: /home/sudheer/ros2_ws/install/my_robot_interfaces/include/my_robot_interfaces/my_robot_interfaces/msg/detail
[14.497s] -- Installing: /home/sudheer/ros2_ws/install/my_robot_interfaces/include/my_robot_interfaces/my_robot_interfaces/msg/detail/hardwarestatus__rosidl_typesupport_fastrtps_c.h
[14.498s] -- Up-to-date: /home/sudheer/ros2_ws/install/my_robot_interfaces/include/my_robot_interfaces/my_robot_interfaces/msg/rosidl_typesupport_fastrtps_c__visibility_control.h
[14.498s] -- Up-to-date: /home/sudheer/ros2_ws/install/my_robot_interfaces/include/my_robot_interfaces/my_robot_interfaces/srv
[14.498s] -- Up-to-date: /home/sudheer/ros2_ws/install/my_robot_interfaces/include/my_robot_interfaces/my_robot_interfaces/srv/detail
[14.498s] -- Up-to-date: /home/sudheer/ros2_ws/install/my_robot_interfaces/include/my_robot_interfaces/my_robot_interfaces/srv/detail/server__rosidl_typesupport_fastrtps_c.h
[14.498s] -- Installing: /home/sudheer/ros2_ws/install/my_robot_interfaces/include/my_robot_interfaces/my_robot_interfaces/srv/detail/ciber_rato_server__rosidl_typesupport_fastrtps_c.h
[14.500s] -- Installing: /home/sudheer/ros2_ws/install/my_robot_interfaces/lib/libmy_robot_interfaces__rosidl_typesupport_fastrtps_c.so
[14.502s] -- Set runtime path of "/home/sudheer/ros2_ws/install/my_robot_interfaces/lib/libmy_robot_interfaces__rosidl_typesupport_fastrtps_c.so" to ""
[14.503s] -- Up-to-date: /home/sudheer/ros2_ws/install/my_robot_interfaces/include/my_robot_interfaces/my_robot_interfaces
[14.504s] -- Up-to-date: /home/sudheer/ros2_ws/install/my_robot_interfaces/include/my_robot_interfaces/my_robot_interfaces/msg
[14.505s] -- Up-to-date: /home/sudheer/ros2_ws/install/my_robot_interfaces/include/my_robot_interfaces/my_robot_interfaces/msg/detail
[14.505s] -- Installing: /home/sudheer/ros2_ws/install/my_robot_interfaces/include/my_robot_interfaces/my_robot_interfaces/msg/detail/hardwarestatus__rosidl_typesupport_introspection_c.h
[14.506s] -- Installing: /home/sudheer/ros2_ws/install/my_robot_interfaces/include/my_robot_interfaces/my_robot_interfaces/msg/detail/hardwarestatus__type_support.c
[14.506s] -- Up-to-date: /home/sudheer/ros2_ws/install/my_robot_interfaces/include/my_robot_interfaces/my_robot_interfaces/msg/rosidl_typesupport_introspection_c__visibility_control.h
[14.506s] -- Up-to-date: /home/sudheer/ros2_ws/install/my_robot_interfaces/include/my_robot_interfaces/my_robot_interfaces/srv
[14.507s] -- Up-to-date: /home/sudheer/ros2_ws/install/my_robot_interfaces/include/my_robot_interfaces/my_robot_interfaces/srv/detail
[14.507s] -- Installing: /home/sudheer/ros2_ws/install/my_robot_interfaces/include/my_robot_interfaces/my_robot_interfaces/srv/detail/ciber_rato_server__rosidl_typesupport_introspection_c.h
[14.507s] -- Up-to-date: /home/sudheer/ros2_ws/install/my_robot_interfaces/include/my_robot_interfaces/my_robot_interfaces/srv/detail/server__type_support.c
[14.507s] -- Installing: /home/sudheer/ros2_ws/install/my_robot_interfaces/include/my_robot_interfaces/my_robot_interfaces/srv/detail/ciber_rato_server__type_support.c
[14.507s] -- Up-to-date: /home/sudheer/ros2_ws/install/my_robot_interfaces/include/my_robot_interfaces/my_robot_interfaces/srv/detail/server__rosidl_typesupport_introspection_c.h
[14.509s] -- Installing: /home/sudheer/ros2_ws/install/my_robot_interfaces/lib/libmy_robot_interfaces__rosidl_typesupport_introspection_c.so
[14.510s] -- Set runtime path of "/home/sudheer/ros2_ws/install/my_robot_interfaces/lib/libmy_robot_interfaces__rosidl_typesupport_introspection_c.so" to ""
[14.511s] -- Installing: /home/sudheer/ros2_ws/install/my_robot_interfaces/lib/libmy_robot_interfaces__rosidl_typesupport_c.so
[14.512s] -- Set runtime path of "/home/sudheer/ros2_ws/install/my_robot_interfaces/lib/libmy_robot_interfaces__rosidl_typesupport_c.so" to ""
[14.512s] -- Up-to-date: /home/sudheer/ros2_ws/install/my_robot_interfaces/include/my_robot_interfaces/my_robot_interfaces
[14.513s] -- Up-to-date: /home/sudheer/ros2_ws/install/my_robot_interfaces/include/my_robot_interfaces/my_robot_interfaces/msg
[14.513s] -- Installing: /home/sudheer/ros2_ws/install/my_robot_interfaces/include/my_robot_interfaces/my_robot_interfaces/msg/hardwarestatus.hpp
[14.513s] -- Up-to-date: /home/sudheer/ros2_ws/install/my_robot_interfaces/include/my_robot_interfaces/my_robot_interfaces/msg/detail
[14.513s] -- Installing: /home/sudheer/ros2_ws/install/my_robot_interfaces/include/my_robot_interfaces/my_robot_interfaces/msg/detail/hardwarestatus__struct.hpp
[14.514s] -- Installing: /home/sudheer/ros2_ws/install/my_robot_interfaces/include/my_robot_interfaces/my_robot_interfaces/msg/detail/hardwarestatus__builder.hpp
[14.515s] -- Installing: /home/sudheer/ros2_ws/install/my_robot_interfaces/include/my_robot_interfaces/my_robot_interfaces/msg/detail/hardwarestatus__traits.hpp
[14.516s] -- Up-to-date: /home/sudheer/ros2_ws/install/my_robot_interfaces/include/my_robot_interfaces/my_robot_interfaces/srv
[14.518s] -- Up-to-date: /home/sudheer/ros2_ws/install/my_robot_interfaces/include/my_robot_interfaces/my_robot_interfaces/srv/detail
[14.519s] -- Installing: /home/sudheer/ros2_ws/install/my_robot_interfaces/include/my_robot_interfaces/my_robot_interfaces/srv/detail/ciber_rato_server__traits.hpp
[14.519s] -- Up-to-date: /home/sudheer/ros2_ws/install/my_robot_interfaces/include/my_robot_interfaces/my_robot_interfaces/srv/detail/server__struct.hpp
[14.520s] -- Installing: /home/sudheer/ros2_ws/install/my_robot_interfaces/include/my_robot_interfaces/my_robot_interfaces/srv/detail/ciber_rato_server__struct.hpp
[14.521s] -- Installing: /home/sudheer/ros2_ws/install/my_robot_interfaces/include/my_robot_interfaces/my_robot_interfaces/srv/detail/ciber_rato_server__builder.hpp
[14.521s] -- Up-to-date: /home/sudheer/ros2_ws/install/my_robot_interfaces/include/my_robot_interfaces/my_robot_interfaces/srv/detail/server__builder.hpp
[14.522s] -- Up-to-date: /home/sudheer/ros2_ws/install/my_robot_interfaces/include/my_robot_interfaces/my_robot_interfaces/srv/detail/server__traits.hpp
[14.523s] -- Installing: /home/sudheer/ros2_ws/install/my_robot_interfaces/include/my_robot_interfaces/my_robot_interfaces/srv/ciber_rato_server.hpp
[14.524s] -- Up-to-date: /home/sudheer/ros2_ws/install/my_robot_interfaces/include/my_robot_interfaces/my_robot_interfaces/srv/server.hpp
[14.525s] -- Up-to-date: /home/sudheer/ros2_ws/install/my_robot_interfaces/include/my_robot_interfaces/my_robot_interfaces
[14.525s] -- Up-to-date: /home/sudheer/ros2_ws/install/my_robot_interfaces/include/my_robot_interfaces/my_robot_interfaces/msg
[14.526s] -- Up-to-date: /home/sudheer/ros2_ws/install/my_robot_interfaces/include/my_robot_interfaces/my_robot_interfaces/msg/rosidl_typesupport_fastrtps_cpp__visibility_control.h
[14.527s] -- Up-to-date: /home/sudheer/ros2_ws/install/my_robot_interfaces/include/my_robot_interfaces/my_robot_interfaces/msg/detail
[14.527s] -- Up-to-date: /home/sudheer/ros2_ws/install/my_robot_interfaces/include/my_robot_interfaces/my_robot_interfaces/msg/detail/dds_fastrtps
[14.527s] -- Installing: /home/sudheer/ros2_ws/install/my_robot_interfaces/include/my_robot_interfaces/my_robot_interfaces/msg/detail/hardwarestatus__rosidl_typesupport_fastrtps_cpp.hpp
[14.528s] -- Up-to-date: /home/sudheer/ros2_ws/install/my_robot_interfaces/include/my_robot_interfaces/my_robot_interfaces/srv
[14.528s] -- Up-to-date: /home/sudheer/ros2_ws/install/my_robot_interfaces/include/my_robot_interfaces/my_robot_interfaces/srv/detail
[14.528s] -- Installing: /home/sudheer/ros2_ws/install/my_robot_interfaces/include/my_robot_interfaces/my_robot_interfaces/srv/detail/ciber_rato_server__rosidl_typesupport_fastrtps_cpp.hpp
[14.528s] -- Up-to-date: /home/sudheer/ros2_ws/install/my_robot_interfaces/include/my_robot_interfaces/my_robot_interfaces/srv/detail/dds_fastrtps
[14.528s] -- Up-to-date: /home/sudheer/ros2_ws/install/my_robot_interfaces/include/my_robot_interfaces/my_robot_interfaces/srv/detail/server__rosidl_typesupport_fastrtps_cpp.hpp
[14.529s] -- Installing: /home/sudheer/ros2_ws/install/my_robot_interfaces/lib/libmy_robot_interfaces__rosidl_typesupport_fastrtps_cpp.so
[14.529s] -- Set runtime path of "/home/sudheer/ros2_ws/install/my_robot_interfaces/lib/libmy_robot_interfaces__rosidl_typesupport_fastrtps_cpp.so" to ""
[14.529s] -- Up-to-date: /home/sudheer/ros2_ws/install/my_robot_interfaces/include/my_robot_interfaces/my_robot_interfaces
[14.530s] -- Up-to-date: /home/sudheer/ros2_ws/install/my_robot_interfaces/include/my_robot_interfaces/my_robot_interfaces/msg
[14.531s] -- Up-to-date: /home/sudheer/ros2_ws/install/my_robot_interfaces/include/my_robot_interfaces/my_robot_interfaces/msg/detail
[14.531s] -- Installing: /home/sudheer/ros2_ws/install/my_robot_interfaces/include/my_robot_interfaces/my_robot_interfaces/msg/detail/hardwarestatus__type_support.cpp
[14.531s] -- Installing: /home/sudheer/ros2_ws/install/my_robot_interfaces/include/my_robot_interfaces/my_robot_interfaces/msg/detail/hardwarestatus__rosidl_typesupport_introspection_cpp.hpp
[14.532s] -- Up-to-date: /home/sudheer/ros2_ws/install/my_robot_interfaces/include/my_robot_interfaces/my_robot_interfaces/srv
[14.532s] -- Up-to-date: /home/sudheer/ros2_ws/install/my_robot_interfaces/include/my_robot_interfaces/my_robot_interfaces/srv/detail
[14.532s] -- Up-to-date: /home/sudheer/ros2_ws/install/my_robot_interfaces/include/my_robot_interfaces/my_robot_interfaces/srv/detail/server__rosidl_typesupport_introspection_cpp.hpp
[14.532s] -- Installing: /home/sudheer/ros2_ws/install/my_robot_interfaces/include/my_robot_interfaces/my_robot_interfaces/srv/detail/ciber_rato_server__rosidl_typesupport_introspection_cpp.hpp
[14.532s] -- Installing: /home/sudheer/ros2_ws/install/my_robot_interfaces/include/my_robot_interfaces/my_robot_interfaces/srv/detail/ciber_rato_server__type_support.cpp
[14.533s] -- Up-to-date: /home/sudheer/ros2_ws/install/my_robot_interfaces/include/my_robot_interfaces/my_robot_interfaces/srv/detail/server__type_support.cpp
[14.535s] -- Installing: /home/sudheer/ros2_ws/install/my_robot_interfaces/lib/libmy_robot_interfaces__rosidl_typesupport_introspection_cpp.so
[14.537s] -- Set runtime path of "/home/sudheer/ros2_ws/install/my_robot_interfaces/lib/libmy_robot_interfaces__rosidl_typesupport_introspection_cpp.so" to ""
[14.540s] -- Installing: /home/sudheer/ros2_ws/install/my_robot_interfaces/lib/libmy_robot_interfaces__rosidl_typesupport_cpp.so
[14.543s] -- Set runtime path of "/home/sudheer/ros2_ws/install/my_robot_interfaces/lib/libmy_robot_interfaces__rosidl_typesupport_cpp.so" to ""
[14.544s] -- Up-to-date: /home/sudheer/ros2_ws/install/my_robot_interfaces/share/my_robot_interfaces/environment/pythonpath.sh
[14.545s] -- Installing: /home/sudheer/ros2_ws/install/my_robot_interfaces/share/my_robot_interfaces/environment/pythonpath.dsv
[14.546s] -- Up-to-date: /home/sudheer/ros2_ws/install/my_robot_interfaces/local/lib/python3.10/dist-packages/my_robot_interfaces-0.0.0-py3.10.egg-info
[14.547s] -- Installing: /home/sudheer/ros2_ws/install/my_robot_interfaces/local/lib/python3.10/dist-packages/my_robot_interfaces-0.0.0-py3.10.egg-info/top_level.txt
[14.547s] -- Installing: /home/sudheer/ros2_ws/install/my_robot_interfaces/local/lib/python3.10/dist-packages/my_robot_interfaces-0.0.0-py3.10.egg-info/SOURCES.txt
[14.547s] -- Installing: /home/sudheer/ros2_ws/install/my_robot_interfaces/local/lib/python3.10/dist-packages/my_robot_interfaces-0.0.0-py3.10.egg-info/PKG-INFO
[14.548s] -- Installing: /home/sudheer/ros2_ws/install/my_robot_interfaces/local/lib/python3.10/dist-packages/my_robot_interfaces-0.0.0-py3.10.egg-info/dependency_links.txt
[14.548s] -- Up-to-date: /home/sudheer/ros2_ws/install/my_robot_interfaces/local/lib/python3.10/dist-packages/my_robot_interfaces
[14.548s] -- Installing: /home/sudheer/ros2_ws/install/my_robot_interfaces/local/lib/python3.10/dist-packages/my_robot_interfaces/_my_robot_interfaces_s.ep.rosidl_typesupport_introspection_c.c
[14.548s] -- Up-to-date: /home/sudheer/ros2_ws/install/my_robot_interfaces/local/lib/python3.10/dist-packages/my_robot_interfaces/msg
[14.548s] -- Installing: /home/sudheer/ros2_ws/install/my_robot_interfaces/local/lib/python3.10/dist-packages/my_robot_interfaces/msg/_hardwarestatus.py
[14.549s] -- Installing: /home/sudheer/ros2_ws/install/my_robot_interfaces/local/lib/python3.10/dist-packages/my_robot_interfaces/msg/__init__.py
[14.549s] -- Installing: /home/sudheer/ros2_ws/install/my_robot_interfaces/local/lib/python3.10/dist-packages/my_robot_interfaces/msg/_hardwarestatus_s.c
[14.550s] -- Installing: /home/sudheer/ros2_ws/install/my_robot_interfaces/local/lib/python3.10/dist-packages/my_robot_interfaces/my_robot_interfaces_s__rosidl_typesupport_fastrtps_c.cpython-310-x86_64-linux-gnu.so
[14.550s] -- Installing: /home/sudheer/ros2_ws/install/my_robot_interfaces/local/lib/python3.10/dist-packages/my_robot_interfaces/_my_robot_interfaces_s.ep.rosidl_typesupport_c.c
[14.551s] -- Installing: /home/sudheer/ros2_ws/install/my_robot_interfaces/local/lib/python3.10/dist-packages/my_robot_interfaces/__init__.py
[14.551s] -- Installing: /home/sudheer/ros2_ws/install/my_robot_interfaces/local/lib/python3.10/dist-packages/my_robot_interfaces/my_robot_interfaces_s__rosidl_typesupport_introspection_c.cpython-310-x86_64-linux-gnu.so
[14.552s] -- Installing: /home/sudheer/ros2_ws/install/my_robot_interfaces/local/lib/python3.10/dist-packages/my_robot_interfaces/_my_robot_interfaces_s.ep.rosidl_typesupport_fastrtps_c.c
[14.552s] -- Installing: /home/sudheer/ros2_ws/install/my_robot_interfaces/local/lib/python3.10/dist-packages/my_robot_interfaces/my_robot_interfaces_s__rosidl_typesupport_c.cpython-310-x86_64-linux-gnu.so
[14.553s] -- Installing: /home/sudheer/ros2_ws/install/my_robot_interfaces/local/lib/python3.10/dist-packages/my_robot_interfaces/libmy_robot_interfaces__rosidl_generator_py.so
[14.553s] -- Up-to-date: /home/sudheer/ros2_ws/install/my_robot_interfaces/local/lib/python3.10/dist-packages/my_robot_interfaces/srv
[14.554s] -- Up-to-date: /home/sudheer/ros2_ws/install/my_robot_interfaces/local/lib/python3.10/dist-packages/my_robot_interfaces/srv/_server.py
[14.554s] -- Installing: /home/sudheer/ros2_ws/install/my_robot_interfaces/local/lib/python3.10/dist-packages/my_robot_interfaces/srv/__init__.py
[14.554s] -- Installing: /home/sudheer/ros2_ws/install/my_robot_interfaces/local/lib/python3.10/dist-packages/my_robot_interfaces/srv/_ciber_rato_server.py
[14.555s] -- Up-to-date: /home/sudheer/ros2_ws/install/my_robot_interfaces/local/lib/python3.10/dist-packages/my_robot_interfaces/srv/_server_s.c
[14.555s] -- Installing: /home/sudheer/ros2_ws/install/my_robot_interfaces/local/lib/python3.10/dist-packages/my_robot_interfaces/srv/_ciber_rato_server_s.c
[14.679s] Listing '/home/sudheer/ros2_ws/install/my_robot_interfaces/local/lib/python3.10/dist-packages/my_robot_interfaces'...
[14.679s] Compiling '/home/sudheer/ros2_ws/install/my_robot_interfaces/local/lib/python3.10/dist-packages/my_robot_interfaces/__init__.py'...
[14.679s] Listing '/home/sudheer/ros2_ws/install/my_robot_interfaces/local/lib/python3.10/dist-packages/my_robot_interfaces/msg'...
[14.680s] Compiling '/home/sudheer/ros2_ws/install/my_robot_interfaces/local/lib/python3.10/dist-packages/my_robot_interfaces/msg/__init__.py'...
[14.680s] Compiling '/home/sudheer/ros2_ws/install/my_robot_interfaces/local/lib/python3.10/dist-packages/my_robot_interfaces/msg/_hardwarestatus.py'...
[14.680s] Listing '/home/sudheer/ros2_ws/install/my_robot_interfaces/local/lib/python3.10/dist-packages/my_robot_interfaces/srv'...
[14.681s] Compiling '/home/sudheer/ros2_ws/install/my_robot_interfaces/local/lib/python3.10/dist-packages/my_robot_interfaces/srv/__init__.py'...
[14.681s] Compiling '/home/sudheer/ros2_ws/install/my_robot_interfaces/local/lib/python3.10/dist-packages/my_robot_interfaces/srv/_ciber_rato_server.py'...
[14.697s] -- Installing: /home/sudheer/ros2_ws/install/my_robot_interfaces/local/lib/python3.10/dist-packages/my_robot_interfaces/my_robot_interfaces_s__rosidl_typesupport_fastrtps_c.cpython-310-x86_64-linux-gnu.so
[14.698s] -- Set runtime path of "/home/sudheer/ros2_ws/install/my_robot_interfaces/local/lib/python3.10/dist-packages/my_robot_interfaces/my_robot_interfaces_s__rosidl_typesupport_fastrtps_c.cpython-310-x86_64-linux-gnu.so" to ""
[14.698s] -- Installing: /home/sudheer/ros2_ws/install/my_robot_interfaces/local/lib/python3.10/dist-packages/my_robot_interfaces/my_robot_interfaces_s__rosidl_typesupport_introspection_c.cpython-310-x86_64-linux-gnu.so
[14.699s] -- Set runtime path of "/home/sudheer/ros2_ws/install/my_robot_interfaces/local/lib/python3.10/dist-packages/my_robot_interfaces/my_robot_interfaces_s__rosidl_typesupport_introspection_c.cpython-310-x86_64-linux-gnu.so" to ""
[14.700s] -- Installing: /home/sudheer/ros2_ws/install/my_robot_interfaces/local/lib/python3.10/dist-packages/my_robot_interfaces/my_robot_interfaces_s__rosidl_typesupport_c.cpython-310-x86_64-linux-gnu.so
[14.700s] -- Set runtime path of "/home/sudheer/ros2_ws/install/my_robot_interfaces/local/lib/python3.10/dist-packages/my_robot_interfaces/my_robot_interfaces_s__rosidl_typesupport_c.cpython-310-x86_64-linux-gnu.so" to ""
[14.702s] -- Installing: /home/sudheer/ros2_ws/install/my_robot_interfaces/lib/libmy_robot_interfaces__rosidl_generator_py.so
[14.704s] -- Set runtime path of "/home/sudheer/ros2_ws/install/my_robot_interfaces/lib/libmy_robot_interfaces__rosidl_generator_py.so" to ""
[14.704s] -- Up-to-date: /home/sudheer/ros2_ws/install/my_robot_interfaces/share/my_robot_interfaces/msg/Hardwarestatus.idl
[14.704s] -- Installing: /home/sudheer/ros2_ws/install/my_robot_interfaces/share/my_robot_interfaces/srv/CiberRatoServer.idl
[14.706s] -- Up-to-date: /home/sudheer/ros2_ws/install/my_robot_interfaces/share/my_robot_interfaces/msg/Hardwarestatus.msg
[14.708s] -- Installing: /home/sudheer/ros2_ws/install/my_robot_interfaces/share/my_robot_interfaces/srv/CiberRatoServer.srv
[14.709s] -- Installing: /home/sudheer/ros2_ws/install/my_robot_interfaces/share/my_robot_interfaces/srv/CiberRatoServer_Request.msg
[14.709s] -- Up-to-date: /home/sudheer/ros2_ws/install/my_robot_interfaces/share/my_robot_interfaces/srv/CiberRatoServer_Response.msg
[14.710s] -- Up-to-date: /home/sudheer/ros2_ws/install/my_robot_interfaces/share/ament_index/resource_index/package_run_dependencies/my_robot_interfaces
[14.710s] -- Up-to-date: /home/sudheer/ros2_ws/install/my_robot_interfaces/share/ament_index/resource_index/parent_prefix_path/my_robot_interfaces
[14.711s] -- Up-to-date: /home/sudheer/ros2_ws/install/my_robot_interfaces/share/my_robot_interfaces/environment/ament_prefix_path.sh
[14.712s] -- Installing: /home/sudheer/ros2_ws/install/my_robot_interfaces/share/my_robot_interfaces/environment/ament_prefix_path.dsv
[14.712s] -- Up-to-date: /home/sudheer/ros2_ws/install/my_robot_interfaces/share/my_robot_interfaces/environment/path.sh
[14.713s] -- Installing: /home/sudheer/ros2_ws/install/my_robot_interfaces/share/my_robot_interfaces/environment/path.dsv
[14.713s] -- Up-to-date: /home/sudheer/ros2_ws/install/my_robot_interfaces/share/my_robot_interfaces/local_setup.bash
[14.713s] -- Up-to-date: /home/sudheer/ros2_ws/install/my_robot_interfaces/share/my_robot_interfaces/local_setup.sh
[14.714s] -- Up-to-date: /home/sudheer/ros2_ws/install/my_robot_interfaces/share/my_robot_interfaces/local_setup.zsh
[14.715s] -- Installing: /home/sudheer/ros2_ws/install/my_robot_interfaces/share/my_robot_interfaces/local_setup.dsv
[14.715s] -- Installing: /home/sudheer/ros2_ws/install/my_robot_interfaces/share/my_robot_interfaces/package.dsv
[14.715s] -- Up-to-date: /home/sudheer/ros2_ws/install/my_robot_interfaces/share/ament_index/resource_index/packages/my_robot_interfaces
[14.716s] -- Up-to-date: /home/sudheer/ros2_ws/install/my_robot_interfaces/share/my_robot_interfaces/cmake/export_my_robot_interfaces__rosidl_generator_cExport.cmake
[14.716s] -- Up-to-date: /home/sudheer/ros2_ws/install/my_robot_interfaces/share/my_robot_interfaces/cmake/export_my_robot_interfaces__rosidl_generator_cExport-noconfig.cmake
[14.717s] -- Up-to-date: /home/sudheer/ros2_ws/install/my_robot_interfaces/share/my_robot_interfaces/cmake/export_my_robot_interfaces__rosidl_typesupport_fastrtps_cExport.cmake
[14.717s] -- Up-to-date: /home/sudheer/ros2_ws/install/my_robot_interfaces/share/my_robot_interfaces/cmake/export_my_robot_interfaces__rosidl_typesupport_fastrtps_cExport-noconfig.cmake
[14.718s] -- Up-to-date: /home/sudheer/ros2_ws/install/my_robot_interfaces/share/my_robot_interfaces/cmake/my_robot_interfaces__rosidl_typesupport_introspection_cExport.cmake
[14.718s] -- Up-to-date: /home/sudheer/ros2_ws/install/my_robot_interfaces/share/my_robot_interfaces/cmake/my_robot_interfaces__rosidl_typesupport_introspection_cExport-noconfig.cmake
[14.719s] -- Up-to-date: /home/sudheer/ros2_ws/install/my_robot_interfaces/share/my_robot_interfaces/cmake/my_robot_interfaces__rosidl_typesupport_cExport.cmake
[14.720s] -- Up-to-date: /home/sudheer/ros2_ws/install/my_robot_interfaces/share/my_robot_interfaces/cmake/my_robot_interfaces__rosidl_typesupport_cExport-noconfig.cmake
[14.720s] -- Up-to-date: /home/sudheer/ros2_ws/install/my_robot_interfaces/share/my_robot_interfaces/cmake/export_my_robot_interfaces__rosidl_generator_cppExport.cmake
[14.724s] -- Up-to-date: /home/sudheer/ros2_ws/install/my_robot_interfaces/share/my_robot_interfaces/cmake/export_my_robot_interfaces__rosidl_typesupport_fastrtps_cppExport.cmake
[14.724s] -- Up-to-date: /home/sudheer/ros2_ws/install/my_robot_interfaces/share/my_robot_interfaces/cmake/export_my_robot_interfaces__rosidl_typesupport_fastrtps_cppExport-noconfig.cmake
[14.727s] -- Up-to-date: /home/sudheer/ros2_ws/install/my_robot_interfaces/share/my_robot_interfaces/cmake/my_robot_interfaces__rosidl_typesupport_introspection_cppExport.cmake
[14.728s] -- Up-to-date: /home/sudheer/ros2_ws/install/my_robot_interfaces/share/my_robot_interfaces/cmake/my_robot_interfaces__rosidl_typesupport_introspection_cppExport-noconfig.cmake
[14.729s] -- Up-to-date: /home/sudheer/ros2_ws/install/my_robot_interfaces/share/my_robot_interfaces/cmake/my_robot_interfaces__rosidl_typesupport_cppExport.cmake
[14.730s] -- Up-to-date: /home/sudheer/ros2_ws/install/my_robot_interfaces/share/my_robot_interfaces/cmake/my_robot_interfaces__rosidl_typesupport_cppExport-noconfig.cmake
[14.732s] -- Up-to-date: /home/sudheer/ros2_ws/install/my_robot_interfaces/share/my_robot_interfaces/cmake/export_my_robot_interfaces__rosidl_generator_pyExport.cmake
[14.733s] -- Up-to-date: /home/sudheer/ros2_ws/install/my_robot_interfaces/share/my_robot_interfaces/cmake/export_my_robot_interfaces__rosidl_generator_pyExport-noconfig.cmake
[14.733s] -- Up-to-date: /home/sudheer/ros2_ws/install/my_robot_interfaces/share/my_robot_interfaces/cmake/rosidl_cmake-extras.cmake
[14.733s] -- Up-to-date: /home/sudheer/ros2_ws/install/my_robot_interfaces/share/my_robot_interfaces/cmake/ament_cmake_export_include_directories-extras.cmake
[14.734s] -- Up-to-date: /home/sudheer/ros2_ws/install/my_robot_interfaces/share/my_robot_interfaces/cmake/ament_cmake_export_libraries-extras.cmake
[14.735s] -- Up-to-date: /home/sudheer/ros2_ws/install/my_robot_interfaces/share/my_robot_interfaces/cmake/ament_cmake_export_targets-extras.cmake
[14.735s] -- Up-to-date: /home/sudheer/ros2_ws/install/my_robot_interfaces/share/my_robot_interfaces/cmake/rosidl_cmake_export_typesupport_targets-extras.cmake
[14.736s] -- Up-to-date: /home/sudheer/ros2_ws/install/my_robot_interfaces/share/my_robot_interfaces/cmake/ament_cmake_export_dependencies-extras.cmake
[14.736s] -- Up-to-date: /home/sudheer/ros2_ws/install/my_robot_interfaces/share/my_robot_interfaces/cmake/rosidl_cmake_export_typesupport_libraries-extras.cmake
[14.736s] -- Up-to-date: /home/sudheer/ros2_ws/install/my_robot_interfaces/share/my_robot_interfaces/cmake/my_robot_interfacesConfig.cmake
[14.736s] -- Up-to-date: /home/sudheer/ros2_ws/install/my_robot_interfaces/share/my_robot_interfaces/cmake/my_robot_interfacesConfig-version.cmake
[14.737s] -- Up-to-date: /home/sudheer/ros2_ws/install/my_robot_interfaces/share/my_robot_interfaces/package.xml
[14.741s] Invoked command in '/home/sudheer/ros2_ws/build/my_robot_interfaces' returned '0': CMAKE_PREFIX_PATH=${CMAKE_PREFIX_PATH}:/home/sudheer/ros2_ws/install/my_py_pkg:/opt/ros/humble /usr/bin/cmake --install /home/sudheer/ros2_ws/build/my_robot_interfaces
