[0.046s] Invoking command in '/home/sudheer/ros2_ws/build/my_robot_interfaces': CMAKE_PREFIX_PATH=${CMAKE_PREFIX_PATH}:/home/sudheer/ros2_ws/install/my_py_pkg:/opt/ros/humble /usr/bin/cmake --build /home/sudheer/ros2_ws/build/my_robot_interfaces -- -j4 -l4
[0.131s] -- Found ament_cmake: 1.3.8 (/opt/ros/humble/share/ament_cmake/cmake)
[0.505s] -- Found rosidl_default_generators: 1.2.0 (/opt/ros/humble/share/rosidl_default_generators/cmake)
[0.510s] -- Using all available rosidl_typesupport_c: rosidl_typesupport_fastrtps_c;rosidl_typesupport_introspection_c
[0.518s] -- Found rosidl_adapter: 3.1.5 (/opt/ros/humble/share/rosidl_adapter/cmake)
[0.623s] -- Using all available rosidl_typesupport_cpp: rosidl_typesupport_fastrtps_cpp;rosidl_typesupport_introspection_cpp
[1.437s] -- Found ament_cmake_ros: 0.10.0 (/opt/ros/humble/share/ament_cmake_ros/cmake)
[1.916s] -- Using all available rosidl_typesupport_c: rosidl_typesupport_fastrtps_c;rosidl_typesupport_introspection_c
[2.636s] -- Using all available rosidl_typesupport_cpp: rosidl_typesupport_fastrtps_cpp;rosidl_typesupport_introspection_cpp
[2.724s] -- Found python_cmake_module: 0.10.0 (/opt/ros/humble/share/python_cmake_module/cmake)
[2.789s] -- Using PYTHON_EXECUTABLE: /usr/bin/python3
[2.790s] -- Using PYTHON_INCLUDE_DIRS: /usr/include/python3.10
[2.791s] -- Using PYTHON_LIBRARIES: /usr/lib/x86_64-linux-gnu/libpython3.10.so
[2.841s] -- Configuring done
[2.939s] -- Generating done
[2.949s] -- Build files have been written to: /home/sudheer/ros2_ws/build/my_robot_interfaces
[3.019s] [  2%] [34m[1mGenerating C code for ROS interfaces[0m
[3.060s] [  5%] [34m[1mGenerating C++ code for ROS interfaces[0m
[3.119s] [  5%] Built target ament_cmake_python_copy_my_robot_interfaces
[4.231s] running egg_info
[4.234s] writing my_robot_interfaces.egg-info/PKG-INFO
[4.238s] writing dependency_links to my_robot_interfaces.egg-info/dependency_links.txt
[4.239s] writing top-level names to my_robot_interfaces.egg-info/top_level.txt
[4.247s] reading manifest file 'my_robot_interfaces.egg-info/SOURCES.txt'
[4.249s] writing manifest file 'my_robot_interfaces.egg-info/SOURCES.txt'
[4.392s] [  5%] Built target ament_cmake_python_build_my_robot_interfaces_egg
[4.525s] [35m[1mConsolidate compiler generated dependencies of target my_robot_interfaces__rosidl_generator_c[0m
[4.581s] [  7%] [32mBuilding C object CMakeFiles/my_robot_interfaces__rosidl_generator_c.dir/rosidl_generator_c/my_robot_interfaces/msg/detail/hardwarestatus__functions.c.o[0m
[4.597s] [  7%] Built target my_robot_interfaces__cpp
[4.599s] [ 10%] [32mBuilding C object CMakeFiles/my_robot_interfaces__rosidl_generator_c.dir/rosidl_generator_c/my_robot_interfaces/srv/detail/ciber_rato_server__functions.c.o[0m
[4.644s] [ 12%] [34m[1mGenerating C++ introspection for ROS interfaces[0m
[4.648s] In file included from [01m[K/home/sudheer/ros2_ws/build/my_robot_interfaces/rosidl_generator_c/my_robot_interfaces/msg/detail/hardwarestatus__functions.h:19[m[K,
[4.648s]                  from [01m[K/home/sudheer/ros2_ws/build/my_robot_interfaces/rosidl_generator_c/my_robot_interfaces/msg/detail/hardwarestatus__functions.c:4[m[K:
[4.650s] [01m[K/home/sudheer/ros2_ws/build/my_robot_interfaces/rosidl_generator_c/my_robot_interfaces/msg/detail/hardwarestatus__struct.h:22:10:[m[K [01;31m[Kfatal error: [m[Kmy_robot_interfaces/msg/detail/string__struct.h: No such file or directory
[4.650s]    22 | #include [01;31m[K"my_robot_interfaces/msg/detail/string__struct.h"[m[K
[4.650s]       |          [01;31m[K^~~~~~~~~~~~~~~~~~~~~~~~~~~~~~~~~~~~~~~~~~~~~~~~~[m[K
[4.651s] compilation terminated.
[4.653s] gmake[2]: *** [CMakeFiles/my_robot_interfaces__rosidl_generator_c.dir/build.make:121: CMakeFiles/my_robot_interfaces__rosidl_generator_c.dir/rosidl_generator_c/my_robot_interfaces/msg/detail/hardwarestatus__functions.c.o] Error 1
[4.654s] gmake[2]: *** Waiting for unfinished jobs....
[4.659s] [ 15%] [34m[1mGenerating C++ type support for eProsima Fast-RTPS[0m
[4.699s] [ 17%] [34m[1mGenerating C++ type support dispatch for ROS interfaces[0m
[4.857s] gmake[1]: *** [CMakeFiles/Makefile2:213: CMakeFiles/my_robot_interfaces__rosidl_generator_c.dir/all] Error 2
[4.858s] gmake[1]: *** Waiting for unfinished jobs....
[5.731s] [35m[1mConsolidate compiler generated dependencies of target my_robot_interfaces__rosidl_typesupport_cpp[0m
[5.731s] [35m[1mConsolidate compiler generated dependencies of target my_robot_interfaces__rosidl_typesupport_introspection_cpp[0m
[5.782s] [ 23%] [32mBuilding CXX object CMakeFiles/my_robot_interfaces__rosidl_typesupport_cpp.dir/rosidl_typesupport_cpp/my_robot_interfaces/msg/hardwarestatus__type_support.cpp.o[0m
[5.782s] [ 23%] [32mBuilding CXX object CMakeFiles/my_robot_interfaces__rosidl_typesupport_introspection_cpp.dir/rosidl_typesupport_introspection_cpp/my_robot_interfaces/msg/detail/hardwarestatus__type_support.cpp.o[0m
[5.783s] [ 25%] [32mBuilding CXX object CMakeFiles/my_robot_interfaces__rosidl_typesupport_cpp.dir/rosidl_typesupport_cpp/my_robot_interfaces/srv/ciber_rato_server__type_support.cpp.o[0m
[5.993s] In file included from [01m[K/home/sudheer/ros2_ws/build/my_robot_interfaces/rosidl_typesupport_cpp/my_robot_interfaces/msg/hardwarestatus__type_support.cpp:7[m[K:
[5.994s] [01m[K/home/sudheer/ros2_ws/build/my_robot_interfaces/rosidl_generator_cpp/my_robot_interfaces/msg/detail/hardwarestatus__struct.hpp:20:10:[m[K [01;31m[Kfatal error: [m[Kmy_robot_interfaces/msg/detail/string__struct.hpp: No such file or directory
[5.995s]    20 | #include [01;31m[K"my_robot_interfaces/msg/detail/string__struct.hpp"[m[K
[5.996s]       |          [01;31m[K^~~~~~~~~~~~~~~~~~~~~~~~~~~~~~~~~~~~~~~~~~~~~~~~~~~[m[K
[5.997s] compilation terminated.
[6.004s] gmake[2]: *** [CMakeFiles/my_robot_interfaces__rosidl_typesupport_cpp.dir/build.make:90: CMakeFiles/my_robot_interfaces__rosidl_typesupport_cpp.dir/rosidl_typesupport_cpp/my_robot_interfaces/msg/hardwarestatus__type_support.cpp.o] Error 1
[6.005s] gmake[2]: *** Waiting for unfinished jobs....
[6.009s] [35m[1mConsolidate compiler generated dependencies of target my_robot_interfaces__rosidl_typesupport_fastrtps_cpp[0m
[6.026s] In file included from [01m[K/home/sudheer/ros2_ws/build/my_robot_interfaces/rosidl_typesupport_introspection_cpp/my_robot_interfaces/msg/detail/hardwarestatus__type_support.cpp:12[m[K:
[6.027s] [01m[K/home/sudheer/ros2_ws/build/my_robot_interfaces/rosidl_generator_cpp/my_robot_interfaces/msg/detail/hardwarestatus__struct.hpp:20:10:[m[K [01;31m[Kfatal error: [m[Kmy_robot_interfaces/msg/detail/string__struct.hpp: No such file or directory
[6.027s]    20 | #include [01;31m[K"my_robot_interfaces/msg/detail/string__struct.hpp"[m[K
[6.027s]       |          [01;31m[K^~~~~~~~~~~~~~~~~~~~~~~~~~~~~~~~~~~~~~~~~~~~~~~~~~~[m[K
[6.027s] compilation terminated.
[6.033s] gmake[2]: *** [CMakeFiles/my_robot_interfaces__rosidl_typesupport_introspection_cpp.dir/build.make:98: CMakeFiles/my_robot_interfaces__rosidl_typesupport_introspection_cpp.dir/rosidl_typesupport_introspection_cpp/my_robot_interfaces/msg/detail/hardwarestatus__type_support.cpp.o] Error 1
[6.034s] gmake[2]: *** Waiting for unfinished jobs....
[6.048s] [ 28%] [32mBuilding CXX object CMakeFiles/my_robot_interfaces__rosidl_typesupport_introspection_cpp.dir/rosidl_typesupport_introspection_cpp/my_robot_interfaces/srv/detail/ciber_rato_server__type_support.cpp.o[0m
[6.081s] [ 30%] [32mBuilding CXX object CMakeFiles/my_robot_interfaces__rosidl_typesupport_fastrtps_cpp.dir/rosidl_typesupport_fastrtps_cpp/my_robot_interfaces/srv/detail/dds_fastrtps/ciber_rato_server__type_support.cpp.o[0m
[6.087s] [ 33%] [32mBuilding CXX object CMakeFiles/my_robot_interfaces__rosidl_typesupport_fastrtps_cpp.dir/rosidl_typesupport_fastrtps_cpp/my_robot_interfaces/msg/detail/dds_fastrtps/hardwarestatus__type_support.cpp.o[0m
[6.322s] In file included from [01m[K/home/sudheer/ros2_ws/build/my_robot_interfaces/rosidl_typesupport_fastrtps_cpp/my_robot_interfaces/msg/detail/hardwarestatus__rosidl_typesupport_fastrtps_cpp.hpp:11[m[K,
[6.323s]                  from [01m[K/home/sudheer/ros2_ws/build/my_robot_interfaces/rosidl_typesupport_fastrtps_cpp/my_robot_interfaces/msg/detail/dds_fastrtps/hardwarestatus__type_support.cpp:4[m[K:
[6.323s] [01m[K/home/sudheer/ros2_ws/build/my_robot_interfaces/rosidl_generator_cpp/my_robot_interfaces/msg/detail/hardwarestatus__struct.hpp:20:10:[m[K [01;31m[Kfatal error: [m[Kmy_robot_interfaces/msg/detail/string__struct.hpp: No such file or directory
[6.324s]    20 | #include [01;31m[K"my_robot_interfaces/msg/detail/string__struct.hpp"[m[K
[6.324s]       |          [01;31m[K^~~~~~~~~~~~~~~~~~~~~~~~~~~~~~~~~~~~~~~~~~~~~~~~~~~[m[K
[6.324s] compilation terminated.
[6.342s] gmake[2]: *** [CMakeFiles/my_robot_interfaces__rosidl_typesupport_fastrtps_cpp.dir/build.make:98: CMakeFiles/my_robot_interfaces__rosidl_typesupport_fastrtps_cpp.dir/rosidl_typesupport_fastrtps_cpp/my_robot_interfaces/msg/detail/dds_fastrtps/hardwarestatus__type_support.cpp.o] Error 1
[6.344s] gmake[2]: *** Waiting for unfinished jobs....
[6.916s] gmake[1]: *** [CMakeFiles/Makefile2:395: CMakeFiles/my_robot_interfaces__rosidl_typesupport_cpp.dir/all] Error 2
[7.363s] gmake[1]: *** [CMakeFiles/Makefile2:369: CMakeFiles/my_robot_interfaces__rosidl_typesupport_introspection_cpp.dir/all] Error 2
[7.599s] gmake[1]: *** [CMakeFiles/Makefile2:343: CMakeFiles/my_robot_interfaces__rosidl_typesupport_fastrtps_cpp.dir/all] Error 2
[7.601s] gmake: *** [Makefile:146: all] Error 2
[7.610s] Invoked command in '/home/sudheer/ros2_ws/build/my_robot_interfaces' returned '2': CMAKE_PREFIX_PATH=${CMAKE_PREFIX_PATH}:/home/sudheer/ros2_ws/install/my_py_pkg:/opt/ros/humble /usr/bin/cmake --build /home/sudheer/ros2_ws/build/my_robot_interfaces -- -j4 -l4
