[1.000s] Invoking command in '/home/sudheer/ros2_ws/src/my_py_pkg': PYTHONPATH=/home/sudheer/ros2_ws/build/my_py_pkg/prefix_override:/home/sudheer/ros2_ws/install/my_py_pkg/lib/python3.10/site-packages:${PYTHONPATH} /usr/bin/python3 -W ignore:setup.py install is deprecated setup.py egg_info --egg-base ../../build/my_py_pkg build --build-base /home/sudheer/ros2_ws/build/my_py_pkg/build install --record /home/sudheer/ros2_ws/build/my_py_pkg/install.log --single-version-externally-managed install_data
[1.354s] running egg_info
[1.356s] creating ../../build/my_py_pkg/my_py_pkg.egg-info
[1.356s] writing ../../build/my_py_pkg/my_py_pkg.egg-info/PKG-INFO
[1.357s] writing dependency_links to ../../build/my_py_pkg/my_py_pkg.egg-info/dependency_links.txt
[1.359s] writing entry points to ../../build/my_py_pkg/my_py_pkg.egg-info/entry_points.txt
[1.359s] writing requirements to ../../build/my_py_pkg/my_py_pkg.egg-info/requires.txt
[1.359s] writing top-level names to ../../build/my_py_pkg/my_py_pkg.egg-info/top_level.txt
[1.360s] writing manifest file '../../build/my_py_pkg/my_py_pkg.egg-info/SOURCES.txt'
[1.366s] reading manifest file '../../build/my_py_pkg/my_py_pkg.egg-info/SOURCES.txt'
[1.366s] writing manifest file '../../build/my_py_pkg/my_py_pkg.egg-info/SOURCES.txt'
[1.367s] running build
[1.367s] running build_py
[1.367s] creating /home/sudheer/ros2_ws/build/my_py_pkg/build
[1.367s] creating /home/sudheer/ros2_ws/build/my_py_pkg/build/lib
[1.367s] creating /home/sudheer/ros2_ws/build/my_py_pkg/build/lib/my_py_pkg
[1.368s] copying my_py_pkg/__init__.py -> /home/sudheer/ros2_ws/build/my_py_pkg/build/lib/my_py_pkg
[1.368s] running install
[1.368s] running install_lib
[1.369s] creating /home/sudheer/ros2_ws/install/my_py_pkg/lib/python3.10/site-packages/my_py_pkg
[1.370s] copying /home/sudheer/ros2_ws/build/my_py_pkg/build/lib/my_py_pkg/__init__.py -> /home/sudheer/ros2_ws/install/my_py_pkg/lib/python3.10/site-packages/my_py_pkg
[1.370s] byte-compiling /home/sudheer/ros2_ws/install/my_py_pkg/lib/python3.10/site-packages/my_py_pkg/__init__.py to __init__.cpython-310.pyc
[1.370s] running install_data
[1.371s] creating /home/sudheer/ros2_ws/install/my_py_pkg/share/ament_index
[1.371s] creating /home/sudheer/ros2_ws/install/my_py_pkg/share/ament_index/resource_index
[1.371s] creating /home/sudheer/ros2_ws/install/my_py_pkg/share/ament_index/resource_index/packages
[1.372s] copying resource/my_py_pkg -> /home/sudheer/ros2_ws/install/my_py_pkg/share/ament_index/resource_index/packages
[1.372s] copying package.xml -> /home/sudheer/ros2_ws/install/my_py_pkg/share/my_py_pkg
[1.372s] running install_egg_info
[1.375s] Copying ../../build/my_py_pkg/my_py_pkg.egg-info to /home/sudheer/ros2_ws/install/my_py_pkg/lib/python3.10/site-packages/my_py_pkg-0.0.0-py3.10.egg-info
[1.376s] running install_scripts
[1.402s] writing list of installed files to '/home/sudheer/ros2_ws/build/my_py_pkg/install.log'
[1.456s] Invoked command in '/home/sudheer/ros2_ws/src/my_py_pkg' returned '0': PYTHONPATH=/home/sudheer/ros2_ws/build/my_py_pkg/prefix_override:/home/sudheer/ros2_ws/install/my_py_pkg/lib/python3.10/site-packages:${PYTHONPATH} /usr/bin/python3 -W ignore:setup.py install is deprecated setup.py egg_info --egg-base ../../build/my_py_pkg build --build-base /home/sudheer/ros2_ws/build/my_py_pkg/build install --record /home/sudheer/ros2_ws/build/my_py_pkg/install.log --single-version-externally-managed install_data
