[0.031s] Invoking command in '/home/sudheer/ros2_ws/build/my_robot_interfaces': CMAKE_PREFIX_PATH=${CMAKE_PREFIX_PATH}:/home/sudheer/ros2_ws/install/my_py_pkg:/opt/ros/humble /usr/bin/cmake --build /home/sudheer/ros2_ws/build/my_robot_interfaces -- -j4 -l4
[0.140s] [35m[1mConsolidate compiler generated dependencies of target my_robot_interfaces__rosidl_generator_c[0m
[0.166s] [  2%] Built target my_robot_interfaces__cpp
[0.201s] [ 12%] Built target my_robot_interfaces__rosidl_generator_c
[0.224s] [ 12%] Built target ament_cmake_python_copy_my_robot_interfaces
[0.232s] [35m[1mConsolidate compiler generated dependencies of target my_robot_interfaces__rosidl_typesupport_fastrtps_cpp[0m
[0.241s] [35m[1mConsolidate compiler generated dependencies of target my_robot_interfaces__rosidl_typesupport_cpp[0m
[0.248s] [35m[1mConsolidate compiler generated dependencies of target my_robot_interfaces__rosidl_typesupport_introspection_cpp[0m
[0.265s] [35m[1mConsolidate compiler generated dependencies of target my_robot_interfaces__rosidl_typesupport_fastrtps_c[0m
[0.277s] [ 23%] Built target my_robot_interfaces__rosidl_typesupport_fastrtps_cpp
[0.308s] [ 33%] Built target my_robot_interfaces__rosidl_typesupport_cpp
[0.311s] [ 43%] Built target my_robot_interfaces__rosidl_typesupport_fastrtps_c
[0.313s] [ 53%] Built target my_robot_interfaces__rosidl_typesupport_introspection_cpp
[0.338s] [35m[1mConsolidate compiler generated dependencies of target my_robot_interfaces__rosidl_typesupport_introspection_c[0m
[0.342s] [35m[1mConsolidate compiler generated dependencies of target my_robot_interfaces__rosidl_typesupport_c[0m
[0.383s] [ 64%] Built target my_robot_interfaces__rosidl_typesupport_c
[0.391s] [ 74%] Built target my_robot_interfaces__rosidl_typesupport_introspection_c
[0.451s] [ 74%] Built target my_robot_interfaces
[0.514s] [ 76%] Built target my_robot_interfaces__py
[0.550s] [35m[1mConsolidate compiler generated dependencies of target my_robot_interfaces__rosidl_generator_py[0m
[0.603s] [ 84%] Built target my_robot_interfaces__rosidl_generator_py
[0.634s] [35m[1mConsolidate compiler generated dependencies of target my_robot_interfaces__rosidl_typesupport_c__pyext[0m
[0.635s] [35m[1mConsolidate compiler generated dependencies of target my_robot_interfaces__rosidl_typesupport_introspection_c__pyext[0m
[0.635s] [35m[1mConsolidate compiler generated dependencies of target my_robot_interfaces__rosidl_typesupport_fastrtps_c__pyext[0m
[0.668s] [ 89%] Built target my_robot_interfaces__rosidl_typesupport_introspection_c__pyext
[0.683s] [ 94%] Built target my_robot_interfaces__rosidl_typesupport_fastrtps_c__pyext
[0.685s] [100%] Built target my_robot_interfaces__rosidl_typesupport_c__pyext
[0.943s] running egg_info
[0.945s] writing my_robot_interfaces.egg-info/PKG-INFO
[0.946s] writing dependency_links to my_robot_interfaces.egg-info/dependency_links.txt
[0.946s] writing top-level names to my_robot_interfaces.egg-info/top_level.txt
[0.954s] reading manifest file 'my_robot_interfaces.egg-info/SOURCES.txt'
[0.956s] writing manifest file 'my_robot_interfaces.egg-info/SOURCES.txt'
[1.033s] [100%] Built target ament_cmake_python_build_my_robot_interfaces_egg
[1.069s] Invoked command in '/home/sudheer/ros2_ws/build/my_robot_interfaces' returned '0': CMAKE_PREFIX_PATH=${CMAKE_PREFIX_PATH}:/home/sudheer/ros2_ws/install/my_py_pkg:/opt/ros/humble /usr/bin/cmake --build /home/sudheer/ros2_ws/build/my_robot_interfaces -- -j4 -l4
[1.341s] Invoking command in '/home/sudheer/ros2_ws/build/my_robot_interfaces': CMAKE_PREFIX_PATH=${CMAKE_PREFIX_PATH}:/home/sudheer/ros2_ws/install/my_py_pkg:/opt/ros/humble /usr/bin/cmake --install /home/sudheer/ros2_ws/build/my_robot_interfaces
[1.358s] -- Install configuration: ""
[1.359s] -- Up-to-date: /home/sudheer/ros2_ws/install/my_robot_interfaces/share/ament_index/resource_index/rosidl_interfaces/my_robot_interfaces
[1.359s] -- Up-to-date: /home/sudheer/ros2_ws/install/my_robot_interfaces/include/my_robot_interfaces/my_robot_interfaces
[1.359s] -- Up-to-date: /home/sudheer/ros2_ws/install/my_robot_interfaces/include/my_robot_interfaces/my_robot_interfaces/msg
[1.360s] -- Up-to-date: /home/sudheer/ros2_ws/install/my_robot_interfaces/include/my_robot_interfaces/my_robot_interfaces/msg/rosidl_generator_c__visibility_control.h
[1.360s] -- Up-to-date: /home/sudheer/ros2_ws/install/my_robot_interfaces/include/my_robot_interfaces/my_robot_interfaces/msg/detail
[1.360s] -- Up-to-date: /home/sudheer/ros2_ws/install/my_robot_interfaces/include/my_robot_interfaces/my_robot_interfaces/msg/detail/hardwarestatus__type_support.h
[1.360s] -- Up-to-date: /home/sudheer/ros2_ws/install/my_robot_interfaces/include/my_robot_interfaces/my_robot_interfaces/msg/detail/hardwarestatus__struct.h
[1.361s] -- Up-to-date: /home/sudheer/ros2_ws/install/my_robot_interfaces/include/my_robot_interfaces/my_robot_interfaces/msg/detail/hardwarestatus__functions.c
[1.361s] -- Up-to-date: /home/sudheer/ros2_ws/install/my_robot_interfaces/include/my_robot_interfaces/my_robot_interfaces/msg/detail/hardwarestatus__functions.h
[1.361s] -- Up-to-date: /home/sudheer/ros2_ws/install/my_robot_interfaces/include/my_robot_interfaces/my_robot_interfaces/msg/hardwarestatus.h
[1.361s] -- Up-to-date: /home/sudheer/ros2_ws/install/my_robot_interfaces/include/my_robot_interfaces/my_robot_interfaces/srv
[1.361s] -- Up-to-date: /home/sudheer/ros2_ws/install/my_robot_interfaces/include/my_robot_interfaces/my_robot_interfaces/srv/detail
[1.362s] -- Up-to-date: /home/sudheer/ros2_ws/install/my_robot_interfaces/include/my_robot_interfaces/my_robot_interfaces/srv/detail/ciber_rato_server__functions.h
[1.362s] -- Up-to-date: /home/sudheer/ros2_ws/install/my_robot_interfaces/include/my_robot_interfaces/my_robot_interfaces/srv/detail/server__functions.h
[1.362s] -- Up-to-date: /home/sudheer/ros2_ws/install/my_robot_interfaces/include/my_robot_interfaces/my_robot_interfaces/srv/detail/server__struct.h
[1.362s] -- Up-to-date: /home/sudheer/ros2_ws/install/my_robot_interfaces/include/my_robot_interfaces/my_robot_interfaces/srv/detail/ciber_rato_server__functions.c
[1.362s] -- Up-to-date: /home/sudheer/ros2_ws/install/my_robot_interfaces/include/my_robot_interfaces/my_robot_interfaces/srv/detail/server__functions.c
[1.362s] -- Up-to-date: /home/sudheer/ros2_ws/install/my_robot_interfaces/include/my_robot_interfaces/my_robot_interfaces/srv/detail/server__type_support.h
[1.363s] -- Up-to-date: /home/sudheer/ros2_ws/install/my_robot_interfaces/include/my_robot_interfaces/my_robot_interfaces/srv/detail/ciber_rato_server__type_support.h
[1.363s] -- Up-to-date: /home/sudheer/ros2_ws/install/my_robot_interfaces/include/my_robot_interfaces/my_robot_interfaces/srv/detail/ciber_rato_server__struct.h
[1.363s] -- Up-to-date: /home/sudheer/ros2_ws/install/my_robot_interfaces/include/my_robot_interfaces/my_robot_interfaces/srv/ciber_rato_server.h
[1.363s] -- Up-to-date: /home/sudheer/ros2_ws/install/my_robot_interfaces/include/my_robot_interfaces/my_robot_interfaces/srv/server.h
[1.363s] -- Up-to-date: /home/sudheer/ros2_ws/install/my_robot_interfaces/share/my_robot_interfaces/environment/library_path.sh
[1.363s] -- Up-to-date: /home/sudheer/ros2_ws/install/my_robot_interfaces/share/my_robot_interfaces/environment/library_path.dsv
[1.363s] -- Up-to-date: /home/sudheer/ros2_ws/install/my_robot_interfaces/lib/libmy_robot_interfaces__rosidl_generator_c.so
[1.363s] -- Up-to-date: /home/sudheer/ros2_ws/install/my_robot_interfaces/include/my_robot_interfaces/my_robot_interfaces
[1.364s] -- Up-to-date: /home/sudheer/ros2_ws/install/my_robot_interfaces/include/my_robot_interfaces/my_robot_interfaces/msg
[1.364s] -- Up-to-date: /home/sudheer/ros2_ws/install/my_robot_interfaces/include/my_robot_interfaces/my_robot_interfaces/msg/detail
[1.364s] -- Up-to-date: /home/sudheer/ros2_ws/install/my_robot_interfaces/include/my_robot_interfaces/my_robot_interfaces/msg/detail/hardwarestatus__rosidl_typesupport_fastrtps_c.h
[1.365s] -- Up-to-date: /home/sudheer/ros2_ws/install/my_robot_interfaces/include/my_robot_interfaces/my_robot_interfaces/msg/rosidl_typesupport_fastrtps_c__visibility_control.h
[1.365s] -- Up-to-date: /home/sudheer/ros2_ws/install/my_robot_interfaces/include/my_robot_interfaces/my_robot_interfaces/srv
[1.365s] -- Up-to-date: /home/sudheer/ros2_ws/install/my_robot_interfaces/include/my_robot_interfaces/my_robot_interfaces/srv/detail
[1.365s] -- Up-to-date: /home/sudheer/ros2_ws/install/my_robot_interfaces/include/my_robot_interfaces/my_robot_interfaces/srv/detail/server__rosidl_typesupport_fastrtps_c.h
[1.366s] -- Up-to-date: /home/sudheer/ros2_ws/install/my_robot_interfaces/include/my_robot_interfaces/my_robot_interfaces/srv/detail/ciber_rato_server__rosidl_typesupport_fastrtps_c.h
[1.366s] -- Up-to-date: /home/sudheer/ros2_ws/install/my_robot_interfaces/lib/libmy_robot_interfaces__rosidl_typesupport_fastrtps_c.so
[1.366s] -- Up-to-date: /home/sudheer/ros2_ws/install/my_robot_interfaces/include/my_robot_interfaces/my_robot_interfaces
[1.366s] -- Up-to-date: /home/sudheer/ros2_ws/install/my_robot_interfaces/include/my_robot_interfaces/my_robot_interfaces/msg
[1.366s] -- Up-to-date: /home/sudheer/ros2_ws/install/my_robot_interfaces/include/my_robot_interfaces/my_robot_interfaces/msg/detail
[1.367s] -- Up-to-date: /home/sudheer/ros2_ws/install/my_robot_interfaces/include/my_robot_interfaces/my_robot_interfaces/msg/detail/hardwarestatus__rosidl_typesupport_introspection_c.h
[1.367s] -- Up-to-date: /home/sudheer/ros2_ws/install/my_robot_interfaces/include/my_robot_interfaces/my_robot_interfaces/msg/detail/hardwarestatus__type_support.c
[1.367s] -- Up-to-date: /home/sudheer/ros2_ws/install/my_robot_interfaces/include/my_robot_interfaces/my_robot_interfaces/msg/rosidl_typesupport_introspection_c__visibility_control.h
[1.368s] -- Up-to-date: /home/sudheer/ros2_ws/install/my_robot_interfaces/include/my_robot_interfaces/my_robot_interfaces/srv
[1.368s] -- Up-to-date: /home/sudheer/ros2_ws/install/my_robot_interfaces/include/my_robot_interfaces/my_robot_interfaces/srv/detail
[1.369s] -- Up-to-date: /home/sudheer/ros2_ws/install/my_robot_interfaces/include/my_robot_interfaces/my_robot_interfaces/srv/detail/ciber_rato_server__rosidl_typesupport_introspection_c.h
[1.369s] -- Up-to-date: /home/sudheer/ros2_ws/install/my_robot_interfaces/include/my_robot_interfaces/my_robot_interfaces/srv/detail/server__type_support.c
[1.369s] -- Up-to-date: /home/sudheer/ros2_ws/install/my_robot_interfaces/include/my_robot_interfaces/my_robot_interfaces/srv/detail/ciber_rato_server__type_support.c
[1.369s] -- Up-to-date: /home/sudheer/ros2_ws/install/my_robot_interfaces/include/my_robot_interfaces/my_robot_interfaces/srv/detail/server__rosidl_typesupport_introspection_c.h
[1.370s] -- Up-to-date: /home/sudheer/ros2_ws/install/my_robot_interfaces/lib/libmy_robot_interfaces__rosidl_typesupport_introspection_c.so
[1.370s] -- Up-to-date: /home/sudheer/ros2_ws/install/my_robot_interfaces/lib/libmy_robot_interfaces__rosidl_typesupport_c.so
[1.370s] -- Up-to-date: /home/sudheer/ros2_ws/install/my_robot_interfaces/include/my_robot_interfaces/my_robot_interfaces
[1.370s] -- Up-to-date: /home/sudheer/ros2_ws/install/my_robot_interfaces/include/my_robot_interfaces/my_robot_interfaces/msg
[1.370s] -- Up-to-date: /home/sudheer/ros2_ws/install/my_robot_interfaces/include/my_robot_interfaces/my_robot_interfaces/msg/hardwarestatus.hpp
[1.370s] -- Up-to-date: /home/sudheer/ros2_ws/install/my_robot_interfaces/include/my_robot_interfaces/my_robot_interfaces/msg/detail
[1.371s] -- Up-to-date: /home/sudheer/ros2_ws/install/my_robot_interfaces/include/my_robot_interfaces/my_robot_interfaces/msg/detail/hardwarestatus__struct.hpp
[1.371s] -- Up-to-date: /home/sudheer/ros2_ws/install/my_robot_interfaces/include/my_robot_interfaces/my_robot_interfaces/msg/detail/hardwarestatus__builder.hpp
[1.371s] -- Up-to-date: /home/sudheer/ros2_ws/install/my_robot_interfaces/include/my_robot_interfaces/my_robot_interfaces/msg/detail/hardwarestatus__traits.hpp
[1.371s] -- Up-to-date: /home/sudheer/ros2_ws/install/my_robot_interfaces/include/my_robot_interfaces/my_robot_interfaces/srv
[1.371s] -- Up-to-date: /home/sudheer/ros2_ws/install/my_robot_interfaces/include/my_robot_interfaces/my_robot_interfaces/srv/detail
[1.372s] -- Up-to-date: /home/sudheer/ros2_ws/install/my_robot_interfaces/include/my_robot_interfaces/my_robot_interfaces/srv/detail/ciber_rato_server__traits.hpp
[1.372s] -- Up-to-date: /home/sudheer/ros2_ws/install/my_robot_interfaces/include/my_robot_interfaces/my_robot_interfaces/srv/detail/server__struct.hpp
[1.372s] -- Up-to-date: /home/sudheer/ros2_ws/install/my_robot_interfaces/include/my_robot_interfaces/my_robot_interfaces/srv/detail/ciber_rato_server__struct.hpp
[1.372s] -- Up-to-date: /home/sudheer/ros2_ws/install/my_robot_interfaces/include/my_robot_interfaces/my_robot_interfaces/srv/detail/ciber_rato_server__builder.hpp
[1.372s] -- Up-to-date: /home/sudheer/ros2_ws/install/my_robot_interfaces/include/my_robot_interfaces/my_robot_interfaces/srv/detail/server__builder.hpp
[1.373s] -- Up-to-date: /home/sudheer/ros2_ws/install/my_robot_interfaces/include/my_robot_interfaces/my_robot_interfaces/srv/detail/server__traits.hpp
[1.373s] -- Up-to-date: /home/sudheer/ros2_ws/install/my_robot_interfaces/include/my_robot_interfaces/my_robot_interfaces/srv/ciber_rato_server.hpp
[1.373s] -- Up-to-date: /home/sudheer/ros2_ws/install/my_robot_interfaces/include/my_robot_interfaces/my_robot_interfaces/srv/server.hpp
[1.373s] -- Up-to-date: /home/sudheer/ros2_ws/install/my_robot_interfaces/include/my_robot_interfaces/my_robot_interfaces
[1.373s] -- Up-to-date: /home/sudheer/ros2_ws/install/my_robot_interfaces/include/my_robot_interfaces/my_robot_interfaces/msg
[1.373s] -- Up-to-date: /home/sudheer/ros2_ws/install/my_robot_interfaces/include/my_robot_interfaces/my_robot_interfaces/msg/rosidl_typesupport_fastrtps_cpp__visibility_control.h
[1.373s] -- Up-to-date: /home/sudheer/ros2_ws/install/my_robot_interfaces/include/my_robot_interfaces/my_robot_interfaces/msg/detail
[1.374s] -- Up-to-date: /home/sudheer/ros2_ws/install/my_robot_interfaces/include/my_robot_interfaces/my_robot_interfaces/msg/detail/dds_fastrtps
[1.374s] -- Up-to-date: /home/sudheer/ros2_ws/install/my_robot_interfaces/include/my_robot_interfaces/my_robot_interfaces/msg/detail/hardwarestatus__rosidl_typesupport_fastrtps_cpp.hpp
[1.374s] -- Up-to-date: /home/sudheer/ros2_ws/install/my_robot_interfaces/include/my_robot_interfaces/my_robot_interfaces/srv
[1.374s] -- Up-to-date: /home/sudheer/ros2_ws/install/my_robot_interfaces/include/my_robot_interfaces/my_robot_interfaces/srv/detail
[1.374s] -- Up-to-date: /home/sudheer/ros2_ws/install/my_robot_interfaces/include/my_robot_interfaces/my_robot_interfaces/srv/detail/ciber_rato_server__rosidl_typesupport_fastrtps_cpp.hpp
[1.374s] -- Up-to-date: /home/sudheer/ros2_ws/install/my_robot_interfaces/include/my_robot_interfaces/my_robot_interfaces/srv/detail/dds_fastrtps
[1.374s] -- Up-to-date: /home/sudheer/ros2_ws/install/my_robot_interfaces/include/my_robot_interfaces/my_robot_interfaces/srv/detail/server__rosidl_typesupport_fastrtps_cpp.hpp
[1.374s] -- Up-to-date: /home/sudheer/ros2_ws/install/my_robot_interfaces/lib/libmy_robot_interfaces__rosidl_typesupport_fastrtps_cpp.so
[1.375s] -- Up-to-date: /home/sudheer/ros2_ws/install/my_robot_interfaces/include/my_robot_interfaces/my_robot_interfaces
[1.375s] -- Up-to-date: /home/sudheer/ros2_ws/install/my_robot_interfaces/include/my_robot_interfaces/my_robot_interfaces/msg
[1.375s] -- Up-to-date: /home/sudheer/ros2_ws/install/my_robot_interfaces/include/my_robot_interfaces/my_robot_interfaces/msg/detail
[1.375s] -- Up-to-date: /home/sudheer/ros2_ws/install/my_robot_interfaces/include/my_robot_interfaces/my_robot_interfaces/msg/detail/hardwarestatus__type_support.cpp
[1.375s] -- Up-to-date: /home/sudheer/ros2_ws/install/my_robot_interfaces/include/my_robot_interfaces/my_robot_interfaces/msg/detail/hardwarestatus__rosidl_typesupport_introspection_cpp.hpp
[1.376s] -- Up-to-date: /home/sudheer/ros2_ws/install/my_robot_interfaces/include/my_robot_interfaces/my_robot_interfaces/srv
[1.377s] -- Up-to-date: /home/sudheer/ros2_ws/install/my_robot_interfaces/include/my_robot_interfaces/my_robot_interfaces/srv/detail
[1.377s] -- Up-to-date: /home/sudheer/ros2_ws/install/my_robot_interfaces/include/my_robot_interfaces/my_robot_interfaces/srv/detail/server__rosidl_typesupport_introspection_cpp.hpp
[1.378s] -- Up-to-date: /home/sudheer/ros2_ws/install/my_robot_interfaces/include/my_robot_interfaces/my_robot_interfaces/srv/detail/ciber_rato_server__rosidl_typesupport_introspection_cpp.hpp
[1.378s] -- Up-to-date: /home/sudheer/ros2_ws/install/my_robot_interfaces/include/my_robot_interfaces/my_robot_interfaces/srv/detail/ciber_rato_server__type_support.cpp
[1.378s] -- Up-to-date: /home/sudheer/ros2_ws/install/my_robot_interfaces/include/my_robot_interfaces/my_robot_interfaces/srv/detail/server__type_support.cpp
[1.378s] -- Up-to-date: /home/sudheer/ros2_ws/install/my_robot_interfaces/lib/libmy_robot_interfaces__rosidl_typesupport_introspection_cpp.so
[1.378s] -- Up-to-date: /home/sudheer/ros2_ws/install/my_robot_interfaces/lib/libmy_robot_interfaces__rosidl_typesupport_cpp.so
[1.379s] -- Up-to-date: /home/sudheer/ros2_ws/install/my_robot_interfaces/share/my_robot_interfaces/environment/pythonpath.sh
[1.379s] -- Up-to-date: /home/sudheer/ros2_ws/install/my_robot_interfaces/share/my_robot_interfaces/environment/pythonpath.dsv
[1.379s] -- Up-to-date: /home/sudheer/ros2_ws/install/my_robot_interfaces/local/lib/python3.10/dist-packages/my_robot_interfaces-0.0.0-py3.10.egg-info
[1.379s] -- Installing: /home/sudheer/ros2_ws/install/my_robot_interfaces/local/lib/python3.10/dist-packages/my_robot_interfaces-0.0.0-py3.10.egg-info/top_level.txt
[1.379s] -- Installing: /home/sudheer/ros2_ws/install/my_robot_interfaces/local/lib/python3.10/dist-packages/my_robot_interfaces-0.0.0-py3.10.egg-info/SOURCES.txt
[1.380s] -- Installing: /home/sudheer/ros2_ws/install/my_robot_interfaces/local/lib/python3.10/dist-packages/my_robot_interfaces-0.0.0-py3.10.egg-info/PKG-INFO
[1.380s] -- Installing: /home/sudheer/ros2_ws/install/my_robot_interfaces/local/lib/python3.10/dist-packages/my_robot_interfaces-0.0.0-py3.10.egg-info/dependency_links.txt
[1.380s] -- Up-to-date: /home/sudheer/ros2_ws/install/my_robot_interfaces/local/lib/python3.10/dist-packages/my_robot_interfaces
[1.380s] -- Up-to-date: /home/sudheer/ros2_ws/install/my_robot_interfaces/local/lib/python3.10/dist-packages/my_robot_interfaces/_my_robot_interfaces_s.ep.rosidl_typesupport_introspection_c.c
[1.380s] -- Up-to-date: /home/sudheer/ros2_ws/install/my_robot_interfaces/local/lib/python3.10/dist-packages/my_robot_interfaces/msg
[1.380s] -- Up-to-date: /home/sudheer/ros2_ws/install/my_robot_interfaces/local/lib/python3.10/dist-packages/my_robot_interfaces/msg/_hardwarestatus.py
[1.380s] -- Up-to-date: /home/sudheer/ros2_ws/install/my_robot_interfaces/local/lib/python3.10/dist-packages/my_robot_interfaces/msg/__init__.py
[1.380s] -- Up-to-date: /home/sudheer/ros2_ws/install/my_robot_interfaces/local/lib/python3.10/dist-packages/my_robot_interfaces/msg/_hardwarestatus_s.c
[1.381s] -- Up-to-date: /home/sudheer/ros2_ws/install/my_robot_interfaces/local/lib/python3.10/dist-packages/my_robot_interfaces/my_robot_interfaces_s__rosidl_typesupport_fastrtps_c.cpython-310-x86_64-linux-gnu.so
[1.381s] -- Up-to-date: /home/sudheer/ros2_ws/install/my_robot_interfaces/local/lib/python3.10/dist-packages/my_robot_interfaces/_my_robot_interfaces_s.ep.rosidl_typesupport_c.c
[1.381s] -- Up-to-date: /home/sudheer/ros2_ws/install/my_robot_interfaces/local/lib/python3.10/dist-packages/my_robot_interfaces/__init__.py
[1.381s] -- Up-to-date: /home/sudheer/ros2_ws/install/my_robot_interfaces/local/lib/python3.10/dist-packages/my_robot_interfaces/my_robot_interfaces_s__rosidl_typesupport_introspection_c.cpython-310-x86_64-linux-gnu.so
[1.381s] -- Up-to-date: /home/sudheer/ros2_ws/install/my_robot_interfaces/local/lib/python3.10/dist-packages/my_robot_interfaces/_my_robot_interfaces_s.ep.rosidl_typesupport_fastrtps_c.c
[1.382s] -- Up-to-date: /home/sudheer/ros2_ws/install/my_robot_interfaces/local/lib/python3.10/dist-packages/my_robot_interfaces/my_robot_interfaces_s__rosidl_typesupport_c.cpython-310-x86_64-linux-gnu.so
[1.382s] -- Up-to-date: /home/sudheer/ros2_ws/install/my_robot_interfaces/local/lib/python3.10/dist-packages/my_robot_interfaces/libmy_robot_interfaces__rosidl_generator_py.so
[1.382s] -- Up-to-date: /home/sudheer/ros2_ws/install/my_robot_interfaces/local/lib/python3.10/dist-packages/my_robot_interfaces/srv
[1.382s] -- Up-to-date: /home/sudheer/ros2_ws/install/my_robot_interfaces/local/lib/python3.10/dist-packages/my_robot_interfaces/srv/_server.py
[1.382s] -- Up-to-date: /home/sudheer/ros2_ws/install/my_robot_interfaces/local/lib/python3.10/dist-packages/my_robot_interfaces/srv/__init__.py
[1.382s] -- Up-to-date: /home/sudheer/ros2_ws/install/my_robot_interfaces/local/lib/python3.10/dist-packages/my_robot_interfaces/srv/_ciber_rato_server.py
[1.382s] -- Up-to-date: /home/sudheer/ros2_ws/install/my_robot_interfaces/local/lib/python3.10/dist-packages/my_robot_interfaces/srv/_server_s.c
[1.382s] -- Up-to-date: /home/sudheer/ros2_ws/install/my_robot_interfaces/local/lib/python3.10/dist-packages/my_robot_interfaces/srv/_ciber_rato_server_s.c
[1.443s] Listing '/home/sudheer/ros2_ws/install/my_robot_interfaces/local/lib/python3.10/dist-packages/my_robot_interfaces'...
[1.443s] Listing '/home/sudheer/ros2_ws/install/my_robot_interfaces/local/lib/python3.10/dist-packages/my_robot_interfaces/msg'...
[1.443s] Listing '/home/sudheer/ros2_ws/install/my_robot_interfaces/local/lib/python3.10/dist-packages/my_robot_interfaces/srv'...
[1.456s] -- Up-to-date: /home/sudheer/ros2_ws/install/my_robot_interfaces/local/lib/python3.10/dist-packages/my_robot_interfaces/my_robot_interfaces_s__rosidl_typesupport_fastrtps_c.cpython-310-x86_64-linux-gnu.so
[1.457s] -- Up-to-date: /home/sudheer/ros2_ws/install/my_robot_interfaces/local/lib/python3.10/dist-packages/my_robot_interfaces/my_robot_interfaces_s__rosidl_typesupport_introspection_c.cpython-310-x86_64-linux-gnu.so
[1.458s] -- Up-to-date: /home/sudheer/ros2_ws/install/my_robot_interfaces/local/lib/python3.10/dist-packages/my_robot_interfaces/my_robot_interfaces_s__rosidl_typesupport_c.cpython-310-x86_64-linux-gnu.so
[1.458s] -- Up-to-date: /home/sudheer/ros2_ws/install/my_robot_interfaces/lib/libmy_robot_interfaces__rosidl_generator_py.so
[1.459s] -- Up-to-date: /home/sudheer/ros2_ws/install/my_robot_interfaces/share/my_robot_interfaces/msg/Hardwarestatus.idl
[1.463s] -- Up-to-date: /home/sudheer/ros2_ws/install/my_robot_interfaces/share/my_robot_interfaces/srv/CiberRatoServer.idl
[1.464s] -- Up-to-date: /home/sudheer/ros2_ws/install/my_robot_interfaces/share/my_robot_interfaces/msg/Hardwarestatus.msg
[1.465s] -- Up-to-date: /home/sudheer/ros2_ws/install/my_robot_interfaces/share/my_robot_interfaces/srv/CiberRatoServer.srv
[1.466s] -- Up-to-date: /home/sudheer/ros2_ws/install/my_robot_interfaces/share/my_robot_interfaces/srv/CiberRatoServer_Request.msg
[1.466s] -- Up-to-date: /home/sudheer/ros2_ws/install/my_robot_interfaces/share/my_robot_interfaces/srv/CiberRatoServer_Response.msg
[1.467s] -- Up-to-date: /home/sudheer/ros2_ws/install/my_robot_interfaces/share/ament_index/resource_index/package_run_dependencies/my_robot_interfaces
[1.467s] -- Up-to-date: /home/sudheer/ros2_ws/install/my_robot_interfaces/share/ament_index/resource_index/parent_prefix_path/my_robot_interfaces
[1.468s] -- Up-to-date: /home/sudheer/ros2_ws/install/my_robot_interfaces/share/my_robot_interfaces/environment/ament_prefix_path.sh
[1.470s] -- Up-to-date: /home/sudheer/ros2_ws/install/my_robot_interfaces/share/my_robot_interfaces/environment/ament_prefix_path.dsv
[1.470s] -- Up-to-date: /home/sudheer/ros2_ws/install/my_robot_interfaces/share/my_robot_interfaces/environment/path.sh
[1.471s] -- Up-to-date: /home/sudheer/ros2_ws/install/my_robot_interfaces/share/my_robot_interfaces/environment/path.dsv
[1.472s] -- Up-to-date: /home/sudheer/ros2_ws/install/my_robot_interfaces/share/my_robot_interfaces/local_setup.bash
[1.472s] -- Up-to-date: /home/sudheer/ros2_ws/install/my_robot_interfaces/share/my_robot_interfaces/local_setup.sh
[1.472s] -- Up-to-date: /home/sudheer/ros2_ws/install/my_robot_interfaces/share/my_robot_interfaces/local_setup.zsh
[1.472s] -- Up-to-date: /home/sudheer/ros2_ws/install/my_robot_interfaces/share/my_robot_interfaces/local_setup.dsv
[1.473s] -- Installing: /home/sudheer/ros2_ws/install/my_robot_interfaces/share/my_robot_interfaces/package.dsv
[1.473s] -- Up-to-date: /home/sudheer/ros2_ws/install/my_robot_interfaces/share/ament_index/resource_index/packages/my_robot_interfaces
[1.473s] -- Up-to-date: /home/sudheer/ros2_ws/install/my_robot_interfaces/share/my_robot_interfaces/cmake/export_my_robot_interfaces__rosidl_generator_cExport.cmake
[1.473s] -- Up-to-date: /home/sudheer/ros2_ws/install/my_robot_interfaces/share/my_robot_interfaces/cmake/export_my_robot_interfaces__rosidl_generator_cExport-noconfig.cmake
[1.473s] -- Up-to-date: /home/sudheer/ros2_ws/install/my_robot_interfaces/share/my_robot_interfaces/cmake/export_my_robot_interfaces__rosidl_typesupport_fastrtps_cExport.cmake
[1.473s] -- Up-to-date: /home/sudheer/ros2_ws/install/my_robot_interfaces/share/my_robot_interfaces/cmake/export_my_robot_interfaces__rosidl_typesupport_fastrtps_cExport-noconfig.cmake
[1.474s] -- Up-to-date: /home/sudheer/ros2_ws/install/my_robot_interfaces/share/my_robot_interfaces/cmake/my_robot_interfaces__rosidl_typesupport_introspection_cExport.cmake
[1.474s] -- Up-to-date: /home/sudheer/ros2_ws/install/my_robot_interfaces/share/my_robot_interfaces/cmake/my_robot_interfaces__rosidl_typesupport_introspection_cExport-noconfig.cmake
[1.474s] -- Up-to-date: /home/sudheer/ros2_ws/install/my_robot_interfaces/share/my_robot_interfaces/cmake/my_robot_interfaces__rosidl_typesupport_cExport.cmake
[1.474s] -- Up-to-date: /home/sudheer/ros2_ws/install/my_robot_interfaces/share/my_robot_interfaces/cmake/my_robot_interfaces__rosidl_typesupport_cExport-noconfig.cmake
[1.474s] -- Up-to-date: /home/sudheer/ros2_ws/install/my_robot_interfaces/share/my_robot_interfaces/cmake/export_my_robot_interfaces__rosidl_generator_cppExport.cmake
[1.475s] -- Up-to-date: /home/sudheer/ros2_ws/install/my_robot_interfaces/share/my_robot_interfaces/cmake/export_my_robot_interfaces__rosidl_typesupport_fastrtps_cppExport.cmake
[1.480s] -- Up-to-date: /home/sudheer/ros2_ws/install/my_robot_interfaces/share/my_robot_interfaces/cmake/export_my_robot_interfaces__rosidl_typesupport_fastrtps_cppExport-noconfig.cmake
[1.481s] -- Up-to-date: /home/sudheer/ros2_ws/install/my_robot_interfaces/share/my_robot_interfaces/cmake/my_robot_interfaces__rosidl_typesupport_introspection_cppExport.cmake
[1.483s] -- Up-to-date: /home/sudheer/ros2_ws/install/my_robot_interfaces/share/my_robot_interfaces/cmake/my_robot_interfaces__rosidl_typesupport_introspection_cppExport-noconfig.cmake
[1.484s] -- Up-to-date: /home/sudheer/ros2_ws/install/my_robot_interfaces/share/my_robot_interfaces/cmake/my_robot_interfaces__rosidl_typesupport_cppExport.cmake
[1.485s] -- Up-to-date: /home/sudheer/ros2_ws/install/my_robot_interfaces/share/my_robot_interfaces/cmake/my_robot_interfaces__rosidl_typesupport_cppExport-noconfig.cmake
[1.485s] -- Up-to-date: /home/sudheer/ros2_ws/install/my_robot_interfaces/share/my_robot_interfaces/cmake/export_my_robot_interfaces__rosidl_generator_pyExport.cmake
[1.486s] -- Up-to-date: /home/sudheer/ros2_ws/install/my_robot_interfaces/share/my_robot_interfaces/cmake/export_my_robot_interfaces__rosidl_generator_pyExport-noconfig.cmake
[1.487s] -- Up-to-date: /home/sudheer/ros2_ws/install/my_robot_interfaces/share/my_robot_interfaces/cmake/rosidl_cmake-extras.cmake
[1.488s] -- Up-to-date: /home/sudheer/ros2_ws/install/my_robot_interfaces/share/my_robot_interfaces/cmake/ament_cmake_export_include_directories-extras.cmake
[1.488s] -- Up-to-date: /home/sudheer/ros2_ws/install/my_robot_interfaces/share/my_robot_interfaces/cmake/ament_cmake_export_libraries-extras.cmake
[1.488s] -- Up-to-date: /home/sudheer/ros2_ws/install/my_robot_interfaces/share/my_robot_interfaces/cmake/ament_cmake_export_targets-extras.cmake
[1.489s] -- Up-to-date: /home/sudheer/ros2_ws/install/my_robot_interfaces/share/my_robot_interfaces/cmake/rosidl_cmake_export_typesupport_targets-extras.cmake
[1.489s] -- Up-to-date: /home/sudheer/ros2_ws/install/my_robot_interfaces/share/my_robot_interfaces/cmake/ament_cmake_export_dependencies-extras.cmake
[1.489s] -- Up-to-date: /home/sudheer/ros2_ws/install/my_robot_interfaces/share/my_robot_interfaces/cmake/rosidl_cmake_export_typesupport_libraries-extras.cmake
[1.490s] -- Up-to-date: /home/sudheer/ros2_ws/install/my_robot_interfaces/share/my_robot_interfaces/cmake/my_robot_interfacesConfig.cmake
[1.490s] -- Up-to-date: /home/sudheer/ros2_ws/install/my_robot_interfaces/share/my_robot_interfaces/cmake/my_robot_interfacesConfig-version.cmake
[1.490s] -- Up-to-date: /home/sudheer/ros2_ws/install/my_robot_interfaces/share/my_robot_interfaces/package.xml
[1.490s] Invoked command in '/home/sudheer/ros2_ws/build/my_robot_interfaces' returned '0': CMAKE_PREFIX_PATH=${CMAKE_PREFIX_PATH}:/home/sudheer/ros2_ws/install/my_py_pkg:/opt/ros/humble /usr/bin/cmake --install /home/sudheer/ros2_ws/build/my_robot_interfaces
