[0.032s] Invoking command in '/home/sudheer/ros2_ws/build/my_robot_interfaces': CMAKE_PREFIX_PATH=${CMAKE_PREFIX_PATH}:/home/sudheer/ros2_ws/install/my_py_pkg:/opt/ros/humble /usr/bin/cmake --build /home/sudheer/ros2_ws/build/my_robot_interfaces -- -j4 -l4
[0.112s] -- Found ament_cmake: 1.3.8 (/opt/ros/humble/share/ament_cmake/cmake)
[0.426s] -- Found rosidl_default_generators: 1.2.0 (/opt/ros/humble/share/rosidl_default_generators/cmake)
[0.434s] -- Using all available rosidl_typesupport_c: rosidl_typesupport_fastrtps_c;rosidl_typesupport_introspection_c
[0.445s] -- Found rosidl_adapter: 3.1.5 (/opt/ros/humble/share/rosidl_adapter/cmake)
[0.545s] -- Using all available rosidl_typesupport_cpp: rosidl_typesupport_fastrtps_cpp;rosidl_typesupport_introspection_cpp
[1.084s] -- Found ament_cmake_ros: 0.10.0 (/opt/ros/humble/share/ament_cmake_ros/cmake)
[1.387s] -- Using all available rosidl_typesupport_c: rosidl_typesupport_fastrtps_c;rosidl_typesupport_introspection_c
[1.786s] -- Using all available rosidl_typesupport_cpp: rosidl_typesupport_fastrtps_cpp;rosidl_typesupport_introspection_cpp
[1.826s] -- Found python_cmake_module: 0.10.0 (/opt/ros/humble/share/python_cmake_module/cmake)
[1.872s] -- Using PYTHON_EXECUTABLE: /usr/bin/python3
[1.872s] -- Using PYTHON_INCLUDE_DIRS: /usr/include/python3.10
[1.872s] -- Using PYTHON_LIBRARIES: /usr/lib/x86_64-linux-gnu/libpython3.10.so
[1.929s] -- Configuring done
[2.056s] -- Generating done
[2.063s] -- Build files have been written to: /home/sudheer/ros2_ws/build/my_robot_interfaces
[2.104s] [  2%] [34m[1mGenerating C code for ROS interfaces[0m
[2.131s] [  5%] [34m[1mGenerating C++ code for ROS interfaces[0m
[2.163s] [  5%] Built target ament_cmake_python_copy_my_robot_interfaces
[2.589s] running egg_info
[2.591s] writing my_robot_interfaces.egg-info/PKG-INFO
[2.593s] writing dependency_links to my_robot_interfaces.egg-info/dependency_links.txt
[2.595s] writing top-level names to my_robot_interfaces.egg-info/top_level.txt
[2.603s] reading manifest file 'my_robot_interfaces.egg-info/SOURCES.txt'
[2.605s] writing manifest file 'my_robot_interfaces.egg-info/SOURCES.txt'
[2.662s] [  5%] Built target ament_cmake_python_build_my_robot_interfaces_egg
[2.753s] [  5%] Built target my_robot_interfaces__cpp
[2.775s] [  7%] [34m[1mGenerating C++ type support dispatch for ROS interfaces[0m
[2.777s] [ 10%] [34m[1mGenerating C++ type support for eProsima Fast-RTPS[0m
[2.784s] [ 12%] [34m[1mGenerating C++ introspection for ROS interfaces[0m
[2.785s] [35m[1mConsolidate compiler generated dependencies of target my_robot_interfaces__rosidl_generator_c[0m
[2.818s] [ 15%] [32mBuilding C object CMakeFiles/my_robot_interfaces__rosidl_generator_c.dir/rosidl_generator_c/my_robot_interfaces/msg/detail/robot_status__functions.c.o[0m
[3.011s] [ 17%] [32mBuilding C object CMakeFiles/my_robot_interfaces__rosidl_generator_c.dir/rosidl_generator_c/my_robot_interfaces/srv/detail/ciber_rato_server__functions.c.o[0m
[3.144s] [ 20%] [32m[1mLinking C shared library libmy_robot_interfaces__rosidl_generator_c.so[0m
[3.227s] [35m[1mConsolidate compiler generated dependencies of target my_robot_interfaces__rosidl_typesupport_cpp[0m
[3.243s] [ 20%] Built target my_robot_interfaces__rosidl_generator_c
[3.254s] [ 23%] [32mBuilding CXX object CMakeFiles/my_robot_interfaces__rosidl_typesupport_cpp.dir/rosidl_typesupport_cpp/my_robot_interfaces/msg/robot_status__type_support.cpp.o[0m
[3.265s] [ 25%] [34m[1mGenerating C type support for eProsima Fast-RTPS[0m
[3.412s] [35m[1mConsolidate compiler generated dependencies of target my_robot_interfaces__rosidl_typesupport_fastrtps_cpp[0m
[3.456s] [ 28%] [32mBuilding CXX object CMakeFiles/my_robot_interfaces__rosidl_typesupport_fastrtps_cpp.dir/rosidl_typesupport_fastrtps_cpp/my_robot_interfaces/msg/detail/dds_fastrtps/robot_status__type_support.cpp.o[0m
[3.503s] [35m[1mConsolidate compiler generated dependencies of target my_robot_interfaces__rosidl_typesupport_introspection_cpp[0m
[3.532s] [ 30%] [32mBuilding CXX object CMakeFiles/my_robot_interfaces__rosidl_typesupport_introspection_cpp.dir/rosidl_typesupport_introspection_cpp/my_robot_interfaces/msg/detail/robot_status__type_support.cpp.o[0m
[3.917s] [35m[1mConsolidate compiler generated dependencies of target my_robot_interfaces__rosidl_typesupport_fastrtps_c[0m
[3.942s] [ 33%] [32mBuilding CXX object CMakeFiles/my_robot_interfaces__rosidl_typesupport_fastrtps_c.dir/rosidl_typesupport_fastrtps_c/my_robot_interfaces/msg/detail/robot_status__type_support_c.cpp.o[0m
[4.047s] [ 35%] [32mBuilding CXX object CMakeFiles/my_robot_interfaces__rosidl_typesupport_cpp.dir/rosidl_typesupport_cpp/my_robot_interfaces/srv/ciber_rato_server__type_support.cpp.o[0m
[4.211s] [ 38%] [32mBuilding CXX object CMakeFiles/my_robot_interfaces__rosidl_typesupport_fastrtps_cpp.dir/rosidl_typesupport_fastrtps_cpp/my_robot_interfaces/srv/detail/dds_fastrtps/ciber_rato_server__type_support.cpp.o[0m
[4.251s] [ 41%] [32mBuilding CXX object CMakeFiles/my_robot_interfaces__rosidl_typesupport_introspection_cpp.dir/rosidl_typesupport_introspection_cpp/my_robot_interfaces/srv/detail/ciber_rato_server__type_support.cpp.o[0m
[4.496s] [ 43%] [32mBuilding CXX object CMakeFiles/my_robot_interfaces__rosidl_typesupport_fastrtps_c.dir/rosidl_typesupport_fastrtps_c/my_robot_interfaces/srv/detail/ciber_rato_server__type_support_c.cpp.o[0m
[4.529s] [ 46%] [32m[1mLinking CXX shared library libmy_robot_interfaces__rosidl_typesupport_cpp.so[0m
[4.624s] [ 46%] Built target my_robot_interfaces__rosidl_typesupport_cpp
[4.644s] [ 48%] [34m[1mGenerating C introspection for ROS interfaces[0m
[4.924s] [ 51%] [32m[1mLinking CXX shared library libmy_robot_interfaces__rosidl_typesupport_fastrtps_cpp.so[0m
[4.979s] [ 53%] [32m[1mLinking CXX shared library libmy_robot_interfaces__rosidl_typesupport_introspection_cpp.so[0m
[5.098s] [ 53%] Built target my_robot_interfaces__rosidl_typesupport_fastrtps_cpp
[5.120s] [ 56%] [34m[1mGenerating C type support dispatch for ROS interfaces[0m
[5.137s] [ 58%] [32m[1mLinking CXX shared library libmy_robot_interfaces__rosidl_typesupport_fastrtps_c.so[0m
[5.140s] [ 58%] Built target my_robot_interfaces__rosidl_typesupport_introspection_cpp
[5.221s] [35m[1mConsolidate compiler generated dependencies of target my_robot_interfaces__rosidl_typesupport_introspection_c[0m
[5.245s] [ 64%] [32mBuilding C object CMakeFiles/my_robot_interfaces__rosidl_typesupport_introspection_c.dir/rosidl_typesupport_introspection_c/my_robot_interfaces/srv/detail/ciber_rato_server__type_support.c.o[0m
[5.245s] [ 64%] [32mBuilding C object CMakeFiles/my_robot_interfaces__rosidl_typesupport_introspection_c.dir/rosidl_typesupport_introspection_c/my_robot_interfaces/msg/detail/robot_status__type_support.c.o[0m
[5.318s] [ 64%] Built target my_robot_interfaces__rosidl_typesupport_fastrtps_c
[5.328s] [ 66%] [32m[1mLinking C shared library libmy_robot_interfaces__rosidl_typesupport_introspection_c.so[0m
[5.393s] [ 66%] Built target my_robot_interfaces__rosidl_typesupport_introspection_c
[5.598s] [35m[1mConsolidate compiler generated dependencies of target my_robot_interfaces__rosidl_typesupport_c[0m
[5.620s] [ 71%] [32mBuilding CXX object CMakeFiles/my_robot_interfaces__rosidl_typesupport_c.dir/rosidl_typesupport_c/my_robot_interfaces/srv/ciber_rato_server__type_support.cpp.o[0m
[5.620s] [ 71%] [32mBuilding CXX object CMakeFiles/my_robot_interfaces__rosidl_typesupport_c.dir/rosidl_typesupport_c/my_robot_interfaces/msg/robot_status__type_support.cpp.o[0m
[5.679s] [ 74%] [32m[1mLinking CXX shared library libmy_robot_interfaces__rosidl_typesupport_c.so[0m
[5.753s] [ 74%] Built target my_robot_interfaces__rosidl_typesupport_c
[5.796s] [ 74%] Built target my_robot_interfaces
[5.836s] [ 76%] [34m[1mGenerating Python code for ROS interfaces[0m
[6.580s] [ 76%] Built target my_robot_interfaces__py
[6.600s] [35m[1mConsolidate compiler generated dependencies of target my_robot_interfaces__rosidl_generator_py[0m
[6.634s] [ 79%] [32mBuilding C object CMakeFiles/my_robot_interfaces__rosidl_generator_py.dir/rosidl_generator_py/my_robot_interfaces/msg/_robot_status_s.c.o[0m
[6.642s] [ 82%] [32mBuilding C object CMakeFiles/my_robot_interfaces__rosidl_generator_py.dir/rosidl_generator_py/my_robot_interfaces/srv/_ciber_rato_server_s.c.o[0m
[6.910s] [ 84%] [32m[1mLinking C shared library rosidl_generator_py/my_robot_interfaces/libmy_robot_interfaces__rosidl_generator_py.so[0m
[6.984s] [ 84%] Built target my_robot_interfaces__rosidl_generator_py
[7.007s] [35m[1mConsolidate compiler generated dependencies of target my_robot_interfaces__rosidl_typesupport_introspection_c__pyext[0m
[7.007s] [35m[1mConsolidate compiler generated dependencies of target my_robot_interfaces__rosidl_typesupport_fastrtps_c__pyext[0m
[7.008s] [35m[1mConsolidate compiler generated dependencies of target my_robot_interfaces__rosidl_typesupport_c__pyext[0m
[7.033s] [ 92%] [32mBuilding C object CMakeFiles/my_robot_interfaces__rosidl_typesupport_introspection_c__pyext.dir/rosidl_generator_py/my_robot_interfaces/_my_robot_interfaces_s.ep.rosidl_typesupport_introspection_c.c.o[0m
[7.034s] [ 92%] [32mBuilding C object CMakeFiles/my_robot_interfaces__rosidl_typesupport_c__pyext.dir/rosidl_generator_py/my_robot_interfaces/_my_robot_interfaces_s.ep.rosidl_typesupport_c.c.o[0m
[7.034s] [ 92%] [32mBuilding C object CMakeFiles/my_robot_interfaces__rosidl_typesupport_fastrtps_c__pyext.dir/rosidl_generator_py/my_robot_interfaces/_my_robot_interfaces_s.ep.rosidl_typesupport_fastrtps_c.c.o[0m
[7.202s] [ 97%] [32m[1mLinking C shared library rosidl_generator_py/my_robot_interfaces/my_robot_interfaces_s__rosidl_typesupport_c.cpython-310-x86_64-linux-gnu.so[0m
[7.202s] [ 97%] [32m[1mLinking C shared library rosidl_generator_py/my_robot_interfaces/my_robot_interfaces_s__rosidl_typesupport_introspection_c.cpython-310-x86_64-linux-gnu.so[0m
[7.204s] [100%] [32m[1mLinking C shared library rosidl_generator_py/my_robot_interfaces/my_robot_interfaces_s__rosidl_typesupport_fastrtps_c.cpython-310-x86_64-linux-gnu.so[0m
[7.265s] [100%] Built target my_robot_interfaces__rosidl_typesupport_c__pyext
[7.267s] [100%] Built target my_robot_interfaces__rosidl_typesupport_introspection_c__pyext
[7.269s] [100%] Built target my_robot_interfaces__rosidl_typesupport_fastrtps_c__pyext
[7.300s] Invoked command in '/home/sudheer/ros2_ws/build/my_robot_interfaces' returned '0': CMAKE_PREFIX_PATH=${CMAKE_PREFIX_PATH}:/home/sudheer/ros2_ws/install/my_py_pkg:/opt/ros/humble /usr/bin/cmake --build /home/sudheer/ros2_ws/build/my_robot_interfaces -- -j4 -l4
[7.532s] Invoking command in '/home/sudheer/ros2_ws/build/my_robot_interfaces': CMAKE_PREFIX_PATH=${CMAKE_PREFIX_PATH}:/home/sudheer/ros2_ws/install/my_py_pkg:/opt/ros/humble /usr/bin/cmake --install /home/sudheer/ros2_ws/build/my_robot_interfaces
[7.549s] -- Install configuration: ""
[7.549s] -- Installing: /home/sudheer/ros2_ws/install/my_robot_interfaces/share/ament_index/resource_index/rosidl_interfaces/my_robot_interfaces
[7.551s] -- Up-to-date: /home/sudheer/ros2_ws/install/my_robot_interfaces/include/my_robot_interfaces/my_robot_interfaces
[7.554s] -- Up-to-date: /home/sudheer/ros2_ws/install/my_robot_interfaces/include/my_robot_interfaces/my_robot_interfaces/msg
[7.555s] -- Up-to-date: /home/sudheer/ros2_ws/install/my_robot_interfaces/include/my_robot_interfaces/my_robot_interfaces/msg/rosidl_generator_c__visibility_control.h
[7.555s] -- Up-to-date: /home/sudheer/ros2_ws/install/my_robot_interfaces/include/my_robot_interfaces/my_robot_interfaces/msg/detail
[7.556s] -- Up-to-date: /home/sudheer/ros2_ws/install/my_robot_interfaces/include/my_robot_interfaces/my_robot_interfaces/msg/detail/hardwarestatus__type_support.h
[7.556s] -- Up-to-date: /home/sudheer/ros2_ws/install/my_robot_interfaces/include/my_robot_interfaces/my_robot_interfaces/msg/detail/hardwarestatus__struct.h
[7.556s] -- Installing: /home/sudheer/ros2_ws/install/my_robot_interfaces/include/my_robot_interfaces/my_robot_interfaces/msg/detail/robot_status__functions.h
[7.557s] -- Installing: /home/sudheer/ros2_ws/install/my_robot_interfaces/include/my_robot_interfaces/my_robot_interfaces/msg/detail/robot_status__struct.h
[7.557s] -- Installing: /home/sudheer/ros2_ws/install/my_robot_interfaces/include/my_robot_interfaces/my_robot_interfaces/msg/detail/robot_status__functions.c
[7.557s] -- Up-to-date: /home/sudheer/ros2_ws/install/my_robot_interfaces/include/my_robot_interfaces/my_robot_interfaces/msg/detail/hardwarestatus__functions.c
[7.558s] -- Up-to-date: /home/sudheer/ros2_ws/install/my_robot_interfaces/include/my_robot_interfaces/my_robot_interfaces/msg/detail/hardwarestatus__functions.h
[7.558s] -- Installing: /home/sudheer/ros2_ws/install/my_robot_interfaces/include/my_robot_interfaces/my_robot_interfaces/msg/detail/robot_status__type_support.h
[7.559s] -- Installing: /home/sudheer/ros2_ws/install/my_robot_interfaces/include/my_robot_interfaces/my_robot_interfaces/msg/robot_status.h
[7.559s] -- Up-to-date: /home/sudheer/ros2_ws/install/my_robot_interfaces/include/my_robot_interfaces/my_robot_interfaces/msg/hardwarestatus.h
[7.559s] -- Up-to-date: /home/sudheer/ros2_ws/install/my_robot_interfaces/include/my_robot_interfaces/my_robot_interfaces/srv
[7.559s] -- Up-to-date: /home/sudheer/ros2_ws/install/my_robot_interfaces/include/my_robot_interfaces/my_robot_interfaces/srv/detail
[7.560s] -- Installing: /home/sudheer/ros2_ws/install/my_robot_interfaces/include/my_robot_interfaces/my_robot_interfaces/srv/detail/ciber_rato_server__functions.h
[7.560s] -- Up-to-date: /home/sudheer/ros2_ws/install/my_robot_interfaces/include/my_robot_interfaces/my_robot_interfaces/srv/detail/server__functions.h
[7.560s] -- Up-to-date: /home/sudheer/ros2_ws/install/my_robot_interfaces/include/my_robot_interfaces/my_robot_interfaces/srv/detail/server__struct.h
[7.561s] -- Installing: /home/sudheer/ros2_ws/install/my_robot_interfaces/include/my_robot_interfaces/my_robot_interfaces/srv/detail/ciber_rato_server__functions.c
[7.561s] -- Up-to-date: /home/sudheer/ros2_ws/install/my_robot_interfaces/include/my_robot_interfaces/my_robot_interfaces/srv/detail/server__functions.c
[7.562s] -- Up-to-date: /home/sudheer/ros2_ws/install/my_robot_interfaces/include/my_robot_interfaces/my_robot_interfaces/srv/detail/server__type_support.h
[7.562s] -- Installing: /home/sudheer/ros2_ws/install/my_robot_interfaces/include/my_robot_interfaces/my_robot_interfaces/srv/detail/ciber_rato_server__type_support.h
[7.562s] -- Installing: /home/sudheer/ros2_ws/install/my_robot_interfaces/include/my_robot_interfaces/my_robot_interfaces/srv/detail/ciber_rato_server__struct.h
[7.562s] -- Installing: /home/sudheer/ros2_ws/install/my_robot_interfaces/include/my_robot_interfaces/my_robot_interfaces/srv/ciber_rato_server.h
[7.563s] -- Up-to-date: /home/sudheer/ros2_ws/install/my_robot_interfaces/include/my_robot_interfaces/my_robot_interfaces/srv/server.h
[7.563s] -- Up-to-date: /home/sudheer/ros2_ws/install/my_robot_interfaces/share/my_robot_interfaces/environment/library_path.sh
[7.563s] -- Installing: /home/sudheer/ros2_ws/install/my_robot_interfaces/share/my_robot_interfaces/environment/library_path.dsv
[7.563s] -- Installing: /home/sudheer/ros2_ws/install/my_robot_interfaces/lib/libmy_robot_interfaces__rosidl_generator_c.so
[7.564s] -- Set runtime path of "/home/sudheer/ros2_ws/install/my_robot_interfaces/lib/libmy_robot_interfaces__rosidl_generator_c.so" to ""
[7.564s] -- Up-to-date: /home/sudheer/ros2_ws/install/my_robot_interfaces/include/my_robot_interfaces/my_robot_interfaces
[7.564s] -- Up-to-date: /home/sudheer/ros2_ws/install/my_robot_interfaces/include/my_robot_interfaces/my_robot_interfaces/msg
[7.564s] -- Up-to-date: /home/sudheer/ros2_ws/install/my_robot_interfaces/include/my_robot_interfaces/my_robot_interfaces/msg/detail
[7.564s] -- Installing: /home/sudheer/ros2_ws/install/my_robot_interfaces/include/my_robot_interfaces/my_robot_interfaces/msg/detail/robot_status__rosidl_typesupport_fastrtps_c.h
[7.565s] -- Up-to-date: /home/sudheer/ros2_ws/install/my_robot_interfaces/include/my_robot_interfaces/my_robot_interfaces/msg/detail/hardwarestatus__rosidl_typesupport_fastrtps_c.h
[7.565s] -- Up-to-date: /home/sudheer/ros2_ws/install/my_robot_interfaces/include/my_robot_interfaces/my_robot_interfaces/msg/rosidl_typesupport_fastrtps_c__visibility_control.h
[7.565s] -- Up-to-date: /home/sudheer/ros2_ws/install/my_robot_interfaces/include/my_robot_interfaces/my_robot_interfaces/srv
[7.565s] -- Up-to-date: /home/sudheer/ros2_ws/install/my_robot_interfaces/include/my_robot_interfaces/my_robot_interfaces/srv/detail
[7.565s] -- Up-to-date: /home/sudheer/ros2_ws/install/my_robot_interfaces/include/my_robot_interfaces/my_robot_interfaces/srv/detail/server__rosidl_typesupport_fastrtps_c.h
[7.566s] -- Installing: /home/sudheer/ros2_ws/install/my_robot_interfaces/include/my_robot_interfaces/my_robot_interfaces/srv/detail/ciber_rato_server__rosidl_typesupport_fastrtps_c.h
[7.566s] -- Installing: /home/sudheer/ros2_ws/install/my_robot_interfaces/lib/libmy_robot_interfaces__rosidl_typesupport_fastrtps_c.so
[7.566s] -- Set runtime path of "/home/sudheer/ros2_ws/install/my_robot_interfaces/lib/libmy_robot_interfaces__rosidl_typesupport_fastrtps_c.so" to ""
[7.567s] -- Up-to-date: /home/sudheer/ros2_ws/install/my_robot_interfaces/include/my_robot_interfaces/my_robot_interfaces
[7.567s] -- Up-to-date: /home/sudheer/ros2_ws/install/my_robot_interfaces/include/my_robot_interfaces/my_robot_interfaces/msg
[7.567s] -- Up-to-date: /home/sudheer/ros2_ws/install/my_robot_interfaces/include/my_robot_interfaces/my_robot_interfaces/msg/detail
[7.568s] -- Up-to-date: /home/sudheer/ros2_ws/install/my_robot_interfaces/include/my_robot_interfaces/my_robot_interfaces/msg/detail/hardwarestatus__rosidl_typesupport_introspection_c.h
[7.568s] -- Installing: /home/sudheer/ros2_ws/install/my_robot_interfaces/include/my_robot_interfaces/my_robot_interfaces/msg/detail/robot_status__type_support.c
[7.568s] -- Installing: /home/sudheer/ros2_ws/install/my_robot_interfaces/include/my_robot_interfaces/my_robot_interfaces/msg/detail/robot_status__rosidl_typesupport_introspection_c.h
[7.568s] -- Up-to-date: /home/sudheer/ros2_ws/install/my_robot_interfaces/include/my_robot_interfaces/my_robot_interfaces/msg/detail/hardwarestatus__type_support.c
[7.569s] -- Up-to-date: /home/sudheer/ros2_ws/install/my_robot_interfaces/include/my_robot_interfaces/my_robot_interfaces/msg/rosidl_typesupport_introspection_c__visibility_control.h
[7.569s] -- Up-to-date: /home/sudheer/ros2_ws/install/my_robot_interfaces/include/my_robot_interfaces/my_robot_interfaces/srv
[7.569s] -- Up-to-date: /home/sudheer/ros2_ws/install/my_robot_interfaces/include/my_robot_interfaces/my_robot_interfaces/srv/detail
[7.569s] -- Installing: /home/sudheer/ros2_ws/install/my_robot_interfaces/include/my_robot_interfaces/my_robot_interfaces/srv/detail/ciber_rato_server__rosidl_typesupport_introspection_c.h
[7.569s] -- Up-to-date: /home/sudheer/ros2_ws/install/my_robot_interfaces/include/my_robot_interfaces/my_robot_interfaces/srv/detail/server__type_support.c
[7.570s] -- Installing: /home/sudheer/ros2_ws/install/my_robot_interfaces/include/my_robot_interfaces/my_robot_interfaces/srv/detail/ciber_rato_server__type_support.c
[7.570s] -- Up-to-date: /home/sudheer/ros2_ws/install/my_robot_interfaces/include/my_robot_interfaces/my_robot_interfaces/srv/detail/server__rosidl_typesupport_introspection_c.h
[7.570s] -- Installing: /home/sudheer/ros2_ws/install/my_robot_interfaces/lib/libmy_robot_interfaces__rosidl_typesupport_introspection_c.so
[7.571s] -- Set runtime path of "/home/sudheer/ros2_ws/install/my_robot_interfaces/lib/libmy_robot_interfaces__rosidl_typesupport_introspection_c.so" to ""
[7.571s] -- Installing: /home/sudheer/ros2_ws/install/my_robot_interfaces/lib/libmy_robot_interfaces__rosidl_typesupport_c.so
[7.572s] -- Set runtime path of "/home/sudheer/ros2_ws/install/my_robot_interfaces/lib/libmy_robot_interfaces__rosidl_typesupport_c.so" to ""
[7.572s] -- Up-to-date: /home/sudheer/ros2_ws/install/my_robot_interfaces/include/my_robot_interfaces/my_robot_interfaces
[7.572s] -- Up-to-date: /home/sudheer/ros2_ws/install/my_robot_interfaces/include/my_robot_interfaces/my_robot_interfaces/msg
[7.573s] -- Up-to-date: /home/sudheer/ros2_ws/install/my_robot_interfaces/include/my_robot_interfaces/my_robot_interfaces/msg/hardwarestatus.hpp
[7.573s] -- Up-to-date: /home/sudheer/ros2_ws/install/my_robot_interfaces/include/my_robot_interfaces/my_robot_interfaces/msg/detail
[7.573s] -- Up-to-date: /home/sudheer/ros2_ws/install/my_robot_interfaces/include/my_robot_interfaces/my_robot_interfaces/msg/detail/hardwarestatus__struct.hpp
[7.573s] -- Up-to-date: /home/sudheer/ros2_ws/install/my_robot_interfaces/include/my_robot_interfaces/my_robot_interfaces/msg/detail/hardwarestatus__builder.hpp
[7.574s] -- Installing: /home/sudheer/ros2_ws/install/my_robot_interfaces/include/my_robot_interfaces/my_robot_interfaces/msg/detail/robot_status__struct.hpp
[7.574s] -- Up-to-date: /home/sudheer/ros2_ws/install/my_robot_interfaces/include/my_robot_interfaces/my_robot_interfaces/msg/detail/hardwarestatus__traits.hpp
[7.574s] -- Installing: /home/sudheer/ros2_ws/install/my_robot_interfaces/include/my_robot_interfaces/my_robot_interfaces/msg/detail/robot_status__traits.hpp
[7.574s] -- Installing: /home/sudheer/ros2_ws/install/my_robot_interfaces/include/my_robot_interfaces/my_robot_interfaces/msg/detail/robot_status__builder.hpp
[7.574s] -- Installing: /home/sudheer/ros2_ws/install/my_robot_interfaces/include/my_robot_interfaces/my_robot_interfaces/msg/robot_status.hpp
[7.574s] -- Up-to-date: /home/sudheer/ros2_ws/install/my_robot_interfaces/include/my_robot_interfaces/my_robot_interfaces/srv
[7.575s] -- Up-to-date: /home/sudheer/ros2_ws/install/my_robot_interfaces/include/my_robot_interfaces/my_robot_interfaces/srv/detail
[7.575s] -- Installing: /home/sudheer/ros2_ws/install/my_robot_interfaces/include/my_robot_interfaces/my_robot_interfaces/srv/detail/ciber_rato_server__traits.hpp
[7.575s] -- Up-to-date: /home/sudheer/ros2_ws/install/my_robot_interfaces/include/my_robot_interfaces/my_robot_interfaces/srv/detail/server__struct.hpp
[7.575s] -- Installing: /home/sudheer/ros2_ws/install/my_robot_interfaces/include/my_robot_interfaces/my_robot_interfaces/srv/detail/ciber_rato_server__struct.hpp
[7.575s] -- Installing: /home/sudheer/ros2_ws/install/my_robot_interfaces/include/my_robot_interfaces/my_robot_interfaces/srv/detail/ciber_rato_server__builder.hpp
[7.575s] -- Up-to-date: /home/sudheer/ros2_ws/install/my_robot_interfaces/include/my_robot_interfaces/my_robot_interfaces/srv/detail/server__builder.hpp
[7.576s] -- Up-to-date: /home/sudheer/ros2_ws/install/my_robot_interfaces/include/my_robot_interfaces/my_robot_interfaces/srv/detail/server__traits.hpp
[7.576s] -- Installing: /home/sudheer/ros2_ws/install/my_robot_interfaces/include/my_robot_interfaces/my_robot_interfaces/srv/ciber_rato_server.hpp
[7.576s] -- Up-to-date: /home/sudheer/ros2_ws/install/my_robot_interfaces/include/my_robot_interfaces/my_robot_interfaces/srv/server.hpp
[7.576s] -- Up-to-date: /home/sudheer/ros2_ws/install/my_robot_interfaces/include/my_robot_interfaces/my_robot_interfaces
[7.576s] -- Up-to-date: /home/sudheer/ros2_ws/install/my_robot_interfaces/include/my_robot_interfaces/my_robot_interfaces/msg
[7.576s] -- Up-to-date: /home/sudheer/ros2_ws/install/my_robot_interfaces/include/my_robot_interfaces/my_robot_interfaces/msg/rosidl_typesupport_fastrtps_cpp__visibility_control.h
[7.576s] -- Up-to-date: /home/sudheer/ros2_ws/install/my_robot_interfaces/include/my_robot_interfaces/my_robot_interfaces/msg/detail
[7.577s] -- Up-to-date: /home/sudheer/ros2_ws/install/my_robot_interfaces/include/my_robot_interfaces/my_robot_interfaces/msg/detail/dds_fastrtps
[7.577s] -- Installing: /home/sudheer/ros2_ws/install/my_robot_interfaces/include/my_robot_interfaces/my_robot_interfaces/msg/detail/robot_status__rosidl_typesupport_fastrtps_cpp.hpp
[7.577s] -- Up-to-date: /home/sudheer/ros2_ws/install/my_robot_interfaces/include/my_robot_interfaces/my_robot_interfaces/msg/detail/hardwarestatus__rosidl_typesupport_fastrtps_cpp.hpp
[7.578s] -- Up-to-date: /home/sudheer/ros2_ws/install/my_robot_interfaces/include/my_robot_interfaces/my_robot_interfaces/srv
[7.578s] -- Up-to-date: /home/sudheer/ros2_ws/install/my_robot_interfaces/include/my_robot_interfaces/my_robot_interfaces/srv/detail
[7.578s] -- Installing: /home/sudheer/ros2_ws/install/my_robot_interfaces/include/my_robot_interfaces/my_robot_interfaces/srv/detail/ciber_rato_server__rosidl_typesupport_fastrtps_cpp.hpp
[7.578s] -- Up-to-date: /home/sudheer/ros2_ws/install/my_robot_interfaces/include/my_robot_interfaces/my_robot_interfaces/srv/detail/dds_fastrtps
[7.578s] -- Up-to-date: /home/sudheer/ros2_ws/install/my_robot_interfaces/include/my_robot_interfaces/my_robot_interfaces/srv/detail/server__rosidl_typesupport_fastrtps_cpp.hpp
[7.582s] -- Installing: /home/sudheer/ros2_ws/install/my_robot_interfaces/lib/libmy_robot_interfaces__rosidl_typesupport_fastrtps_cpp.so
[7.583s] -- Set runtime path of "/home/sudheer/ros2_ws/install/my_robot_interfaces/lib/libmy_robot_interfaces__rosidl_typesupport_fastrtps_cpp.so" to ""
[7.584s] -- Up-to-date: /home/sudheer/ros2_ws/install/my_robot_interfaces/include/my_robot_interfaces/my_robot_interfaces
[7.584s] -- Up-to-date: /home/sudheer/ros2_ws/install/my_robot_interfaces/include/my_robot_interfaces/my_robot_interfaces/msg
[7.584s] -- Up-to-date: /home/sudheer/ros2_ws/install/my_robot_interfaces/include/my_robot_interfaces/my_robot_interfaces/msg/detail
[7.584s] -- Installing: /home/sudheer/ros2_ws/install/my_robot_interfaces/include/my_robot_interfaces/my_robot_interfaces/msg/detail/robot_status__rosidl_typesupport_introspection_cpp.hpp
[7.584s] -- Installing: /home/sudheer/ros2_ws/install/my_robot_interfaces/include/my_robot_interfaces/my_robot_interfaces/msg/detail/robot_status__type_support.cpp
[7.585s] -- Up-to-date: /home/sudheer/ros2_ws/install/my_robot_interfaces/include/my_robot_interfaces/my_robot_interfaces/msg/detail/hardwarestatus__type_support.cpp
[7.585s] -- Up-to-date: /home/sudheer/ros2_ws/install/my_robot_interfaces/include/my_robot_interfaces/my_robot_interfaces/msg/detail/hardwarestatus__rosidl_typesupport_introspection_cpp.hpp
[7.585s] -- Up-to-date: /home/sudheer/ros2_ws/install/my_robot_interfaces/include/my_robot_interfaces/my_robot_interfaces/srv
[7.585s] -- Up-to-date: /home/sudheer/ros2_ws/install/my_robot_interfaces/include/my_robot_interfaces/my_robot_interfaces/srv/detail
[7.585s] -- Up-to-date: /home/sudheer/ros2_ws/install/my_robot_interfaces/include/my_robot_interfaces/my_robot_interfaces/srv/detail/server__rosidl_typesupport_introspection_cpp.hpp
[7.586s] -- Installing: /home/sudheer/ros2_ws/install/my_robot_interfaces/include/my_robot_interfaces/my_robot_interfaces/srv/detail/ciber_rato_server__rosidl_typesupport_introspection_cpp.hpp
[7.586s] -- Installing: /home/sudheer/ros2_ws/install/my_robot_interfaces/include/my_robot_interfaces/my_robot_interfaces/srv/detail/ciber_rato_server__type_support.cpp
[7.586s] -- Up-to-date: /home/sudheer/ros2_ws/install/my_robot_interfaces/include/my_robot_interfaces/my_robot_interfaces/srv/detail/server__type_support.cpp
[7.587s] -- Installing: /home/sudheer/ros2_ws/install/my_robot_interfaces/lib/libmy_robot_interfaces__rosidl_typesupport_introspection_cpp.so
[7.588s] -- Set runtime path of "/home/sudheer/ros2_ws/install/my_robot_interfaces/lib/libmy_robot_interfaces__rosidl_typesupport_introspection_cpp.so" to ""
[7.589s] -- Installing: /home/sudheer/ros2_ws/install/my_robot_interfaces/lib/libmy_robot_interfaces__rosidl_typesupport_cpp.so
[7.590s] -- Set runtime path of "/home/sudheer/ros2_ws/install/my_robot_interfaces/lib/libmy_robot_interfaces__rosidl_typesupport_cpp.so" to ""
[7.590s] -- Up-to-date: /home/sudheer/ros2_ws/install/my_robot_interfaces/share/my_robot_interfaces/environment/pythonpath.sh
[7.590s] -- Installing: /home/sudheer/ros2_ws/install/my_robot_interfaces/share/my_robot_interfaces/environment/pythonpath.dsv
[7.590s] -- Up-to-date: /home/sudheer/ros2_ws/install/my_robot_interfaces/local/lib/python3.10/dist-packages/my_robot_interfaces-0.0.0-py3.10.egg-info
[7.591s] -- Installing: /home/sudheer/ros2_ws/install/my_robot_interfaces/local/lib/python3.10/dist-packages/my_robot_interfaces-0.0.0-py3.10.egg-info/top_level.txt
[7.591s] -- Installing: /home/sudheer/ros2_ws/install/my_robot_interfaces/local/lib/python3.10/dist-packages/my_robot_interfaces-0.0.0-py3.10.egg-info/SOURCES.txt
[7.591s] -- Installing: /home/sudheer/ros2_ws/install/my_robot_interfaces/local/lib/python3.10/dist-packages/my_robot_interfaces-0.0.0-py3.10.egg-info/PKG-INFO
[7.592s] -- Installing: /home/sudheer/ros2_ws/install/my_robot_interfaces/local/lib/python3.10/dist-packages/my_robot_interfaces-0.0.0-py3.10.egg-info/dependency_links.txt
[7.592s] -- Up-to-date: /home/sudheer/ros2_ws/install/my_robot_interfaces/local/lib/python3.10/dist-packages/my_robot_interfaces
[7.592s] -- Installing: /home/sudheer/ros2_ws/install/my_robot_interfaces/local/lib/python3.10/dist-packages/my_robot_interfaces/_my_robot_interfaces_s.ep.rosidl_typesupport_introspection_c.c
[7.592s] -- Up-to-date: /home/sudheer/ros2_ws/install/my_robot_interfaces/local/lib/python3.10/dist-packages/my_robot_interfaces/msg
[7.593s] -- Installing: /home/sudheer/ros2_ws/install/my_robot_interfaces/local/lib/python3.10/dist-packages/my_robot_interfaces/msg/_robot_status.py
[7.593s] -- Up-to-date: /home/sudheer/ros2_ws/install/my_robot_interfaces/local/lib/python3.10/dist-packages/my_robot_interfaces/msg/_hardwarestatus.py
[7.593s] -- Installing: /home/sudheer/ros2_ws/install/my_robot_interfaces/local/lib/python3.10/dist-packages/my_robot_interfaces/msg/_robot_status_s.c
[7.593s] -- Installing: /home/sudheer/ros2_ws/install/my_robot_interfaces/local/lib/python3.10/dist-packages/my_robot_interfaces/msg/__init__.py
[7.594s] -- Up-to-date: /home/sudheer/ros2_ws/install/my_robot_interfaces/local/lib/python3.10/dist-packages/my_robot_interfaces/msg/_hardwarestatus_s.c
[7.594s] -- Installing: /home/sudheer/ros2_ws/install/my_robot_interfaces/local/lib/python3.10/dist-packages/my_robot_interfaces/my_robot_interfaces_s__rosidl_typesupport_fastrtps_c.cpython-310-x86_64-linux-gnu.so
[7.594s] -- Installing: /home/sudheer/ros2_ws/install/my_robot_interfaces/local/lib/python3.10/dist-packages/my_robot_interfaces/_my_robot_interfaces_s.ep.rosidl_typesupport_c.c
[7.594s] -- Installing: /home/sudheer/ros2_ws/install/my_robot_interfaces/local/lib/python3.10/dist-packages/my_robot_interfaces/__init__.py
[7.594s] -- Installing: /home/sudheer/ros2_ws/install/my_robot_interfaces/local/lib/python3.10/dist-packages/my_robot_interfaces/my_robot_interfaces_s__rosidl_typesupport_introspection_c.cpython-310-x86_64-linux-gnu.so
[7.595s] -- Installing: /home/sudheer/ros2_ws/install/my_robot_interfaces/local/lib/python3.10/dist-packages/my_robot_interfaces/_my_robot_interfaces_s.ep.rosidl_typesupport_fastrtps_c.c
[7.595s] -- Installing: /home/sudheer/ros2_ws/install/my_robot_interfaces/local/lib/python3.10/dist-packages/my_robot_interfaces/my_robot_interfaces_s__rosidl_typesupport_c.cpython-310-x86_64-linux-gnu.so
[7.595s] -- Installing: /home/sudheer/ros2_ws/install/my_robot_interfaces/local/lib/python3.10/dist-packages/my_robot_interfaces/libmy_robot_interfaces__rosidl_generator_py.so
[7.596s] -- Up-to-date: /home/sudheer/ros2_ws/install/my_robot_interfaces/local/lib/python3.10/dist-packages/my_robot_interfaces/srv
[7.596s] -- Up-to-date: /home/sudheer/ros2_ws/install/my_robot_interfaces/local/lib/python3.10/dist-packages/my_robot_interfaces/srv/_server.py
[7.596s] -- Installing: /home/sudheer/ros2_ws/install/my_robot_interfaces/local/lib/python3.10/dist-packages/my_robot_interfaces/srv/__init__.py
[7.597s] -- Installing: /home/sudheer/ros2_ws/install/my_robot_interfaces/local/lib/python3.10/dist-packages/my_robot_interfaces/srv/_ciber_rato_server.py
[7.597s] -- Up-to-date: /home/sudheer/ros2_ws/install/my_robot_interfaces/local/lib/python3.10/dist-packages/my_robot_interfaces/srv/_server_s.c
[7.597s] -- Installing: /home/sudheer/ros2_ws/install/my_robot_interfaces/local/lib/python3.10/dist-packages/my_robot_interfaces/srv/_ciber_rato_server_s.c
[7.652s] Listing '/home/sudheer/ros2_ws/install/my_robot_interfaces/local/lib/python3.10/dist-packages/my_robot_interfaces'...
[7.653s] Compiling '/home/sudheer/ros2_ws/install/my_robot_interfaces/local/lib/python3.10/dist-packages/my_robot_interfaces/__init__.py'...
[7.653s] Listing '/home/sudheer/ros2_ws/install/my_robot_interfaces/local/lib/python3.10/dist-packages/my_robot_interfaces/msg'...
[7.653s] Compiling '/home/sudheer/ros2_ws/install/my_robot_interfaces/local/lib/python3.10/dist-packages/my_robot_interfaces/msg/__init__.py'...
[7.653s] Compiling '/home/sudheer/ros2_ws/install/my_robot_interfaces/local/lib/python3.10/dist-packages/my_robot_interfaces/msg/_robot_status.py'...
[7.653s] Listing '/home/sudheer/ros2_ws/install/my_robot_interfaces/local/lib/python3.10/dist-packages/my_robot_interfaces/srv'...
[7.653s] Compiling '/home/sudheer/ros2_ws/install/my_robot_interfaces/local/lib/python3.10/dist-packages/my_robot_interfaces/srv/__init__.py'...
[7.654s] Compiling '/home/sudheer/ros2_ws/install/my_robot_interfaces/local/lib/python3.10/dist-packages/my_robot_interfaces/srv/_ciber_rato_server.py'...
[7.660s] -- Installing: /home/sudheer/ros2_ws/install/my_robot_interfaces/local/lib/python3.10/dist-packages/my_robot_interfaces/my_robot_interfaces_s__rosidl_typesupport_fastrtps_c.cpython-310-x86_64-linux-gnu.so
[7.660s] -- Set runtime path of "/home/sudheer/ros2_ws/install/my_robot_interfaces/local/lib/python3.10/dist-packages/my_robot_interfaces/my_robot_interfaces_s__rosidl_typesupport_fastrtps_c.cpython-310-x86_64-linux-gnu.so" to ""
[7.661s] -- Installing: /home/sudheer/ros2_ws/install/my_robot_interfaces/local/lib/python3.10/dist-packages/my_robot_interfaces/my_robot_interfaces_s__rosidl_typesupport_introspection_c.cpython-310-x86_64-linux-gnu.so
[7.662s] -- Set runtime path of "/home/sudheer/ros2_ws/install/my_robot_interfaces/local/lib/python3.10/dist-packages/my_robot_interfaces/my_robot_interfaces_s__rosidl_typesupport_introspection_c.cpython-310-x86_64-linux-gnu.so" to ""
[7.662s] -- Installing: /home/sudheer/ros2_ws/install/my_robot_interfaces/local/lib/python3.10/dist-packages/my_robot_interfaces/my_robot_interfaces_s__rosidl_typesupport_c.cpython-310-x86_64-linux-gnu.so
[7.664s] -- Set runtime path of "/home/sudheer/ros2_ws/install/my_robot_interfaces/local/lib/python3.10/dist-packages/my_robot_interfaces/my_robot_interfaces_s__rosidl_typesupport_c.cpython-310-x86_64-linux-gnu.so" to ""
[7.664s] -- Installing: /home/sudheer/ros2_ws/install/my_robot_interfaces/lib/libmy_robot_interfaces__rosidl_generator_py.so
[7.665s] -- Set runtime path of "/home/sudheer/ros2_ws/install/my_robot_interfaces/lib/libmy_robot_interfaces__rosidl_generator_py.so" to ""
[7.666s] -- Installing: /home/sudheer/ros2_ws/install/my_robot_interfaces/share/my_robot_interfaces/msg/RobotStatus.idl
[7.666s] -- Up-to-date: /home/sudheer/ros2_ws/install/my_robot_interfaces/share/my_robot_interfaces/srv/CiberRatoServer.idl
[7.667s] -- Installing: /home/sudheer/ros2_ws/install/my_robot_interfaces/share/my_robot_interfaces/msg/RobotStatus.msg
[7.667s] -- Up-to-date: /home/sudheer/ros2_ws/install/my_robot_interfaces/share/my_robot_interfaces/srv/CiberRatoServer.srv
[7.668s] -- Up-to-date: /home/sudheer/ros2_ws/install/my_robot_interfaces/share/my_robot_interfaces/srv/CiberRatoServer_Request.msg
[7.668s] -- Up-to-date: /home/sudheer/ros2_ws/install/my_robot_interfaces/share/my_robot_interfaces/srv/CiberRatoServer_Response.msg
[7.668s] -- Up-to-date: /home/sudheer/ros2_ws/install/my_robot_interfaces/share/ament_index/resource_index/package_run_dependencies/my_robot_interfaces
[7.669s] -- Installing: /home/sudheer/ros2_ws/install/my_robot_interfaces/share/ament_index/resource_index/parent_prefix_path/my_robot_interfaces
[7.669s] -- Up-to-date: /home/sudheer/ros2_ws/install/my_robot_interfaces/share/my_robot_interfaces/environment/ament_prefix_path.sh
[7.669s] -- Installing: /home/sudheer/ros2_ws/install/my_robot_interfaces/share/my_robot_interfaces/environment/ament_prefix_path.dsv
[7.670s] -- Up-to-date: /home/sudheer/ros2_ws/install/my_robot_interfaces/share/my_robot_interfaces/environment/path.sh
[7.670s] -- Installing: /home/sudheer/ros2_ws/install/my_robot_interfaces/share/my_robot_interfaces/environment/path.dsv
[7.670s] -- Up-to-date: /home/sudheer/ros2_ws/install/my_robot_interfaces/share/my_robot_interfaces/local_setup.bash
[7.671s] -- Up-to-date: /home/sudheer/ros2_ws/install/my_robot_interfaces/share/my_robot_interfaces/local_setup.sh
[7.671s] -- Up-to-date: /home/sudheer/ros2_ws/install/my_robot_interfaces/share/my_robot_interfaces/local_setup.zsh
[7.672s] -- Installing: /home/sudheer/ros2_ws/install/my_robot_interfaces/share/my_robot_interfaces/local_setup.dsv
[7.672s] -- Installing: /home/sudheer/ros2_ws/install/my_robot_interfaces/share/my_robot_interfaces/package.dsv
[7.672s] -- Up-to-date: /home/sudheer/ros2_ws/install/my_robot_interfaces/share/ament_index/resource_index/packages/my_robot_interfaces
[7.673s] -- Up-to-date: /home/sudheer/ros2_ws/install/my_robot_interfaces/share/my_robot_interfaces/cmake/export_my_robot_interfaces__rosidl_generator_cExport.cmake
[7.673s] -- Up-to-date: /home/sudheer/ros2_ws/install/my_robot_interfaces/share/my_robot_interfaces/cmake/export_my_robot_interfaces__rosidl_generator_cExport-noconfig.cmake
[7.673s] -- Up-to-date: /home/sudheer/ros2_ws/install/my_robot_interfaces/share/my_robot_interfaces/cmake/export_my_robot_interfaces__rosidl_typesupport_fastrtps_cExport.cmake
[7.673s] -- Up-to-date: /home/sudheer/ros2_ws/install/my_robot_interfaces/share/my_robot_interfaces/cmake/export_my_robot_interfaces__rosidl_typesupport_fastrtps_cExport-noconfig.cmake
[7.674s] -- Up-to-date: /home/sudheer/ros2_ws/install/my_robot_interfaces/share/my_robot_interfaces/cmake/my_robot_interfaces__rosidl_typesupport_introspection_cExport.cmake
[7.674s] -- Up-to-date: /home/sudheer/ros2_ws/install/my_robot_interfaces/share/my_robot_interfaces/cmake/my_robot_interfaces__rosidl_typesupport_introspection_cExport-noconfig.cmake
[7.674s] -- Up-to-date: /home/sudheer/ros2_ws/install/my_robot_interfaces/share/my_robot_interfaces/cmake/my_robot_interfaces__rosidl_typesupport_cExport.cmake
[7.674s] -- Up-to-date: /home/sudheer/ros2_ws/install/my_robot_interfaces/share/my_robot_interfaces/cmake/my_robot_interfaces__rosidl_typesupport_cExport-noconfig.cmake
[7.675s] -- Up-to-date: /home/sudheer/ros2_ws/install/my_robot_interfaces/share/my_robot_interfaces/cmake/export_my_robot_interfaces__rosidl_generator_cppExport.cmake
[7.676s] -- Up-to-date: /home/sudheer/ros2_ws/install/my_robot_interfaces/share/my_robot_interfaces/cmake/export_my_robot_interfaces__rosidl_typesupport_fastrtps_cppExport.cmake
[7.676s] -- Up-to-date: /home/sudheer/ros2_ws/install/my_robot_interfaces/share/my_robot_interfaces/cmake/export_my_robot_interfaces__rosidl_typesupport_fastrtps_cppExport-noconfig.cmake
[7.679s] -- Up-to-date: /home/sudheer/ros2_ws/install/my_robot_interfaces/share/my_robot_interfaces/cmake/my_robot_interfaces__rosidl_typesupport_introspection_cppExport.cmake
[7.679s] -- Up-to-date: /home/sudheer/ros2_ws/install/my_robot_interfaces/share/my_robot_interfaces/cmake/my_robot_interfaces__rosidl_typesupport_introspection_cppExport-noconfig.cmake
[7.680s] -- Up-to-date: /home/sudheer/ros2_ws/install/my_robot_interfaces/share/my_robot_interfaces/cmake/my_robot_interfaces__rosidl_typesupport_cppExport.cmake
[7.680s] -- Up-to-date: /home/sudheer/ros2_ws/install/my_robot_interfaces/share/my_robot_interfaces/cmake/my_robot_interfaces__rosidl_typesupport_cppExport-noconfig.cmake
[7.680s] -- Up-to-date: /home/sudheer/ros2_ws/install/my_robot_interfaces/share/my_robot_interfaces/cmake/export_my_robot_interfaces__rosidl_generator_pyExport.cmake
[7.681s] -- Up-to-date: /home/sudheer/ros2_ws/install/my_robot_interfaces/share/my_robot_interfaces/cmake/export_my_robot_interfaces__rosidl_generator_pyExport-noconfig.cmake
[7.681s] -- Installing: /home/sudheer/ros2_ws/install/my_robot_interfaces/share/my_robot_interfaces/cmake/rosidl_cmake-extras.cmake
[7.681s] -- Up-to-date: /home/sudheer/ros2_ws/install/my_robot_interfaces/share/my_robot_interfaces/cmake/ament_cmake_export_include_directories-extras.cmake
[7.681s] -- Up-to-date: /home/sudheer/ros2_ws/install/my_robot_interfaces/share/my_robot_interfaces/cmake/ament_cmake_export_libraries-extras.cmake
[7.681s] -- Up-to-date: /home/sudheer/ros2_ws/install/my_robot_interfaces/share/my_robot_interfaces/cmake/ament_cmake_export_targets-extras.cmake
[7.681s] -- Up-to-date: /home/sudheer/ros2_ws/install/my_robot_interfaces/share/my_robot_interfaces/cmake/rosidl_cmake_export_typesupport_targets-extras.cmake
[7.682s] -- Up-to-date: /home/sudheer/ros2_ws/install/my_robot_interfaces/share/my_robot_interfaces/cmake/ament_cmake_export_dependencies-extras.cmake
[7.682s] -- Up-to-date: /home/sudheer/ros2_ws/install/my_robot_interfaces/share/my_robot_interfaces/cmake/rosidl_cmake_export_typesupport_libraries-extras.cmake
[7.682s] -- Up-to-date: /home/sudheer/ros2_ws/install/my_robot_interfaces/share/my_robot_interfaces/cmake/my_robot_interfacesConfig.cmake
[7.682s] -- Up-to-date: /home/sudheer/ros2_ws/install/my_robot_interfaces/share/my_robot_interfaces/cmake/my_robot_interfacesConfig-version.cmake
[7.682s] -- Up-to-date: /home/sudheer/ros2_ws/install/my_robot_interfaces/share/my_robot_interfaces/package.xml
[7.692s] Invoked command in '/home/sudheer/ros2_ws/build/my_robot_interfaces' returned '0': CMAKE_PREFIX_PATH=${CMAKE_PREFIX_PATH}:/home/sudheer/ros2_ws/install/my_py_pkg:/opt/ros/humble /usr/bin/cmake --install /home/sudheer/ros2_ws/build/my_robot_interfaces
