[0.884s] Invoking command in '/home/sudheer/ros2_ws/src/my_py_pkg': PYTHONPATH=/home/sudheer/ros2_ws/build/my_py_pkg/prefix_override:/home/sudheer/ros2_ws/install/my_py_pkg/lib/python3.10/site-packages:${PYTHONPATH} /usr/bin/python3 -W ignore:setup.py install is deprecated setup.py egg_info --egg-base ../../build/my_py_pkg build --build-base /home/sudheer/ros2_ws/build/my_py_pkg/build install --record /home/sudheer/ros2_ws/build/my_py_pkg/install.log --single-version-externally-managed install_data
[1.232s] running egg_info
[1.233s] writing ../../build/my_py_pkg/my_py_pkg.egg-info/PKG-INFO
[1.234s] writing dependency_links to ../../build/my_py_pkg/my_py_pkg.egg-info/dependency_links.txt
[1.235s] writing entry points to ../../build/my_py_pkg/my_py_pkg.egg-info/entry_points.txt
[1.235s] writing requirements to ../../build/my_py_pkg/my_py_pkg.egg-info/requires.txt
[1.235s] writing top-level names to ../../build/my_py_pkg/my_py_pkg.egg-info/top_level.txt
[1.237s] reading manifest file '../../build/my_py_pkg/my_py_pkg.egg-info/SOURCES.txt'
[1.238s] writing manifest file '../../build/my_py_pkg/my_py_pkg.egg-info/SOURCES.txt'
[1.238s] running build
[1.239s] running build_py
[1.239s] copying my_py_pkg/control_node.py -> /home/sudheer/ros2_ws/build/my_py_pkg/build/lib/my_py_pkg
[1.240s] copying my_py_pkg/robot_node.py -> /home/sudheer/ros2_ws/build/my_py_pkg/build/lib/my_py_pkg
[1.240s] running install
[1.242s] running install_lib
[1.244s] copying /home/sudheer/ros2_ws/build/my_py_pkg/build/lib/my_py_pkg/control_node.py -> /home/sudheer/ros2_ws/install/my_py_pkg/lib/python3.10/site-packages/my_py_pkg
[1.245s] copying /home/sudheer/ros2_ws/build/my_py_pkg/build/lib/my_py_pkg/robot_node.py -> /home/sudheer/ros2_ws/install/my_py_pkg/lib/python3.10/site-packages/my_py_pkg
[1.247s] byte-compiling /home/sudheer/ros2_ws/install/my_py_pkg/lib/python3.10/site-packages/my_py_pkg/control_node.py to control_node.cpython-310.pyc
[1.251s] byte-compiling /home/sudheer/ros2_ws/install/my_py_pkg/lib/python3.10/site-packages/my_py_pkg/robot_node.py to robot_node.cpython-310.pyc
[1.252s] running install_data
[1.253s] running install_egg_info
[1.255s] removing '/home/sudheer/ros2_ws/install/my_py_pkg/lib/python3.10/site-packages/my_py_pkg-0.0.0-py3.10.egg-info' (and everything under it)
[1.255s] Copying ../../build/my_py_pkg/my_py_pkg.egg-info to /home/sudheer/ros2_ws/install/my_py_pkg/lib/python3.10/site-packages/my_py_pkg-0.0.0-py3.10.egg-info
[1.257s] running install_scripts
[1.285s] Installing control_node script to /home/sudheer/ros2_ws/install/my_py_pkg/lib/my_py_pkg
[1.285s] Installing robot_node script to /home/sudheer/ros2_ws/install/my_py_pkg/lib/my_py_pkg
[1.286s] writing list of installed files to '/home/sudheer/ros2_ws/build/my_py_pkg/install.log'
[1.349s] Invoked command in '/home/sudheer/ros2_ws/src/my_py_pkg' returned '0': PYTHONPATH=/home/sudheer/ros2_ws/build/my_py_pkg/prefix_override:/home/sudheer/ros2_ws/install/my_py_pkg/lib/python3.10/site-packages:${PYTHONPATH} /usr/bin/python3 -W ignore:setup.py install is deprecated setup.py egg_info --egg-base ../../build/my_py_pkg build --build-base /home/sudheer/ros2_ws/build/my_py_pkg/build install --record /home/sudheer/ros2_ws/build/my_py_pkg/install.log --single-version-externally-managed install_data
