[0.940s] Invoking command in '/home/sudheer/ros2_ws/src/my_py_pkg': PYTHONPATH=/home/sudheer/ros2_ws/build/my_py_pkg/prefix_override:/home/sudheer/ros2_ws/install/my_py_pkg/lib/python3.10/site-packages:${PYTHONPATH} /usr/bin/python3 -W ignore:setup.py install is deprecated setup.py egg_info --egg-base ../../build/my_py_pkg build --build-base /home/sudheer/ros2_ws/build/my_py_pkg/build install --record /home/sudheer/ros2_ws/build/my_py_pkg/install.log --single-version-externally-managed install_data
[1.302s] running egg_info
[1.304s] writing ../../build/my_py_pkg/my_py_pkg.egg-info/PKG-INFO
[1.305s] writing dependency_links to ../../build/my_py_pkg/my_py_pkg.egg-info/dependency_links.txt
[1.306s] writing entry points to ../../build/my_py_pkg/my_py_pkg.egg-info/entry_points.txt
[1.306s] writing requirements to ../../build/my_py_pkg/my_py_pkg.egg-info/requires.txt
[1.307s] writing top-level names to ../../build/my_py_pkg/my_py_pkg.egg-info/top_level.txt
[1.309s] reading manifest file '../../build/my_py_pkg/my_py_pkg.egg-info/SOURCES.txt'
[1.310s] writing manifest file '../../build/my_py_pkg/my_py_pkg.egg-info/SOURCES.txt'
[1.311s] running build
[1.311s] running build_py
[1.311s] running install
[1.311s] running install_lib
[1.313s] running install_data
[1.314s] running install_egg_info
[1.316s] removing '/home/sudheer/ros2_ws/install/my_py_pkg/lib/python3.10/site-packages/my_py_pkg-0.0.0-py3.10.egg-info' (and everything under it)
[1.317s] Copying ../../build/my_py_pkg/my_py_pkg.egg-info to /home/sudheer/ros2_ws/install/my_py_pkg/lib/python3.10/site-packages/my_py_pkg-0.0.0-py3.10.egg-info
[1.318s] running install_scripts
[1.345s] Installing add_two_ints_client script to /home/sudheer/ros2_ws/install/my_py_pkg/lib/my_py_pkg
[1.367s] Installing add_two_ints_server script to /home/sudheer/ros2_ws/install/my_py_pkg/lib/my_py_pkg
[1.367s] Installing control_node script to /home/sudheer/ros2_ws/install/my_py_pkg/lib/my_py_pkg
[1.368s] Installing robot_node script to /home/sudheer/ros2_ws/install/my_py_pkg/lib/my_py_pkg
[1.368s] writing list of installed files to '/home/sudheer/ros2_ws/build/my_py_pkg/install.log'
[1.406s] Invoked command in '/home/sudheer/ros2_ws/src/my_py_pkg' returned '0': PYTHONPATH=/home/sudheer/ros2_ws/build/my_py_pkg/prefix_override:/home/sudheer/ros2_ws/install/my_py_pkg/lib/python3.10/site-packages:${PYTHONPATH} /usr/bin/python3 -W ignore:setup.py install is deprecated setup.py egg_info --egg-base ../../build/my_py_pkg build --build-base /home/sudheer/ros2_ws/build/my_py_pkg/build install --record /home/sudheer/ros2_ws/build/my_py_pkg/install.log --single-version-externally-managed install_data
