[1.064s] Invoking command in '/home/sudheer/ros2_ws/src/my_py_pkg': PYTHONPATH=/home/sudheer/ros2_ws/build/my_py_pkg/prefix_override:/home/sudheer/ros2_ws/install/my_py_pkg/lib/python3.10/site-packages:${PYTHONPATH} /usr/bin/python3 -W ignore:setup.py install is deprecated setup.py egg_info --egg-base ../../build/my_py_pkg build --build-base /home/sudheer/ros2_ws/build/my_py_pkg/build install --record /home/sudheer/ros2_ws/build/my_py_pkg/install.log --single-version-externally-managed install_data
[1.436s] running egg_info
[1.437s] writing ../../build/my_py_pkg/my_py_pkg.egg-info/PKG-INFO
[1.438s] writing dependency_links to ../../build/my_py_pkg/my_py_pkg.egg-info/dependency_links.txt
[1.438s] writing entry points to ../../build/my_py_pkg/my_py_pkg.egg-info/entry_points.txt
[1.438s] writing requirements to ../../build/my_py_pkg/my_py_pkg.egg-info/requires.txt
[1.439s] writing top-level names to ../../build/my_py_pkg/my_py_pkg.egg-info/top_level.txt
[1.441s] reading manifest file '../../build/my_py_pkg/my_py_pkg.egg-info/SOURCES.txt'
[1.442s] writing manifest file '../../build/my_py_pkg/my_py_pkg.egg-info/SOURCES.txt'
[1.443s] running build
[1.443s] running build_py
[1.444s] running install
[1.444s] running install_lib
[1.446s] running install_data
[1.446s] running install_egg_info
[1.448s] removing '/home/sudheer/ros2_ws/install/my_py_pkg/lib/python3.10/site-packages/my_py_pkg-0.0.0-py3.10.egg-info' (and everything under it)
[1.449s] Copying ../../build/my_py_pkg/my_py_pkg.egg-info to /home/sudheer/ros2_ws/install/my_py_pkg/lib/python3.10/site-packages/my_py_pkg-0.0.0-py3.10.egg-info
[1.450s] running install_scripts
[1.478s] Installing add_two_ints_client script to /home/sudheer/ros2_ws/install/my_py_pkg/lib/my_py_pkg
[1.479s] Installing add_two_ints_server script to /home/sudheer/ros2_ws/install/my_py_pkg/lib/my_py_pkg
[1.479s] Installing control_node script to /home/sudheer/ros2_ws/install/my_py_pkg/lib/my_py_pkg
[1.480s] Installing robot_node script to /home/sudheer/ros2_ws/install/my_py_pkg/lib/my_py_pkg
[1.480s] writing list of installed files to '/home/sudheer/ros2_ws/build/my_py_pkg/install.log'
[1.533s] Invoked command in '/home/sudheer/ros2_ws/src/my_py_pkg' returned '0': PYTHONPATH=/home/sudheer/ros2_ws/build/my_py_pkg/prefix_override:/home/sudheer/ros2_ws/install/my_py_pkg/lib/python3.10/site-packages:${PYTHONPATH} /usr/bin/python3 -W ignore:setup.py install is deprecated setup.py egg_info --egg-base ../../build/my_py_pkg build --build-base /home/sudheer/ros2_ws/build/my_py_pkg/build install --record /home/sudheer/ros2_ws/build/my_py_pkg/install.log --single-version-externally-managed install_data
