[0.016s] Invoking command in '/home/sudheer/ros2_ws/build/my_robot_interfaces': CMAKE_PREFIX_PATH=/home/sudheer/ros2_ws/install/my_py_pkg:/opt/ros/humble /usr/bin/cmake /home/sudheer/ros2_ws/src/my_robot_interfaces -DCMAKE_INSTALL_PREFIX=/home/sudheer/ros2_ws/install/my_robot_interfaces
[0.280s] -- The C compiler identification is GNU 11.4.0
[0.504s] -- The CXX compiler identification is GNU 11.4.0
[0.526s] -- Detecting C compiler ABI info
[0.660s] -- Detecting C compiler ABI info - done
[0.670s] -- Check for working C compiler: /usr/bin/cc - skipped
[0.672s] -- Detecting C compile features
[0.680s] -- Detecting C compile features - done
[0.689s] -- Detecting CXX compiler ABI info
[0.834s] -- Detecting CXX compiler ABI info - done
[0.848s] -- Check for working CXX compiler: /usr/bin/c++ - skipped
[0.848s] -- Detecting CXX compile features
[0.849s] -- Detecting CXX compile features - done
[0.861s] -- Found ament_cmake: 1.3.8 (/opt/ros/humble/share/ament_cmake/cmake)
[1.090s] -- Found Python3: /usr/bin/python3 (found version "3.10.12") found components: Interpreter 
[1.277s] -- Found rosidl_default_generators: 1.2.0 (/opt/ros/humble/share/rosidl_default_generators/cmake)
[1.298s] -- Using all available rosidl_typesupport_c: rosidl_typesupport_fastrtps_c;rosidl_typesupport_introspection_c
[1.319s] -- Found rosidl_adapter: 3.1.5 (/opt/ros/humble/share/rosidl_adapter/cmake)
[1.428s] -- Using all available rosidl_typesupport_cpp: rosidl_typesupport_fastrtps_cpp;rosidl_typesupport_introspection_cpp
[1.512s] [31mCMake Error at /opt/ros/humble/share/rosidl_cmake/cmake/rosidl_generate_interfaces.cmake:93 (message):
[1.513s]   rosidl_generate_interfaces() the passed file 'msg/HardwareStatus.msg'
[1.513s]   doesn't exist relative to the CMAKE_CURRENT_SOURCE_DIR
[1.513s]   '/home/sudheer/ros2_ws/src/my_robot_interfaces'
[1.513s] Call Stack (most recent call first):
[1.514s]   CMakeLists.txt:16 (rosidl_generate_interfaces)
[1.514s] 
[1.514s] [0m
[1.514s] -- Configuring incomplete, errors occurred!
[1.514s] See also "/home/sudheer/ros2_ws/build/my_robot_interfaces/CMakeFiles/CMakeOutput.log".
[1.520s] Invoked command in '/home/sudheer/ros2_ws/build/my_robot_interfaces' returned '1': CMAKE_PREFIX_PATH=/home/sudheer/ros2_ws/install/my_py_pkg:/opt/ros/humble /usr/bin/cmake /home/sudheer/ros2_ws/src/my_robot_interfaces -DCMAKE_INSTALL_PREFIX=/home/sudheer/ros2_ws/install/my_robot_interfaces
