[0.069s] Invoking command in '/home/sudheer/ros2_ws/build/my_robot_interfaces': CMAKE_PREFIX_PATH=${CMAKE_PREFIX_PATH}:/home/sudheer/ros2_ws/install/my_py_pkg:/opt/ros/humble /usr/bin/cmake --build /home/sudheer/ros2_ws/build/my_robot_interfaces -- -j4 -l4
[0.268s] -- Found ament_cmake: 1.3.8 (/opt/ros/humble/share/ament_cmake/cmake)
[0.892s] -- Found rosidl_default_generators: 1.2.0 (/opt/ros/humble/share/rosidl_default_generators/cmake)
[0.907s] -- Using all available rosidl_typesupport_c: rosidl_typesupport_fastrtps_c;rosidl_typesupport_introspection_c
[0.920s] -- Found rosidl_adapter: 3.1.5 (/opt/ros/humble/share/rosidl_adapter/cmake)
[1.068s] -- Using all available rosidl_typesupport_cpp: rosidl_typesupport_fastrtps_cpp;rosidl_typesupport_introspection_cpp
[1.803s] [31mCMake Error at /opt/ros/humble/share/rosidl_adapter/cmake/rosidl_adapt_interfaces.cmake:59 (message):
[1.803s]   execute_process(/usr/bin/python3 -m rosidl_adapter --package-name
[1.804s]   my_robot_interfaces --arguments-file
[1.804s]   /home/sudheer/ros2_ws/build/my_robot_interfaces/rosidl_adapter__arguments__my_robot_interfaces.json
[1.804s]   --output-dir
[1.804s]   /home/sudheer/ros2_ws/build/my_robot_interfaces/rosidl_adapter/my_robot_interfaces
[1.804s]   --output-file
[1.804s]   /home/sudheer/ros2_ws/build/my_robot_interfaces/rosidl_adapter/my_robot_interfaces.idls)
[1.804s]   returned error code 1:
[1.804s] 
[1.804s]   Error processing 'int ground' of
[1.805s]   'my_robot_interfaces/CiberRatoServer_Request': ''int' is an invalid message
[1.805s]   name.  It should have the pattern '^[A-Z][A-Za-z0-9]*$''
[1.805s] 
[1.805s]   Traceback (most recent call last):
[1.805s] 
[1.805s]     File "/usr/lib/python3.10/runpy.py", line 196, in _run_module_as_main
[1.805s]       return _run_code(code, main_globals, None,
[1.805s]     File "/usr/lib/python3.10/runpy.py", line 86, in _run_code
[1.805s]       exec(code, run_globals)
[1.806s]     File "/opt/ros/humble/local/lib/python3.10/dist-packages/rosidl_adapter/__main__.py", line 19, in <module>
[1.806s]       sys.exit(main())
[1.806s]     File "/opt/ros/humble/local/lib/python3.10/dist-packages/rosidl_adapter/main.py", line 53, in main
[1.806s]       abs_idl_file = convert_to_idl(
[1.806s]     File "/opt/ros/humble/local/lib/python3.10/dist-packages/rosidl_adapter/__init__.py", line 24, in convert_to_idl
[1.806s]       return convert_srv_to_idl(
[1.806s]     File "/opt/ros/humble/local/lib/python3.10/dist-packages/rosidl_adapter/srv/__init__.py", line 28, in convert_srv_to_idl
[1.806s]       srv = parse_service_string(package_name, input_file.stem, content)
[1.806s]     File "/opt/ros/humble/local/lib/python3.10/dist-packages/rosidl_adapter/parser.py", line 859, in parse_service_string
[1.806s]       request_message = parse_message_string(
[1.807s]     File "/opt/ros/humble/local/lib/python3.10/dist-packages/rosidl_adapter/parser.py", line 520, in parse_message_string
[1.807s]       Type(type_string, context_package_name=pkg_name),
[1.807s]     File "/opt/ros/humble/local/lib/python3.10/dist-packages/rosidl_adapter/parser.py", line 277, in __init__
[1.807s]       super(Type, self).__init__(
[1.807s]     File "/opt/ros/humble/local/lib/python3.10/dist-packages/rosidl_adapter/parser.py", line 205, in __init__
[1.807s]       raise InvalidResourceName(
[1.807s] 
[1.807s]   rosidl_adapter.parser.InvalidResourceName: 'int' is an invalid message
[1.807s]   name.  It should have the pattern '^[A-Z][A-Za-z0-9]*$'
[1.807s] 
[1.808s] Call Stack (most recent call first):
[1.808s]   /opt/ros/humble/share/rosidl_cmake/cmake/rosidl_generate_interfaces.cmake:130 (rosidl_adapt_interfaces)
[1.808s]   CMakeLists.txt:16 (rosidl_generate_interfaces)
[1.808s] 
[1.808s] [0m
[1.808s] -- Configuring incomplete, errors occurred!
[1.808s] See also "/home/sudheer/ros2_ws/build/my_robot_interfaces/CMakeFiles/CMakeOutput.log".
[1.820s] gmake: *** [Makefile:963: cmake_check_build_system] Error 1
[1.837s] Invoked command in '/home/sudheer/ros2_ws/build/my_robot_interfaces' returned '2': CMAKE_PREFIX_PATH=${CMAKE_PREFIX_PATH}:/home/sudheer/ros2_ws/install/my_py_pkg:/opt/ros/humble /usr/bin/cmake --build /home/sudheer/ros2_ws/build/my_robot_interfaces -- -j4 -l4
