[0.040s] Invoking command in '/home/sudheer/ros2_ws/build/my_robot_interfaces': CMAKE_PREFIX_PATH=${CMAKE_PREFIX_PATH}:/home/sudheer/ros2_ws/install/my_py_pkg:/opt/ros/humble /usr/bin/cmake --build /home/sudheer/ros2_ws/build/my_robot_interfaces -- -j4 -l4
[0.104s] -- Found ament_cmake: 1.3.8 (/opt/ros/humble/share/ament_cmake/cmake)
[0.435s] -- Found rosidl_default_generators: 1.2.0 (/opt/ros/humble/share/rosidl_default_generators/cmake)
[0.442s] -- Using all available rosidl_typesupport_c: rosidl_typesupport_fastrtps_c;rosidl_typesupport_introspection_c
[0.449s] -- Found rosidl_adapter: 3.1.5 (/opt/ros/humble/share/rosidl_adapter/cmake)
[0.520s] -- Using all available rosidl_typesupport_cpp: rosidl_typesupport_fastrtps_cpp;rosidl_typesupport_introspection_cpp
[1.210s] -- Found ament_cmake_ros: 0.10.0 (/opt/ros/humble/share/ament_cmake_ros/cmake)
[1.677s] -- Using all available rosidl_typesupport_c: rosidl_typesupport_fastrtps_c;rosidl_typesupport_introspection_c
[2.301s] -- Using all available rosidl_typesupport_cpp: rosidl_typesupport_fastrtps_cpp;rosidl_typesupport_introspection_cpp
[2.360s] -- Found python_cmake_module: 0.10.0 (/opt/ros/humble/share/python_cmake_module/cmake)
[2.415s] -- Using PYTHON_EXECUTABLE: /usr/bin/python3
[2.415s] -- Using PYTHON_INCLUDE_DIRS: /usr/include/python3.10
[2.415s] -- Using PYTHON_LIBRARIES: /usr/lib/x86_64-linux-gnu/libpython3.10.so
[2.500s] -- Configuring done
[2.701s] -- Generating done
[2.713s] -- Build files have been written to: /home/sudheer/ros2_ws/build/my_robot_interfaces
[2.784s] [  2%] [34m[1mGenerating C code for ROS interfaces[0m
[2.818s] [  5%] [34m[1mGenerating C++ code for ROS interfaces[0m
[2.888s] [  5%] Built target ament_cmake_python_copy_my_robot_interfaces
[3.744s] running egg_info
[3.744s] writing my_robot_interfaces.egg-info/PKG-INFO
[3.745s] writing dependency_links to my_robot_interfaces.egg-info/dependency_links.txt
[3.750s] writing top-level names to my_robot_interfaces.egg-info/top_level.txt
[3.759s] reading manifest file 'my_robot_interfaces.egg-info/SOURCES.txt'
[3.762s] writing manifest file 'my_robot_interfaces.egg-info/SOURCES.txt'
[3.885s] [  5%] Built target ament_cmake_python_build_my_robot_interfaces_egg
[3.981s] [  5%] Built target my_robot_interfaces__cpp
[4.055s] [  7%] [34m[1mGenerating C++ type support for eProsima Fast-RTPS[0m
[4.063s] [ 10%] [34m[1mGenerating C++ type support dispatch for ROS interfaces[0m
[4.066s] [ 12%] [34m[1mGenerating C++ introspection for ROS interfaces[0m
[4.087s] [35m[1mConsolidate compiler generated dependencies of target my_robot_interfaces__rosidl_generator_c[0m
[4.157s] [ 15%] [32mBuilding C object CMakeFiles/my_robot_interfaces__rosidl_generator_c.dir/rosidl_generator_c/my_robot_interfaces/msg/detail/hardwarestatus__functions.c.o[0m
[4.852s] [ 17%] [32mBuilding C object CMakeFiles/my_robot_interfaces__rosidl_generator_c.dir/rosidl_generator_c/my_robot_interfaces/srv/detail/ciber_rato_server__functions.c.o[0m
[4.898s] In file included from [01m[K/home/sudheer/ros2_ws/build/my_robot_interfaces/rosidl_generator_c/my_robot_interfaces/srv/detail/ciber_rato_server__functions.h:19[m[K,
[4.899s]                  from [01m[K/home/sudheer/ros2_ws/build/my_robot_interfaces/rosidl_generator_c/my_robot_interfaces/srv/detail/ciber_rato_server__functions.c:4[m[K:
[4.899s] [01m[K/home/sudheer/ros2_ws/build/my_robot_interfaces/rosidl_generator_c/my_robot_interfaces/srv/detail/ciber_rato_server__struct.h:52:10:[m[K [01;31m[Kfatal error: [m[Kmy_robot_interfaces/msg/detail/string__struct.h: No such file or directory
[4.900s]    52 | #include [01;31m[K"my_robot_interfaces/msg/detail/string__struct.h"[m[K
[4.900s]       |          [01;31m[K^~~~~~~~~~~~~~~~~~~~~~~~~~~~~~~~~~~~~~~~~~~~~~~~~[m[K
[4.900s] compilation terminated.
[4.903s] gmake[2]: *** [CMakeFiles/my_robot_interfaces__rosidl_generator_c.dir/build.make:135: CMakeFiles/my_robot_interfaces__rosidl_generator_c.dir/rosidl_generator_c/my_robot_interfaces/srv/detail/ciber_rato_server__functions.c.o] Error 1
[4.903s] gmake[1]: *** [CMakeFiles/Makefile2:213: CMakeFiles/my_robot_interfaces__rosidl_generator_c.dir/all] Error 2
[4.904s] gmake[1]: *** Waiting for unfinished jobs....
[5.111s] [35m[1mConsolidate compiler generated dependencies of target my_robot_interfaces__rosidl_typesupport_cpp[0m
[5.176s] [ 20%] [32mBuilding CXX object CMakeFiles/my_robot_interfaces__rosidl_typesupport_cpp.dir/rosidl_typesupport_cpp/my_robot_interfaces/msg/hardwarestatus__type_support.cpp.o[0m
[5.210s] [ 23%] [32mBuilding CXX object CMakeFiles/my_robot_interfaces__rosidl_typesupport_cpp.dir/rosidl_typesupport_cpp/my_robot_interfaces/srv/ciber_rato_server__type_support.cpp.o[0m
[5.243s] [35m[1mConsolidate compiler generated dependencies of target my_robot_interfaces__rosidl_typesupport_introspection_cpp[0m
[5.297s] [ 25%] [32mBuilding CXX object CMakeFiles/my_robot_interfaces__rosidl_typesupport_introspection_cpp.dir/rosidl_typesupport_introspection_cpp/my_robot_interfaces/msg/detail/hardwarestatus__type_support.cpp.o[0m
[5.407s] [35m[1mConsolidate compiler generated dependencies of target my_robot_interfaces__rosidl_typesupport_fastrtps_cpp[0m
[5.459s] [ 28%] [32mBuilding CXX object CMakeFiles/my_robot_interfaces__rosidl_typesupport_fastrtps_cpp.dir/rosidl_typesupport_fastrtps_cpp/my_robot_interfaces/msg/detail/dds_fastrtps/hardwarestatus__type_support.cpp.o[0m
[5.550s] In file included from [01m[K/home/sudheer/ros2_ws/build/my_robot_interfaces/rosidl_typesupport_cpp/my_robot_interfaces/srv/ciber_rato_server__type_support.cpp:7[m[K:
[5.550s] [01m[K/home/sudheer/ros2_ws/build/my_robot_interfaces/rosidl_generator_cpp/my_robot_interfaces/srv/detail/ciber_rato_server__struct.hpp:249:10:[m[K [01;31m[Kfatal error: [m[Kmy_robot_interfaces/msg/detail/string__struct.hpp: No such file or directory
[5.551s]   249 | #include [01;31m[K"my_robot_interfaces/msg/detail/string__struct.hpp"[m[K
[5.551s]       |          [01;31m[K^~~~~~~~~~~~~~~~~~~~~~~~~~~~~~~~~~~~~~~~~~~~~~~~~~~[m[K
[5.551s] compilation terminated.
[5.559s] gmake[2]: *** [CMakeFiles/my_robot_interfaces__rosidl_typesupport_cpp.dir/build.make:104: CMakeFiles/my_robot_interfaces__rosidl_typesupport_cpp.dir/rosidl_typesupport_cpp/my_robot_interfaces/srv/ciber_rato_server__type_support.cpp.o] Error 1
[5.559s] gmake[2]: *** Waiting for unfinished jobs....
[5.585s] [ 30%] [32mBuilding CXX object CMakeFiles/my_robot_interfaces__rosidl_typesupport_fastrtps_cpp.dir/rosidl_typesupport_fastrtps_cpp/my_robot_interfaces/srv/detail/dds_fastrtps/ciber_rato_server__type_support.cpp.o[0m
[5.778s] In file included from [01m[K/home/sudheer/ros2_ws/build/my_robot_interfaces/rosidl_typesupport_fastrtps_cpp/my_robot_interfaces/srv/detail/ciber_rato_server__rosidl_typesupport_fastrtps_cpp.hpp:11[m[K,
[5.780s]                  from [01m[K/home/sudheer/ros2_ws/build/my_robot_interfaces/rosidl_typesupport_fastrtps_cpp/my_robot_interfaces/srv/detail/dds_fastrtps/ciber_rato_server__type_support.cpp:4[m[K:
[5.781s] [01m[K/home/sudheer/ros2_ws/build/my_robot_interfaces/rosidl_generator_cpp/my_robot_interfaces/srv/detail/ciber_rato_server__struct.hpp:249:10:[m[K [01;31m[Kfatal error: [m[Kmy_robot_interfaces/msg/detail/string__struct.hpp: No such file or directory
[5.782s]   249 | #include [01;31m[K"my_robot_interfaces/msg/detail/string__struct.hpp"[m[K
[5.782s]       |          [01;31m[K^~~~~~~~~~~~~~~~~~~~~~~~~~~~~~~~~~~~~~~~~~~~~~~~~~~[m[K
[5.783s] compilation terminated.
[5.791s] gmake[2]: *** [CMakeFiles/my_robot_interfaces__rosidl_typesupport_fastrtps_cpp.dir/build.make:112: CMakeFiles/my_robot_interfaces__rosidl_typesupport_fastrtps_cpp.dir/rosidl_typesupport_fastrtps_cpp/my_robot_interfaces/srv/detail/dds_fastrtps/ciber_rato_server__type_support.cpp.o] Error 1
[5.791s] gmake[2]: *** Waiting for unfinished jobs....
[5.822s] [ 33%] [32mBuilding CXX object CMakeFiles/my_robot_interfaces__rosidl_typesupport_introspection_cpp.dir/rosidl_typesupport_introspection_cpp/my_robot_interfaces/srv/detail/ciber_rato_server__type_support.cpp.o[0m
[6.132s] In file included from [01m[K/home/sudheer/ros2_ws/build/my_robot_interfaces/rosidl_typesupport_introspection_cpp/my_robot_interfaces/srv/detail/ciber_rato_server__type_support.cpp:12[m[K:
[6.133s] [01m[K/home/sudheer/ros2_ws/build/my_robot_interfaces/rosidl_generator_cpp/my_robot_interfaces/srv/detail/ciber_rato_server__struct.hpp:249:10:[m[K [01;31m[Kfatal error: [m[Kmy_robot_interfaces/msg/detail/string__struct.hpp: No such file or directory
[6.134s]   249 | #include [01;31m[K"my_robot_interfaces/msg/detail/string__struct.hpp"[m[K
[6.135s]       |          [01;31m[K^~~~~~~~~~~~~~~~~~~~~~~~~~~~~~~~~~~~~~~~~~~~~~~~~~~[m[K
[6.136s] compilation terminated.
[6.145s] gmake[2]: *** [CMakeFiles/my_robot_interfaces__rosidl_typesupport_introspection_cpp.dir/build.make:112: CMakeFiles/my_robot_interfaces__rosidl_typesupport_introspection_cpp.dir/rosidl_typesupport_introspection_cpp/my_robot_interfaces/srv/detail/ciber_rato_server__type_support.cpp.o] Error 1
[6.146s] gmake[2]: *** Waiting for unfinished jobs....
[6.509s] gmake[1]: *** [CMakeFiles/Makefile2:395: CMakeFiles/my_robot_interfaces__rosidl_typesupport_cpp.dir/all] Error 2
[6.880s] gmake[1]: *** [CMakeFiles/Makefile2:369: CMakeFiles/my_robot_interfaces__rosidl_typesupport_introspection_cpp.dir/all] Error 2
[6.947s] gmake[1]: *** [CMakeFiles/Makefile2:343: CMakeFiles/my_robot_interfaces__rosidl_typesupport_fastrtps_cpp.dir/all] Error 2
[6.948s] gmake: *** [Makefile:146: all] Error 2
[6.958s] Invoked command in '/home/sudheer/ros2_ws/build/my_robot_interfaces' returned '2': CMAKE_PREFIX_PATH=${CMAKE_PREFIX_PATH}:/home/sudheer/ros2_ws/install/my_py_pkg:/opt/ros/humble /usr/bin/cmake --build /home/sudheer/ros2_ws/build/my_robot_interfaces -- -j4 -l4
